-------------------------------------------------------------------------------
Test set: Register
-------------------------------------------------------------------------------
Tests run: 2, Failures: 1, Errors: 0, Skipped: 0, Time elapsed: 2.823 s <<< FAILURE! - in Register
Register.As Admin I have be able to create new user with registered data  Time elapsed: 0.975 s  <<< FAILURE!
java.lang.AssertionError: 
1 expectation failed.
Expected status code <406> but was <201>.


