<?xml version="1.0" encoding="UTF-8"?>
<testsuite xmlns:xsi="http://www.w3.org/2001/XMLSchema-instance" xsi:noNamespaceSchemaLocation="https://maven.apache.org/surefire/maven-failsafe-plugin/xsd/failsafe-test-report-3.0.xsd" version="3.0" name="Register" time="2.823" tests="2" errors="0" skipped="0" failures="1">
  <properties>
[...]
</properties>
  <testcase name="As Admin I have be able to create new user with valid data" classname="Register" time="1.848">
    <system-out><![CDATA[17:47:01.288 [pool-2-thread-1] ERROR  - 
  _____   ___   ___   _____     ___     _     ___   _      ___   ___  
 |_   _| | __| / __| |_   _|   | __|   /_\   |_ _| | |    | __| |   \ 
   | |   | _|  \__ \   | |     | _|   / _ \   | |  | |__  | _|  | |) |
   |_|   |___| |___/   |_|     |_|   /_/ \_\ |___| |____| |___| |___/ 

As Admin I have be able to create new user with registered data
-----------------------------------------------------------------------

17:47:01.297 [pool-2-thread-1] DEBUG  - RELATED ISSUES: 

17:47:01.697 [pool-2-thread-1] ERROR  -     Test failed at step: Admin receive valid HTTP response code 406

17:47:01.700 [pool-2-thread-1] ERROR  -     1 expectation failed.Expected status code <406> but was <201>.



&amp#27;[31mFailed scenarios:&amp#27;[0m

file:///C:/Users/Ani/IdeaProjects/automationApi-Capstone/src/test/resources/features/admin/Register.feature:24 # As Admin I have be able to create new user with registered data



8
 Scenarios (
&amp#27;[31m1 failed&amp#27;[0m
, 
&amp#27;[32m7 passed&amp#27;[0m
)

37
 Steps (
&amp#27;[31m1 failed&amp#27;[0m
, 
&amp#27;[36m1 skipped&amp#27;[0m
, 
&amp#27;[32m35 passed&amp#27;[0m
)

0m
47.893s





java.lang.AssertionError: 1 expectation failed.
Expected status code <406> but was <201>.


	at java.base/jdk.internal.reflect.NativeConstructorAccessorImpl.newInstance0(Native Method)

	at java.base/jdk.internal.reflect.NativeConstructorAccessorImpl.newInstance(NativeConstructorAccessorImpl.java:77)

	at java.base/jdk.internal.reflect.DelegatingConstructorAccessorImpl.newInstance(DelegatingConstructorAccessorImpl.java:45)

	at java.base/java.lang.reflect.Constructor.newInstanceWithCaller(Constructor.java:499)

	at java.base/java.lang.reflect.Constructor.newInstance(Constructor.java:480)

	at org.codehaus.groovy.reflection.CachedConstructor.invoke(CachedConstructor.java:72)

	at org.codehaus.groovy.runtime.callsite.ConstructorSite$ConstructorSiteNoUnwrapNoCoerce.callConstructor(ConstructorSite.java:105)

	at org.codehaus.groovy.runtime.callsite.CallSiteArray.defaultCallConstructor(CallSiteArray.java:59)

	at org.codehaus.groovy.runtime.callsite.AbstractCallSite.callConstructor(AbstractCallSite.java:263)

	at org.codehaus.groovy.runtime.callsite.AbstractCallSite.callConstructor(AbstractCallSite.java:277)

	at io.restassured.internal.ResponseSpecificationImpl$HamcrestAssertionClosure.validate(ResponseSpecificationImpl.groovy:493)

	at io.restassured.internal.ResponseSpecificationImpl$HamcrestAssertionClosure$validate$1.call(Unknown Source)

	at io.restassured.internal.ResponseSpecificationImpl.validateResponseIfRequired(ResponseSpecificationImpl.groovy:674)

	at java.base/jdk.internal.reflect.NativeMethodAccessorImpl.invoke0(Native Method)

	at java.base/jdk.internal.reflect.NativeMethodAccessorImpl.invoke(NativeMethodAccessorImpl.java:77)

	at java.base/jdk.internal.reflect.DelegatingMethodAccessorImpl.invoke(DelegatingMethodAccessorImpl.java:43)

	at java.base/java.lang.reflect.Method.invoke(Method.java:568)

	at org.codehaus.groovy.runtime.callsite.PlainObjectMetaMethodSite.doInvoke(PlainObjectMetaMethodSite.java:43)

	at org.codehaus.groovy.runtime.callsite.PogoMetaMethodSite$PogoCachedMethodSiteNoUnwrapNoCoerce.invoke(PogoMetaMethodSite.java:193)

	at org.codehaus.groovy.runtime.callsite.PogoMetaMethodSite.callCurrent(PogoMetaMethodSite.java:61)

	at org.codehaus.groovy.runtime.callsite.AbstractCallSite.callCurrent(AbstractCallSite.java:185)

	at io.restassured.internal.ResponseSpecificationImpl.statusCode(ResponseSpecificationImpl.groovy:126)

	at io.restassured.specification.ResponseSpecification$statusCode$0.callCurrent(Unknown Source)

	at io.restassured.internal.ResponseSpecificationImpl.statusCode(ResponseSpecificationImpl.groovy:134)

	at io.restassured.internal.ValidatableResponseOptionsImpl.statusCode(ValidatableResponseOptionsImpl.java:89)

	at io.restassured.internal.ValidatableResponseImpl.super$2$statusCode(ValidatableResponseImpl.groovy)

	at java.base/jdk.internal.reflect.NativeMethodAccessorImpl.invoke0(Native Method)

	at java.base/jdk.internal.reflect.NativeMethodAccessorImpl.invoke(NativeMethodAccessorImpl.java:77)

	at java.base/jdk.internal.reflect.DelegatingMethodAccessorImpl.invoke(DelegatingMethodAccessorImpl.java:43)

	at java.base/java.lang.reflect.Method.invoke(Method.java:568)

	at org.codehaus.groovy.reflection.CachedMethod.invoke(CachedMethod.java:107)

	at groovy.lang.MetaMethod.doMethodInvoke(MetaMethod.java:323)

	at groovy.lang.MetaClassImpl.invokeMethod(MetaClassImpl.java:1267)

	at org.codehaus.groovy.runtime.ScriptBytecodeAdapter.invokeMethodOnSuperN(ScriptBytecodeAdapter.java:144)

	at io.restassured.internal.ValidatableResponseImpl.statusCode(ValidatableResponseImpl.groovy:142)

	at io.restassured.internal.ValidatableResponseImpl.statusCode(ValidatableResponseImpl.groovy)

	at automationApi.Capstone@1.0-SNAPSHOT/starter.register.Post.lambda$adminReceveiveCode406$1(Post.java:62)

	at net.serenitybdd.rest.SerenityRest.restAssuredThat(SerenityRest.java:626)

	at automationApi.Capstone@1.0-SNAPSHOT/starter.register.Post.adminReceveiveCode406(Post.java:62)

	at automationApi.Capstone@1.0-SNAPSHOT/starter.register.Post$ByteBuddy$odaLReSM.adminReceveiveCode406$accessor$VA2GuFVI(Unknown Source)

	at java.base/jdk.internal.reflect.NativeMethodAccessorImpl.invoke0(Native Method)

	at java.base/jdk.internal.reflect.NativeMethodAccessorImpl.invoke(NativeMethodAccessorImpl.java:77)

	at java.base/jdk.internal.reflect.DelegatingMethodAccessorImpl.invoke(DelegatingMethodAccessorImpl.java:43)

	at java.base/java.lang.reflect.Method.invoke(Method.java:568)

	at net.thucydides.core.steps.StepInterceptor.invokeMethod(StepInterceptor.java:492)

	at net.thucydides.core.steps.StepInterceptor.executeTestStepMethod(StepInterceptor.java:472)

	at net.thucydides.core.steps.StepInterceptor.runTestStep(StepInterceptor.java:445)

	at net.thucydides.core.steps.StepInterceptor.runOrSkipMethod(StepInterceptor.java:201)

	at net.thucydides.core.steps.StepInterceptor.testStepResult(StepInterceptor.java:188)

	at net.thucydides.core.steps.StepInterceptor.intercept(StepInterceptor.java:76)

	at net.thucydides.core.steps.ProxyConfiguration$InterceptorDispatcher.intercept(ProxyConfiguration.java:51)

	at automationApi.Capstone@1.0-SNAPSHOT/starter.register.Post$ByteBuddy$odaLReSM.adminReceveiveCode406(Unknown Source)

	at automationApi.Capstone@1.0-SNAPSHOT/starter.stepdefinitions.admin.RegisterSteps.adminReceiveValidHTTPResponseCode(RegisterSteps.java:40)

	at ?.Admin receive valid HTTP response code 406(file:///C:/Users/Ani/IdeaProjects/automationApi-Capstone/src/test/resources/features/admin/Register.feature:26)





17:47:04.399 [pool-2-thread-1] DEBUG net.thucydides.core.reports.ReportService - Reporting formats: [JSON, HTML]

17:47:05.142 [pool-2-thread-1] DEBUG net.thucydides.core.reports.ReportService - Reporting formats: [JSON, HTML]

17:47:05.228 [pool-2-thread-1] DEBUG net.thucydides.core.reports.ReportService - Generating reports for 8 test outcomes using: net.thucydides.core.reports.json.JSONTestOutcomeReporter@489f7f5c

17:47:05.234 [pool-2-thread-1] DEBUG net.thucydides.core.reports.ReportService - Processing test outcome Get User:As admin I want to Get User By Id

17:47:05.234 [pool-2-thread-1] INFO net.thucydides.core.reports.ReportService - net.thucydides.core.reports.json.JSONTestOutcomeReporter@489f7f5c: Generating report for test outcome: Get User:As admin I want to Get User By Id

17:47:05.281 [pool-2-thread-2] DEBUG net.thucydides.core.reports.ReportService - Processing test outcome Invoice:As Admin I want to upload file csv for Invoice

17:47:05.281 [pool-2-thread-2] INFO net.thucydides.core.reports.ReportService - net.thucydides.core.reports.json.JSONTestOutcomeReporter@489f7f5c: Generating report for test outcome: Invoice:As Admin I want to upload file csv for Invoice

17:47:05.290 [pool-2-thread-1] DEBUG net.thucydides.core.reports.json.JSONTestOutcomeReporter - Generating JSON report for As admin I want to Get User By Id to file C:\Users\Ani\IdeaProjects\automationApi-Capstone\target\site\serenity\e381dc2ff72e2f5521a2f8e78f055f0b9dcbab9452aa84324013262e0e23a3fe.json (using temp file C:\Users\Ani\IdeaProjects\automationApi-Capstone\target\site\serenity\e381dc2ff72e2f5521a2f8e78f055f0b9dcbab9452aa84324013262e0e23a3fe.json81d9ae37-9f94-49fa-bb6b-4f6b13c1d914)

17:47:05.296 [pool-2-thread-2] DEBUG net.thucydides.core.reports.json.JSONTestOutcomeReporter - Generating JSON report for As Admin I want to upload file csv for Invoice to file C:\Users\Ani\IdeaProjects\automationApi-Capstone\target\site\serenity\6d0a27db195009d73b5be9571c1919f42cb2c584bdcd758180a451b1ad8a1c42.json (using temp file C:\Users\Ani\IdeaProjects\automationApi-Capstone\target\site\serenity\6d0a27db195009d73b5be9571c1919f42cb2c584bdcd758180a451b1ad8a1c42.json5d5b3adb-074f-44ea-b541-7c8daf0cc153)

17:47:05.669 [pool-2-thread-2] DEBUG net.thucydides.core.reports.ReportService - Processing test outcome Invoice:As Admin I want to upload file csv for Invoice done

17:47:05.670 [pool-2-thread-2] DEBUG net.thucydides.core.reports.ReportService - Processing test outcome Invoice:As admin I want to Get All Invoice

17:47:05.671 [pool-2-thread-2] INFO net.thucydides.core.reports.ReportService - net.thucydides.core.reports.json.JSONTestOutcomeReporter@489f7f5c: Generating report for test outcome: Invoice:As admin I want to Get All Invoice

17:47:05.704 [pool-2-thread-1] DEBUG net.thucydides.core.reports.ReportService - Processing test outcome Get User:As admin I want to Get User By Id done

17:47:05.705 [pool-2-thread-1] DEBUG net.thucydides.core.reports.ReportService - Processing test outcome Invoice:As admin I want to Get Invoice by Id

17:47:05.705 [pool-2-thread-1] INFO net.thucydides.core.reports.ReportService - net.thucydides.core.reports.json.JSONTestOutcomeReporter@489f7f5c: Generating report for test outcome: Invoice:As admin I want to Get Invoice by Id

17:47:05.709 [pool-2-thread-2] DEBUG net.thucydides.core.reports.json.JSONTestOutcomeReporter - Generating JSON report for As admin I want to Get All Invoice to file C:\Users\Ani\IdeaProjects\automationApi-Capstone\target\site\serenity\0fe06f8c021e438ac4e5fbcdb9e9d944ceee3f546cf1c79b585c840d9664b944.json (using temp file C:\Users\Ani\IdeaProjects\automationApi-Capstone\target\site\serenity\0fe06f8c021e438ac4e5fbcdb9e9d944ceee3f546cf1c79b585c840d9664b944.json179d4a31-dd7c-40aa-92d4-f909a8ef617c)

17:47:05.715 [pool-2-thread-1] DEBUG net.thucydides.core.reports.json.JSONTestOutcomeReporter - Generating JSON report for As admin I want to Get Invoice by Id to file C:\Users\Ani\IdeaProjects\automationApi-Capstone\target\site\serenity\155fb6c318cbe1e3eaa525b6b42600cdd53472097efad45e0d6c94ec34e456a3.json (using temp file C:\Users\Ani\IdeaProjects\automationApi-Capstone\target\site\serenity\155fb6c318cbe1e3eaa525b6b42600cdd53472097efad45e0d6c94ec34e456a3.json34cc2065-3991-4b24-979f-427fe3f421d5)

17:47:05.797 [pool-2-thread-1] DEBUG net.thucydides.core.reports.ReportService - Processing test outcome Invoice:As admin I want to Get Invoice by Id done

17:47:05.798 [pool-2-thread-1] DEBUG net.thucydides.core.reports.ReportService - Processing test outcome Login:POST - As admin I want to login with valid idpegawai and password

17:47:05.798 [pool-2-thread-1] INFO net.thucydides.core.reports.ReportService - net.thucydides.core.reports.json.JSONTestOutcomeReporter@489f7f5c: Generating report for test outcome: Login:POST - As admin I want to login with valid idpegawai and password

17:47:05.807 [pool-2-thread-2] DEBUG net.thucydides.core.reports.ReportService - Processing test outcome Invoice:As admin I want to Get All Invoice done

17:47:05.807 [pool-2-thread-2] DEBUG net.thucydides.core.reports.ReportService - Processing test outcome Register:As Admin I have be able to create new user with valid data

17:47:05.808 [pool-2-thread-2] INFO net.thucydides.core.reports.ReportService - net.thucydides.core.reports.json.JSONTestOutcomeReporter@489f7f5c: Generating report for test outcome: Register:As Admin I have be able to create new user with valid data

17:47:05.810 [pool-2-thread-1] DEBUG net.thucydides.core.reports.json.JSONTestOutcomeReporter - Generating JSON report for POST - As admin I want to login with valid idpegawai and password to file C:\Users\Ani\IdeaProjects\automationApi-Capstone\target\site\serenity\09103872fd0d475ab66f7ae176bea73b33e948f72819db451e583f8b8ec07a20.json (using temp file C:\Users\Ani\IdeaProjects\automationApi-Capstone\target\site\serenity\09103872fd0d475ab66f7ae176bea73b33e948f72819db451e583f8b8ec07a20.json417a8b95-9699-4717-9808-b31f516eb2a7)

17:47:05.811 [pool-2-thread-2] DEBUG net.thucydides.core.reports.json.JSONTestOutcomeReporter - Generating JSON report for As Admin I have be able to create new user with valid data to file C:\Users\Ani\IdeaProjects\automationApi-Capstone\target\site\serenity\e1435c1e98494d7ef7efea9b3ac077cec6e0952bf6fb280822c3ace2dba78966.json (using temp file C:\Users\Ani\IdeaProjects\automationApi-Capstone\target\site\serenity\e1435c1e98494d7ef7efea9b3ac077cec6e0952bf6fb280822c3ace2dba78966.jsondff05e40-4175-49c9-b04f-f929597ab4b6)

17:47:05.856 [pool-2-thread-1] DEBUG net.thucydides.core.reports.ReportService - Processing test outcome Login:POST - As admin I want to login with valid idpegawai and password done

17:47:05.856 [pool-2-thread-1] DEBUG net.thucydides.core.reports.ReportService - Processing test outcome Register:As Admin I have be able to create new user with registered data

17:47:05.856 [pool-2-thread-1] INFO net.thucydides.core.reports.ReportService - net.thucydides.core.reports.json.JSONTestOutcomeReporter@489f7f5c: Generating report for test outcome: Register:As Admin I have be able to create new user with registered data

17:47:05.860 [pool-2-thread-1] DEBUG net.thucydides.core.reports.json.JSONTestOutcomeReporter - Generating JSON report for As Admin I have be able to create new user with registered data to file C:\Users\Ani\IdeaProjects\automationApi-Capstone\target\site\serenity\9fdd5487b62768cae43401927bd6118f15646d8e311adc3e7b87ddf3fd9e1b24.json (using temp file C:\Users\Ani\IdeaProjects\automationApi-Capstone\target\site\serenity\9fdd5487b62768cae43401927bd6118f15646d8e311adc3e7b87ddf3fd9e1b24.json599b22a3-6a76-44a4-af32-c3b5a0e7a226)

17:47:05.911 [pool-2-thread-2] DEBUG net.thucydides.core.reports.ReportService - Processing test outcome Register:As Admin I have be able to create new user with valid data done

17:47:05.911 [pool-2-thread-2] DEBUG net.thucydides.core.reports.ReportService - Processing test outcome Send Email Customer:As admin I want to send Email to Customer

17:47:05.912 [pool-2-thread-2] INFO net.thucydides.core.reports.ReportService - net.thucydides.core.reports.json.JSONTestOutcomeReporter@489f7f5c: Generating report for test outcome: Send Email Customer:As admin I want to send Email to Customer

17:47:05.927 [pool-2-thread-2] DEBUG net.thucydides.core.reports.json.JSONTestOutcomeReporter - Generating JSON report for As admin I want to send Email to Customer to file C:\Users\Ani\IdeaProjects\automationApi-Capstone\target\site\serenity\7ba310faa42ca3522e0442bc4227c841f2a03e995062ae153d4617e669993f1b.json (using temp file C:\Users\Ani\IdeaProjects\automationApi-Capstone\target\site\serenity\7ba310faa42ca3522e0442bc4227c841f2a03e995062ae153d4617e669993f1b.json3b658a3e-1ff2-497f-8fdf-02ab0232baf9)

17:47:05.964 [pool-2-thread-1] DEBUG net.thucydides.core.reports.ReportService - Processing test outcome Register:As Admin I have be able to create new user with registered data done

17:47:05.967 [pool-2-thread-2] DEBUG net.thucydides.core.reports.ReportService - Processing test outcome Send Email Customer:As admin I want to send Email to Customer done

17:47:05.968 [pool-2-thread-1] DEBUG net.thucydides.core.reports.ReportService - Shutting down executor service

17:47:05.968 [pool-2-thread-1] DEBUG net.thucydides.core.reports.ReportService - Reports generated in: 739 ms

17:47:05.968 [pool-2-thread-1] DEBUG net.thucydides.core.reports.ReportService - Generating reports for 8 test outcomes using: net.thucydides.core.reports.html.HtmlAcceptanceTestReporter@3721318d

17:47:05.977 [pool-3-thread-1] DEBUG net.thucydides.core.reports.ReportService - Processing test outcome Get User:As admin I want to Get User By Id

17:47:05.977 [pool-3-thread-1] INFO net.thucydides.core.reports.ReportService - net.thucydides.core.reports.html.HtmlAcceptanceTestReporter@3721318d: Generating report for test outcome: Get User:As admin I want to Get User By Id

17:47:05.997 [pool-3-thread-2] DEBUG net.thucydides.core.reports.ReportService - Processing test outcome Invoice:As Admin I want to upload file csv for Invoice

17:47:05.997 [pool-3-thread-2] INFO net.thucydides.core.reports.ReportService - net.thucydides.core.reports.html.HtmlAcceptanceTestReporter@3721318d: Generating report for test outcome: Invoice:As Admin I want to upload file csv for Invoice

17:47:06.308 [pool-3-thread-2] DEBUG net.thucydides.core.requirements.model.cucumber.CucumberParser - Added feature Get User

17:47:06.448 [pool-3-thread-1] DEBUG net.thucydides.core.requirements.model.cucumber.CucumberParser - Added feature Get User

17:47:06.551 [pool-3-thread-2] DEBUG net.thucydides.core.requirements.model.cucumber.CucumberParser - Added feature Invoice

17:47:06.586 [pool-3-thread-1] DEBUG net.thucydides.core.requirements.model.cucumber.CucumberParser - Added feature Invoice

17:47:06.619 [pool-3-thread-2] DEBUG net.thucydides.core.requirements.model.cucumber.CucumberParser - Added feature Login

17:47:06.670 [pool-3-thread-2] DEBUG net.thucydides.core.requirements.model.cucumber.CucumberParser - Added feature Register

17:47:06.720 [pool-3-thread-2] DEBUG net.thucydides.core.requirements.model.cucumber.CucumberParser - Added feature Send Email Customer

17:47:06.758 [pool-3-thread-2] DEBUG net.thucydides.core.requirements.BaseRequirementsService - Requirement found for test outcome As Admin I want to upload file csv for Invoice-[]: Optional[Requirement{name='Invoice', type='feature' parent = 'Admin', cardNumber='null'}]

17:47:06.775 [pool-3-thread-2] DEBUG net.thucydides.core.requirements.BaseRequirementsService - Requirement found for test outcome As Admin I want to upload file csv for Invoice-[]: Optional[Requirement{name='Invoice', type='feature' parent = 'Admin', cardNumber='null'}]

17:47:06.806 [pool-3-thread-1] DEBUG net.thucydides.core.requirements.model.cucumber.CucumberParser - Added feature Login

17:47:06.867 [pool-3-thread-1] DEBUG net.thucydides.core.requirements.model.cucumber.CucumberParser - Added feature Register

17:47:06.924 [pool-3-thread-1] DEBUG net.thucydides.core.requirements.model.cucumber.CucumberParser - Added feature Send Email Customer

17:47:06.995 [pool-3-thread-1] DEBUG net.thucydides.core.requirements.BaseRequirementsService - Requirement found for test outcome As admin I want to Get User By Id-[]: Optional[Requirement{name='Get User', type='feature' parent = 'Admin', cardNumber='null'}]

17:47:07.008 [pool-3-thread-1] DEBUG net.thucydides.core.requirements.BaseRequirementsService - Requirement found for test outcome As admin I want to Get User By Id-[]: Optional[Requirement{name='Get User', type='feature' parent = 'Admin', cardNumber='null'}]

17:47:07.424 [pool-3-thread-1] DEBUG serenity.reporting - Generating report in e381dc2ff72e2f5521a2f8e78f055f0b9dcbab9452aa84324013262e0e23a3fe.html

17:47:11.264 [pool-3-thread-1] DEBUG serenity.reporting - Generated report e381dc2ff72e2f5521a2f8e78f055f0b9dcbab9452aa84324013262e0e23a3fe.html in 3840 ms

17:47:11.266 [pool-3-thread-1] DEBUG net.thucydides.core.reports.ReportService - Processing test outcome Get User:As admin I want to Get User By Id done

17:47:11.266 [pool-3-thread-1] DEBUG net.thucydides.core.reports.ReportService - Processing test outcome Invoice:As admin I want to Get All Invoice

17:47:11.267 [pool-3-thread-1] INFO net.thucydides.core.reports.ReportService - net.thucydides.core.reports.html.HtmlAcceptanceTestReporter@3721318d: Generating report for test outcome: Invoice:As admin I want to Get All Invoice

17:47:11.281 [pool-3-thread-1] DEBUG net.thucydides.core.requirements.BaseRequirementsService - Requirement found for test outcome As admin I want to Get All Invoice-[]: Optional[Requirement{name='Invoice', type='feature' parent = 'Admin', cardNumber='null'}]

17:47:11.289 [pool-3-thread-1] DEBUG net.thucydides.core.requirements.BaseRequirementsService - Requirement found for test outcome As admin I want to Get All Invoice-[]: Optional[Requirement{name='Invoice', type='feature' parent = 'Admin', cardNumber='null'}]

17:47:11.297 [pool-3-thread-1] DEBUG serenity.reporting - Generating report in 0fe06f8c021e438ac4e5fbcdb9e9d944ceee3f546cf1c79b585c840d9664b944.html

17:47:11.612 [pool-3-thread-1] DEBUG serenity.reporting - Generated report 0fe06f8c021e438ac4e5fbcdb9e9d944ceee3f546cf1c79b585c840d9664b944.html in 315 ms

17:47:11.613 [pool-3-thread-1] DEBUG net.thucydides.core.reports.ReportService - Processing test outcome Invoice:As admin I want to Get All Invoice done

17:47:11.613 [pool-3-thread-1] DEBUG net.thucydides.core.reports.ReportService - Processing test outcome Invoice:As admin I want to Get Invoice by Id

17:47:11.613 [pool-3-thread-1] INFO net.thucydides.core.reports.ReportService - net.thucydides.core.reports.html.HtmlAcceptanceTestReporter@3721318d: Generating report for test outcome: Invoice:As admin I want to Get Invoice by Id

17:47:11.625 [pool-3-thread-1] DEBUG net.thucydides.core.requirements.BaseRequirementsService - Requirement found for test outcome As admin I want to Get Invoice by Id-[]: Optional[Requirement{name='Invoice', type='feature' parent = 'Admin', cardNumber='null'}]

17:47:11.629 [pool-3-thread-1] DEBUG net.thucydides.core.requirements.BaseRequirementsService - Requirement found for test outcome As admin I want to Get Invoice by Id-[]: Optional[Requirement{name='Invoice', type='feature' parent = 'Admin', cardNumber='null'}]

17:47:11.654 [pool-3-thread-1] DEBUG serenity.reporting - Generating report in 155fb6c318cbe1e3eaa525b6b42600cdd53472097efad45e0d6c94ec34e456a3.html

17:47:11.913 [pool-3-thread-1] DEBUG serenity.reporting - Generated report 155fb6c318cbe1e3eaa525b6b42600cdd53472097efad45e0d6c94ec34e456a3.html in 259 ms

17:47:11.914 [pool-3-thread-1] DEBUG net.thucydides.core.reports.ReportService - Processing test outcome Invoice:As admin I want to Get Invoice by Id done

17:47:11.914 [pool-3-thread-1] DEBUG net.thucydides.core.reports.ReportService - Processing test outcome Login:POST - As admin I want to login with valid idpegawai and password

17:47:11.914 [pool-3-thread-1] INFO net.thucydides.core.reports.ReportService - net.thucydides.core.reports.html.HtmlAcceptanceTestReporter@3721318d: Generating report for test outcome: Login:POST - As admin I want to login with valid idpegawai and password

17:47:11.935 [pool-3-thread-1] DEBUG net.thucydides.core.requirements.BaseRequirementsService - Requirement found for test outcome POST - As admin I want to login with valid idpegawai and password-[]: Optional[Requirement{name='Login', type='feature' parent = 'Admin', cardNumber='null'}]

17:47:11.939 [pool-3-thread-1] DEBUG net.thucydides.core.requirements.BaseRequirementsService - Requirement found for test outcome POST - As admin I want to login with valid idpegawai and password-[]: Optional[Requirement{name='Login', type='feature' parent = 'Admin', cardNumber='null'}]

17:47:11.947 [pool-3-thread-1] DEBUG serenity.reporting - Generating report in 09103872fd0d475ab66f7ae176bea73b33e948f72819db451e583f8b8ec07a20.html

17:47:12.117 [pool-3-thread-1] DEBUG serenity.reporting - Generated report 09103872fd0d475ab66f7ae176bea73b33e948f72819db451e583f8b8ec07a20.html in 170 ms

17:47:12.117 [pool-3-thread-1] DEBUG net.thucydides.core.reports.ReportService - Processing test outcome Login:POST - As admin I want to login with valid idpegawai and password done

17:47:12.117 [pool-3-thread-1] DEBUG net.thucydides.core.reports.ReportService - Processing test outcome Register:As Admin I have be able to create new user with valid data

17:47:12.118 [pool-3-thread-1] INFO net.thucydides.core.reports.ReportService - net.thucydides.core.reports.html.HtmlAcceptanceTestReporter@3721318d: Generating report for test outcome: Register:As Admin I have be able to create new user with valid data

17:47:12.143 [pool-3-thread-1] DEBUG net.thucydides.core.requirements.BaseRequirementsService - Requirement found for test outcome As Admin I have be able to create new user with valid data-[]: Optional[Requirement{name='Register', type='feature' parent = 'Admin', cardNumber='null'}]

17:47:12.149 [pool-3-thread-1] DEBUG net.thucydides.core.requirements.BaseRequirementsService - Requirement found for test outcome As Admin I have be able to create new user with valid data-[]: Optional[Requirement{name='Register', type='feature' parent = 'Admin', cardNumber='null'}]

17:47:12.172 [pool-3-thread-1] DEBUG serenity.reporting - Generating report in e1435c1e98494d7ef7efea9b3ac077cec6e0952bf6fb280822c3ace2dba78966.html

17:47:12.363 [pool-3-thread-1] DEBUG serenity.reporting - Generated report e1435c1e98494d7ef7efea9b3ac077cec6e0952bf6fb280822c3ace2dba78966.html in 191 ms

17:47:12.363 [pool-3-thread-1] DEBUG net.thucydides.core.reports.ReportService - Processing test outcome Register:As Admin I have be able to create new user with valid data done

17:47:12.364 [pool-3-thread-1] DEBUG net.thucydides.core.reports.ReportService - Processing test outcome Register:As Admin I have be able to create new user with registered data

17:47:12.364 [pool-3-thread-1] INFO net.thucydides.core.reports.ReportService - net.thucydides.core.reports.html.HtmlAcceptanceTestReporter@3721318d: Generating report for test outcome: Register:As Admin I have be able to create new user with registered data

17:47:12.405 [pool-3-thread-1] DEBUG net.thucydides.core.requirements.BaseRequirementsService - Requirement found for test outcome As Admin I have be able to create new user with registered data-[]: Optional[Requirement{name='Register', type='feature' parent = 'Admin', cardNumber='null'}]

17:47:12.417 [pool-3-thread-1] DEBUG net.thucydides.core.requirements.BaseRequirementsService - Requirement found for test outcome As Admin I have be able to create new user with registered data-[]: Optional[Requirement{name='Register', type='feature' parent = 'Admin', cardNumber='null'}]

17:47:12.425 [pool-3-thread-1] DEBUG serenity.reporting - Generating report in 9fdd5487b62768cae43401927bd6118f15646d8e311adc3e7b87ddf3fd9e1b24.html

17:47:12.641 [pool-3-thread-1] DEBUG serenity.reporting - Generated report 9fdd5487b62768cae43401927bd6118f15646d8e311adc3e7b87ddf3fd9e1b24.html in 216 ms

17:47:12.641 [pool-3-thread-1] DEBUG net.thucydides.core.reports.ReportService - Processing test outcome Register:As Admin I have be able to create new user with registered data done

17:47:12.641 [pool-3-thread-1] DEBUG net.thucydides.core.reports.ReportService - Processing test outcome Send Email Customer:As admin I want to send Email to Customer

17:47:12.641 [pool-3-thread-1] INFO net.thucydides.core.reports.ReportService - net.thucydides.core.reports.html.HtmlAcceptanceTestReporter@3721318d: Generating report for test outcome: Send Email Customer:As admin I want to send Email to Customer

17:47:12.658 [pool-3-thread-1] DEBUG net.thucydides.core.requirements.BaseRequirementsService - Requirement found for test outcome As admin I want to send Email to Customer-[]: Optional[Requirement{name='Send Email Customer', type='feature' parent = 'Admin', cardNumber='null'}]

17:47:12.662 [pool-3-thread-1] DEBUG net.thucydides.core.requirements.BaseRequirementsService - Requirement found for test outcome As admin I want to send Email to Customer-[]: Optional[Requirement{name='Send Email Customer', type='feature' parent = 'Admin', cardNumber='null'}]

17:47:12.669 [pool-3-thread-1] DEBUG serenity.reporting - Generating report in 7ba310faa42ca3522e0442bc4227c841f2a03e995062ae153d4617e669993f1b.html

17:47:12.859 [pool-3-thread-1] DEBUG serenity.reporting - Generated report 7ba310faa42ca3522e0442bc4227c841f2a03e995062ae153d4617e669993f1b.html in 190 ms

17:47:12.859 [pool-3-thread-1] DEBUG net.thucydides.core.reports.ReportService - Processing test outcome Send Email Customer:As admin I want to send Email to Customer done

17:47:15.815 [pool-3-thread-2] DEBUG serenity.reporting - Generating report in 6d0a27db195009d73b5be9571c1919f42cb2c584bdcd758180a451b1ad8a1c42.html

17:47:15.984 [pool-3-thread-2] DEBUG serenity.reporting - Generated report 6d0a27db195009d73b5be9571c1919f42cb2c584bdcd758180a451b1ad8a1c42.html in 169 ms

17:47:15.985 [pool-3-thread-2] DEBUG net.thucydides.core.reports.ReportService - Processing test outcome Invoice:As Admin I want to upload file csv for Invoice done

17:47:15.985 [pool-2-thread-1] DEBUG net.thucydides.core.reports.ReportService - Shutting down executor service

17:47:15.986 [pool-2-thread-1] DEBUG net.thucydides.core.reports.ReportService - Reports generated in: 10018 ms

17:47:17.530 [pool-2-thread-1] INFO io.cucumber.core.plugin.SerenityReporter - Cleanup test resources for URI file:///C:/Users/Ani/IdeaProjects/automationApi-Capstone/src/test/resources/features/admin/GetUserById.feature

17:47:17.547 [pool-2-thread-1] INFO io.cucumber.core.plugin.SerenityReporter - Cleanup test resources for URI file:///C:/Users/Ani/IdeaProjects/automationApi-Capstone/src/test/resources/features/admin/Invoice.feature

17:47:17.559 [pool-2-thread-1] INFO io.cucumber.core.plugin.SerenityReporter - Cleanup test resources for URI file:///C:/Users/Ani/IdeaProjects/automationApi-Capstone/src/test/resources/features/admin/Login.feature

17:47:17.575 [pool-2-thread-1] INFO io.cucumber.core.plugin.SerenityReporter - Cleanup test resources for URI file:///C:/Users/Ani/IdeaProjects/automationApi-Capstone/src/test/resources/features/admin/Register.feature

17:47:17.598 [pool-2-thread-1] INFO io.cucumber.core.plugin.SerenityReporter - Cleanup test resources for URI file:///C:/Users/Ani/IdeaProjects/automationApi-Capstone/src/test/resources/features/admin/SendCustomer.feature


@Register
Scenario: As Admin I have be able to create new user with valid data &amp#27;[90m# src/test/resources/features/admin/Register.feature:18&amp#27;[0m
17:46:58.586 [pool-2-thread-1] INFO io.cucumber.core.plugin.SerenityReporter - Running feature from file:///C:/Users/Ani/IdeaProjects/automationApi-Capstone/src/test/resources/features/admin/Register.feature
17:46:58.614 [pool-2-thread-1] INFO  - 
  _____   ___   ___   _____     ___   _____     _     ___   _____   ___   ___  
 |_   _| | __| / __| |_   _|   / __| |_   _|   /_\   | _ \ |_   _| | __| |   \ 
   | |   | _|  \__ \   | |     \__ \   | |    / _ \  |   /   | |   | _|  | |) |
   |_|   |___| |___/   |_|     |___/   |_|   /_/ \_\ |_|_\   |_|   |___| |___/ 

As Admin I have be able to create new user with valid data(register;as-admin-i-have-be-able-to-create-new-user-with-valid-data)
--------------------------------------------------------------------------------
17:46:58.759 [pool-2-thread-1] DEBUG net.thucydides.core.steps.StepInterceptor - STARTING STEP: RegisterSteps.setPostApiEndpoint - Admin set POST api endpoint for register
17:46:58.760 [pool-2-thread-1] DEBUG net.thucydides.core.steps.StepInterceptor - STEP DONE: Admin set POST api endpoint for register
  &amp#27;[32mGiven &amp#27;[0m&amp#27;[32mAdmin set POST api endpoint for register&amp#27;[0m                     &amp#27;[90m# starter.stepdefinitions.admin.RegisterSteps.setPostApiEndpoint()&amp#27;[0m
17:46:58.781 [pool-2-thread-1] DEBUG net.thucydides.core.steps.StepInterceptor - STARTING STEP: RegisterSteps.iSendPOSTHTTPRequest - Admin send POST HTTP request for register
17:46:58.798 [pool-2-thread-1] DEBUG net.thucydides.core.steps.StepInterceptor - STARTING STEP: Post.sendPostHttpRequest - Admin set POST api endpoint for register
17:46:58.799 [pool-2-thread-1] DEBUG net.thucydides.core.steps.StepInterceptor - STEP DONE: Admin set POST api endpoint for register
17:46:59.303 [pool-2-thread-1] DEBUG net.thucydides.core.steps.StepInterceptor - STEP DONE: Admin send POST HTTP request for register
  &amp#27;[32mWhen &amp#27;[0m&amp#27;[32mAdmin send POST HTTP request for register&amp#27;[0m                     &amp#27;[90m# starter.stepdefinitions.admin.RegisterSteps.iSendPOSTHTTPRequest()&amp#27;[0m
17:46:59.319 [pool-2-thread-1] DEBUG net.thucydides.core.steps.StepInterceptor - STARTING STEP: RegisterSteps.iReceiveValidHTTPResponseCode - Admin receive valid HTTP response code 201
17:46:59.335 [pool-2-thread-1] DEBUG net.thucydides.core.steps.StepInterceptor - STEP DONE: Admin receive valid HTTP response code 201
  &amp#27;[32mThen &amp#27;[0m&amp#27;[32mAdmin receive valid HTTP response code 201&amp#27;[0m                    &amp#27;[90m# starter.stepdefinitions.admin.RegisterSteps.iReceiveValidHTTPResponseCode()&amp#27;[0m
17:46:59.364 [pool-2-thread-1] DEBUG net.thucydides.core.steps.StepInterceptor - STARTING STEP: RegisterSteps.iReceiveValidDataForNewUser - Admin receive valid data for new user
17:47:00.272 [pool-2-thread-1] DEBUG net.thucydides.core.steps.StepInterceptor - STEP DONE: Admin receive valid data for new user
  &amp#27;[32mAnd &amp#27;[0m&amp#27;[32mAdmin receive valid data for new user&amp#27;[0m                          &amp#27;[90m# starter.stepdefinitions.admin.RegisterSteps.iReceiveValidDataForNewUser()&amp#27;[0m
17:47:00.305 [pool-2-thread-1] INFO  - 
  _____   ___   ___   _____     ___     _     ___   ___   ___   ___  
 |_   _| | __| / __| |_   _|   | _ \   /_\   / __| / __| | __| |   \ 
   | |   | _|  \__ \   | |     |  _/  / _ \  \__ \ \__ \ | _|  | |) |
   |_|   |___| |___/   |_|     |_|   /_/ \_\ |___/ |___/ |___| |___/ 

As Admin I have be able to create new user with valid data
----------------------------------------------------------------------
]]></system-out>
  </testcase>
  <testcase name="As Admin I have be able to create new user with registered data" classname="Register" time="0.975">
    <failure message="1 expectation failed.&#10;Expected status code &lt;406&gt; but was &lt;201&gt;.&#10;" type="java.lang.AssertionError"><![CDATA[java.lang.AssertionError: 
1 expectation failed.
Expected status code <406> but was <201>.

]]></failure>
    <system-out><![CDATA[
@Register
Scenario: As Admin I have be able to create new user with registered data &amp#27;[90m# src/test/resources/features/admin/Register.feature:24&amp#27;[0m
17:47:00.345 [pool-2-thread-1] INFO io.cucumber.core.plugin.SerenityReporter - Running feature from file:///C:/Users/Ani/IdeaProjects/automationApi-Capstone/src/test/resources/features/admin/Register.feature
17:47:00.356 [pool-2-thread-1] INFO  - 
  _____   ___   ___   _____     ___   _____     _     ___   _____   ___   ___  
 |_   _| | __| / __| |_   _|   / __| |_   _|   /_\   | _ \ |_   _| | __| |   \ 
   | |   | _|  \__ \   | |     \__ \   | |    / _ \  |   /   | |   | _|  | |) |
   |_|   |___| |___/   |_|     |___/   |_|   /_/ \_\ |_|_\   |_|   |___| |___/ 

As Admin I have be able to create new user with registered data(register;as-admin-i-have-be-able-to-create-new-user-with-registered-data)
--------------------------------------------------------------------------------
17:47:00.451 [pool-2-thread-1] DEBUG net.thucydides.core.steps.StepInterceptor - STARTING STEP: RegisterSteps.setPostApiEndpoint - Admin set POST api endpoint for register
17:47:00.452 [pool-2-thread-1] DEBUG net.thucydides.core.steps.StepInterceptor - STEP DONE: Admin set POST api endpoint for register
  &amp#27;[32mGiven &amp#27;[0m&amp#27;[32mAdmin set POST api endpoint for register&amp#27;[0m                          &amp#27;[90m# starter.stepdefinitions.admin.RegisterSteps.setPostApiEndpoint()&amp#27;[0m
17:47:00.475 [pool-2-thread-1] DEBUG net.thucydides.core.steps.StepInterceptor - STARTING STEP: RegisterSteps.iSendPOSTHTTPRequest - Admin send POST HTTP request for register
17:47:00.485 [pool-2-thread-1] DEBUG net.thucydides.core.steps.StepInterceptor - STARTING STEP: Post.sendPostHttpRequest - Admin set POST api endpoint for register
17:47:00.488 [pool-2-thread-1] DEBUG net.thucydides.core.steps.StepInterceptor - STEP DONE: Admin set POST api endpoint for register
17:47:00.978 [pool-2-thread-1] DEBUG net.thucydides.core.steps.StepInterceptor - STEP DONE: Admin send POST HTTP request for register
  &amp#27;[32mWhen &amp#27;[0m&amp#27;[32mAdmin send POST HTTP request for register&amp#27;[0m                          &amp#27;[90m# starter.stepdefinitions.admin.RegisterSteps.iSendPOSTHTTPRequest()&amp#27;[0m
17:47:00.999 [pool-2-thread-1] DEBUG net.thucydides.core.steps.StepInterceptor - STARTING STEP: RegisterSteps.adminReceiveValidHTTPResponseCode - Admin receive valid HTTP response code 406
  &amp#27;[31mThen &amp#27;[0m&amp#27;[31mAdmin receive valid HTTP response code 406&amp#27;[0m                         &amp#27;[90m# starter.stepdefinitions.admin.RegisterSteps.adminReceiveValidHTTPResponseCode()&amp#27;[0m
      &amp#27;[31mjava.lang.AssertionError: 1 expectation failed.
Expected status code <406> but was <201>.

	at java.base/jdk.internal.reflect.NativeConstructorAccessorImpl.newInstance0(Native Method)
	at java.base/jdk.internal.reflect.NativeConstructorAccessorImpl.newInstance(NativeConstructorAccessorImpl.java:77)
	at java.base/jdk.internal.reflect.DelegatingConstructorAccessorImpl.newInstance(DelegatingConstructorAccessorImpl.java:45)
	at java.base/java.lang.reflect.Constructor.newInstanceWithCaller(Constructor.java:499)
	at java.base/java.lang.reflect.Constructor.newInstance(Constructor.java:480)
	at org.codehaus.groovy.reflection.CachedConstructor.invoke(CachedConstructor.java:72)
	at org.codehaus.groovy.runtime.callsite.ConstructorSite$ConstructorSiteNoUnwrapNoCoerce.callConstructor(ConstructorSite.java:105)
	at org.codehaus.groovy.runtime.callsite.CallSiteArray.defaultCallConstructor(CallSiteArray.java:59)
	at org.codehaus.groovy.runtime.callsite.AbstractCallSite.callConstructor(AbstractCallSite.java:263)
	at org.codehaus.groovy.runtime.callsite.AbstractCallSite.callConstructor(AbstractCallSite.java:277)
	at io.restassured.internal.ResponseSpecificationImpl$HamcrestAssertionClosure.validate(ResponseSpecificationImpl.groovy:493)
	at io.restassured.internal.ResponseSpecificationImpl$HamcrestAssertionClosure$validate$1.call(Unknown Source)
	at io.restassured.internal.ResponseSpecificationImpl.validateResponseIfRequired(ResponseSpecificationImpl.groovy:674)
	at java.base/jdk.internal.reflect.NativeMethodAccessorImpl.invoke0(Native Method)
	at java.base/jdk.internal.reflect.NativeMethodAccessorImpl.invoke(NativeMethodAccessorImpl.java:77)
	at java.base/jdk.internal.reflect.DelegatingMethodAccessorImpl.invoke(DelegatingMethodAccessorImpl.java:43)
	at java.base/java.lang.reflect.Method.invoke(Method.java:568)
	at org.codehaus.groovy.runtime.callsite.PlainObjectMetaMethodSite.doInvoke(PlainObjectMetaMethodSite.java:43)
	at org.codehaus.groovy.runtime.callsite.PogoMetaMethodSite$PogoCachedMethodSiteNoUnwrapNoCoerce.invoke(PogoMetaMethodSite.java:193)
	at org.codehaus.groovy.runtime.callsite.PogoMetaMethodSite.callCurrent(PogoMetaMethodSite.java:61)
	at org.codehaus.groovy.runtime.callsite.AbstractCallSite.callCurrent(AbstractCallSite.java:185)
	at io.restassured.internal.ResponseSpecificationImpl.statusCode(ResponseSpecificationImpl.groovy:126)
	at io.restassured.specification.ResponseSpecification$statusCode$0.callCurrent(Unknown Source)
	at io.restassured.internal.ResponseSpecificationImpl.statusCode(ResponseSpecificationImpl.groovy:134)
	at io.restassured.internal.ValidatableResponseOptionsImpl.statusCode(ValidatableResponseOptionsImpl.java:89)
	at io.restassured.internal.ValidatableResponseImpl.super$2$statusCode(ValidatableResponseImpl.groovy)
	at java.base/jdk.internal.reflect.NativeMethodAccessorImpl.invoke0(Native Method)
	at java.base/jdk.internal.reflect.NativeMethodAccessorImpl.invoke(NativeMethodAccessorImpl.java:77)
	at java.base/jdk.internal.reflect.DelegatingMethodAccessorImpl.invoke(DelegatingMethodAccessorImpl.java:43)
	at java.base/java.lang.reflect.Method.invoke(Method.java:568)
	at org.codehaus.groovy.reflection.CachedMethod.invoke(CachedMethod.java:107)
	at groovy.lang.MetaMethod.doMethodInvoke(MetaMethod.java:323)
	at groovy.lang.MetaClassImpl.invokeMethod(MetaClassImpl.java:1267)
	at org.codehaus.groovy.runtime.ScriptBytecodeAdapter.invokeMethodOnSuperN(ScriptBytecodeAdapter.java:144)
	at io.restassured.internal.ValidatableResponseImpl.statusCode(ValidatableResponseImpl.groovy:142)
	at io.restassured.internal.ValidatableResponseImpl.statusCode(ValidatableResponseImpl.groovy)
	at automationApi.Capstone@1.0-SNAPSHOT/starter.register.Post.lambda$adminReceveiveCode406$1(Post.java:62)
	at net.serenitybdd.rest.SerenityRest.restAssuredThat(SerenityRest.java:626)
	at automationApi.Capstone@1.0-SNAPSHOT/starter.register.Post.adminReceveiveCode406(Post.java:62)
	at automationApi.Capstone@1.0-SNAPSHOT/starter.register.Post$ByteBuddy$odaLReSM.adminReceveiveCode406$accessor$VA2GuFVI(Unknown Source)
	at java.base/jdk.internal.reflect.NativeMethodAccessorImpl.invoke0(Native Method)
	at java.base/jdk.internal.reflect.NativeMethodAccessorImpl.invoke(NativeMethodAccessorImpl.java:77)
	at java.base/jdk.internal.reflect.DelegatingMethodAccessorImpl.invoke(DelegatingMethodAccessorImpl.java:43)
	at java.base/java.lang.reflect.Method.invoke(Method.java:568)
	at net.thucydides.core.steps.StepInterceptor.invokeMethod(StepInterceptor.java:492)
	at net.thucydides.core.steps.StepInterceptor.executeTestStepMethod(StepInterceptor.java:472)
	at net.thucydides.core.steps.StepInterceptor.runTestStep(StepInterceptor.java:445)
	at net.thucydides.core.steps.StepInterceptor.runOrSkipMethod(StepInterceptor.java:201)
	at net.thucydides.core.steps.StepInterceptor.testStepResult(StepInterceptor.java:188)
	at net.thucydides.core.steps.StepInterceptor.intercept(StepInterceptor.java:76)
	at net.thucydides.core.steps.ProxyConfiguration$InterceptorDispatcher.intercept(ProxyConfiguration.java:51)
	at automationApi.Capstone@1.0-SNAPSHOT/starter.register.Post$ByteBuddy$odaLReSM.adminReceveiveCode406(Unknown Source)
	at automationApi.Capstone@1.0-SNAPSHOT/starter.stepdefinitions.admin.RegisterSteps.adminReceiveValidHTTPResponseCode(RegisterSteps.java:40)
	at âœ½.Admin receive valid HTTP response code 406(file:///C:/Users/Ani/IdeaProjects/automationApi-Capstone/src/test/resources/features/admin/Register.feature:26)
&amp#27;[0m
  &amp#27;[36mAnd &amp#27;[0m&amp#27;[36mAdmin receive message User exists&amp#27;[0m                                   &amp#27;[90m# starter.stepdefinitions.admin.RegisterSteps.adminReceiveMessage()&amp#27;[0m
]]></system-out>
  </testcase>
</testsuite>