<?xml version="1.0" encoding="UTF-8"?>
<testsuite xmlns:xsi="http://www.w3.org/2001/XMLSchema-instance" xsi:noNamespaceSchemaLocation="https://maven.apache.org/surefire/maven-failsafe-plugin/xsd/failsafe-test-report-3.0.xsd" version="3.0" name="Invoice" time="15.586" tests="8" errors="1" skipped="0" failures="1">
  <properties>
    <property name="java.specification.version" value="17"/>
    <property name="sun.cpu.isalist" value="amd64"/>
    <property name="sun.jnu.encoding" value="Cp1252"/>
    <property name="java.class.path" value="C:\Users\Ani\IdeaProjects\automationApi-Capstone\target\test-classes;C:\Users\Ani\.m2\repository\ch\qos\logback\logback-classic\1.2.3\logback-classic-1.2.3.jar;C:\Users\Ani\.m2\repository\ch\qos\logback\logback-core\1.2.3\logback-core-1.2.3.jar;C:\Users\Ani\.m2\repository\org\slf4j\slf4j-api\1.7.25\slf4j-api-1.7.25.jar;C:\Users\Ani\.m2\repository\net\serenity-bdd\serenity-core\2.4.51\serenity-core-2.4.51.jar;C:\Users\Ani\.m2\repository\net\serenity-bdd\serenity-model\2.4.51\serenity-model-2.4.51.jar;C:\Users\Ani\.m2\repository\org\apache\commons\commons-text\1.9\commons-text-1.9.jar;C:\Users\Ani\.m2\repository\commons-net\commons-net\3.6\commons-net-3.6.jar;C:\Users\Ani\.m2\repository\com\google\guava\guava\30.1-jre\guava-30.1-jre.jar;C:\Users\Ani\.m2\repository\com\google\guava\failureaccess\1.0.1\failureaccess-1.0.1.jar;C:\Users\Ani\.m2\repository\com\google\guava\listenablefuture\9999.0-empty-to-avoid-conflict-with-guava\listenablefuture-9999.0-empty-to-avoid-conflict-with-guava.jar;C:\Users\Ani\.m2\repository\com\google\code\findbugs\jsr305\3.0.2\jsr305-3.0.2.jar;C:\Users\Ani\.m2\repository\org\checkerframework\checker-qual\3.5.0\checker-qual-3.5.0.jar;C:\Users\Ani\.m2\repository\com\google\errorprone\error_prone_annotations\2.3.4\error_prone_annotations-2.3.4.jar;C:\Users\Ani\.m2\repository\com\google\j2objc\j2objc-annotations\1.3\j2objc-annotations-1.3.jar;C:\Users\Ani\.m2\repository\com\google\inject\guice\5.0.1\guice-5.0.1.jar;C:\Users\Ani\.m2\repository\javax\inject\javax.inject\1\javax.inject-1.jar;C:\Users\Ani\.m2\repository\aopalliance\aopalliance\1.0\aopalliance-1.0.jar;C:\Users\Ani\.m2\repository\org\jsoup\jsoup\1.13.1\jsoup-1.13.1.jar;C:\Users\Ani\.m2\repository\com\thoughtworks\xstream\xstream\1.4.17\xstream-1.4.17.jar;C:\Users\Ani\.m2\repository\io\github\x-stream\mxparser\1.2.1\mxparser-1.2.1.jar;C:\Users\Ani\.m2\repository\xmlpull\xmlpull\1.1.3.1\xmlpull-1.1.3.1.jar;C:\Users\Ani\.m2\repository\io\cucumber\cucumber-core\6.10.2\cucumber-core-6.10.2.jar;C:\Users\Ani\.m2\repository\io\cucumber\cucumber-gherkin\6.10.2\cucumber-gherkin-6.10.2.jar;C:\Users\Ani\.m2\repository\io\cucumber\cucumber-gherkin-messages\6.10.2\cucumber-gherkin-messages-6.10.2.jar;C:\Users\Ani\.m2\repository\io\cucumber\messages\14.0.1\messages-14.0.1.jar;C:\Users\Ani\.m2\repository\io\cucumber\tag-expressions\3.0.0\tag-expressions-3.0.0.jar;C:\Users\Ani\.m2\repository\io\cucumber\cucumber-expressions\10.3.0\cucumber-expressions-10.3.0.jar;C:\Users\Ani\.m2\repository\io\cucumber\cucumber-plugin\6.10.2\cucumber-plugin-6.10.2.jar;C:\Users\Ani\.m2\repository\io\cucumber\docstring\6.10.2\docstring-6.10.2.jar;C:\Users\Ani\.m2\repository\io\cucumber\html-formatter\12.0.0\html-formatter-12.0.0.jar;C:\Users\Ani\.m2\repository\io\cucumber\create-meta\3.0.0\create-meta-3.0.0.jar;C:\Users\Ani\.m2\repository\com\typesafe\config\1.3.1\config-1.3.1.jar;C:\Users\Ani\.m2\repository\org\imgscalr\imgscalr-lib\4.2\imgscalr-lib-4.2.jar;C:\Users\Ani\.m2\repository\org\awaitility\awaitility\4.0.3\awaitility-4.0.3.jar;C:\Users\Ani\.m2\repository\org\freemarker\freemarker\2.3.29\freemarker-2.3.29.jar;C:\Users\Ani\.m2\repository\net\sourceforge\jexcelapi\jxl\2.6.12\jxl-2.6.12.jar;C:\Users\Ani\.m2\repository\org\asciidoctor\asciidoctorj\2.5.1\asciidoctorj-2.5.1.jar;C:\Users\Ani\.m2\repository\org\asciidoctor\asciidoctorj-api\2.5.1\asciidoctorj-api-2.5.1.jar;C:\Users\Ani\.m2\repository\org\jruby\jruby\9.2.17.0\jruby-9.2.17.0.jar;C:\Users\Ani\.m2\repository\org\jruby\jruby-core\9.2.17.0\jruby-core-9.2.17.0.jar;C:\Users\Ani\.m2\repository\com\github\jnr\jnr-netdb\1.2.0\jnr-netdb-1.2.0.jar;C:\Users\Ani\.m2\repository\com\github\jnr\jnr-enxio\0.32.3\jnr-enxio-0.32.3.jar;C:\Users\Ani\.m2\repository\com\github\jnr\jnr-unixsocket\0.38.5\jnr-unixsocket-0.38.5.jar;C:\Users\Ani\.m2\repository\com\github\jnr\jnr-posix\3.1.4\jnr-posix-3.1.4.jar;C:\Users\Ani\.m2\repository\com\github\jnr\jnr-constants\0.10.1\jnr-constants-0.10.1.jar;C:\Users\Ani\.m2\repository\com\github\jnr\jffi\1.3.1\jffi-1.3.1.jar;C:\Users\Ani\.m2\repository\com\github\jnr\jffi\1.3.1\jffi-1.3.1-native.jar;C:\Users\Ani\.m2\repository\org\jruby\joni\joni\2.1.31\joni-2.1.31.jar;C:\Users\Ani\.m2\repository\org\jruby\jcodings\jcodings\1.0.46\jcodings-1.0.46.jar;C:\Users\Ani\.m2\repository\org\jruby\dirgra\0.3\dirgra-0.3.jar;C:\Users\Ani\.m2\repository\com\headius\invokebinder\1.11\invokebinder-1.11.jar;C:\Users\Ani\.m2\repository\com\headius\options\1.4\options-1.4.jar;C:\Users\Ani\.m2\repository\com\jcraft\jzlib\1.1.3\jzlib-1.1.3.jar;C:\Users\Ani\.m2\repository\com\martiansoftware\nailgun-server\0.9.1\nailgun-server-0.9.1.jar;C:\Users\Ani\.m2\repository\com\headius\backport9\1.8\backport9-1.8.jar;C:\Users\Ani\.m2\repository\javax\annotation\javax.annotation-api\1.3.1\javax.annotation-api-1.3.1.jar;C:\Users\Ani\.m2\repository\org\jruby\jruby-stdlib\9.2.17.0\jruby-stdlib-9.2.17.0.jar;C:\Users\Ani\.m2\repository\net\bytebuddy\byte-buddy\1.11.1\byte-buddy-1.11.1.jar;C:\Users\Ani\.m2\repository\net\bytebuddy\byte-buddy-agent\1.11.1\byte-buddy-agent-1.11.1.jar;C:\Users\Ani\.m2\repository\org\objenesis\objenesis\3.1\objenesis-3.1.jar;C:\Users\Ani\.m2\repository\net\serenity-bdd\serenity-reports\2.4.51\serenity-reports-2.4.51.jar;C:\Users\Ani\.m2\repository\net\serenity-bdd\serenity-stats\2.4.51\serenity-stats-2.4.51.jar;C:\Users\Ani\.m2\repository\org\jetbrains\kotlin\kotlin-stdlib\1.5.0\kotlin-stdlib-1.5.0.jar;C:\Users\Ani\.m2\repository\org\jetbrains\annotations\13.0\annotations-13.0.jar;C:\Users\Ani\.m2\repository\org\jetbrains\kotlin\kotlin-stdlib-common\1.5.0\kotlin-stdlib-common-1.5.0.jar;C:\Users\Ani\.m2\repository\net\serenity-bdd\serenity-reports-configuration\2.4.51\serenity-reports-configuration-2.4.51.jar;C:\Users\Ani\.m2\repository\com\vladsch\flexmark\flexmark-all\0.34.30\flexmark-all-0.34.30.jar;C:\Users\Ani\.m2\repository\com\vladsch\flexmark\flexmark\0.34.30\flexmark-0.34.30.jar;C:\Users\Ani\.m2\repository\com\vladsch\flexmark\flexmark-ext-abbreviation\0.34.30\flexmark-ext-abbreviation-0.34.30.jar;C:\Users\Ani\.m2\repository\com\vladsch\flexmark\flexmark-ext-admonition\0.34.30\flexmark-ext-admonition-0.34.30.jar;C:\Users\Ani\.m2\repository\com\vladsch\flexmark\flexmark-ext-anchorlink\0.34.30\flexmark-ext-anchorlink-0.34.30.jar;C:\Users\Ani\.m2\repository\com\vladsch\flexmark\flexmark-ext-aside\0.34.30\flexmark-ext-aside-0.34.30.jar;C:\Users\Ani\.m2\repository\com\vladsch\flexmark\flexmark-ext-attributes\0.34.30\flexmark-ext-attributes-0.34.30.jar;C:\Users\Ani\.m2\repository\com\vladsch\flexmark\flexmark-ext-autolink\0.34.30\flexmark-ext-autolink-0.34.30.jar;C:\Users\Ani\.m2\repository\org\nibor\autolink\autolink\0.6.0\autolink-0.6.0.jar;C:\Users\Ani\.m2\repository\com\vladsch\flexmark\flexmark-ext-definition\0.34.30\flexmark-ext-definition-0.34.30.jar;C:\Users\Ani\.m2\repository\com\vladsch\flexmark\flexmark-ext-emoji\0.34.30\flexmark-ext-emoji-0.34.30.jar;C:\Users\Ani\.m2\repository\com\vladsch\flexmark\flexmark-ext-enumerated-reference\0.34.30\flexmark-ext-enumerated-reference-0.34.30.jar;C:\Users\Ani\.m2\repository\com\vladsch\flexmark\flexmark-ext-escaped-character\0.34.30\flexmark-ext-escaped-character-0.34.30.jar;C:\Users\Ani\.m2\repository\com\vladsch\flexmark\flexmark-ext-footnotes\0.34.30\flexmark-ext-footnotes-0.34.30.jar;C:\Users\Ani\.m2\repository\com\vladsch\flexmark\flexmark-ext-gfm-issues\0.34.30\flexmark-ext-gfm-issues-0.34.30.jar;C:\Users\Ani\.m2\repository\com\vladsch\flexmark\flexmark-ext-gfm-strikethrough\0.34.30\flexmark-ext-gfm-strikethrough-0.34.30.jar;C:\Users\Ani\.m2\repository\com\vladsch\flexmark\flexmark-ext-gfm-tables\0.34.30\flexmark-ext-gfm-tables-0.34.30.jar;C:\Users\Ani\.m2\repository\com\vladsch\flexmark\flexmark-ext-gfm-tasklist\0.34.30\flexmark-ext-gfm-tasklist-0.34.30.jar;C:\Users\Ani\.m2\repository\com\vladsch\flexmark\flexmark-ext-gfm-users\0.34.30\flexmark-ext-gfm-users-0.34.30.jar;C:\Users\Ani\.m2\repository\com\vladsch\flexmark\flexmark-ext-gitlab\0.34.30\flexmark-ext-gitlab-0.34.30.jar;C:\Users\Ani\.m2\repository\com\vladsch\flexmark\flexmark-ext-jekyll-front-matter\0.34.30\flexmark-ext-jekyll-front-matter-0.34.30.jar;C:\Users\Ani\.m2\repository\com\vladsch\flexmark\flexmark-ext-jekyll-tag\0.34.30\flexmark-ext-jekyll-tag-0.34.30.jar;C:\Users\Ani\.m2\repository\com\vladsch\flexmark\flexmark-ext-media-tags\0.34.30\flexmark-ext-media-tags-0.34.30.jar;C:\Users\Ani\.m2\repository\com\vladsch\flexmark\flexmark-test-util\0.34.30\flexmark-test-util-0.34.30.jar;C:\Users\Ani\.m2\repository\com\vladsch\flexmark\flexmark-ext-ins\0.34.30\flexmark-ext-ins-0.34.30.jar;C:\Users\Ani\.m2\repository\com\vladsch\flexmark\flexmark-ext-xwiki-macros\0.34.30\flexmark-ext-xwiki-macros-0.34.30.jar;C:\Users\Ani\.m2\repository\com\vladsch\flexmark\flexmark-ext-superscript\0.34.30\flexmark-ext-superscript-0.34.30.jar;C:\Users\Ani\.m2\repository\com\vladsch\flexmark\flexmark-ext-tables\0.34.30\flexmark-ext-tables-0.34.30.jar;C:\Users\Ani\.m2\repository\com\vladsch\flexmark\flexmark-ext-toc\0.34.30\flexmark-ext-toc-0.34.30.jar;C:\Users\Ani\.m2\repository\com\vladsch\flexmark\flexmark-ext-typographic\0.34.30\flexmark-ext-typographic-0.34.30.jar;C:\Users\Ani\.m2\repository\com\vladsch\flexmark\flexmark-ext-wikilink\0.34.30\flexmark-ext-wikilink-0.34.30.jar;C:\Users\Ani\.m2\repository\com\vladsch\flexmark\flexmark-ext-yaml-front-matter\0.34.30\flexmark-ext-yaml-front-matter-0.34.30.jar;C:\Users\Ani\.m2\repository\com\vladsch\flexmark\flexmark-ext-youtube-embedded\0.34.30\flexmark-ext-youtube-embedded-0.34.30.jar;C:\Users\Ani\.m2\repository\com\vladsch\flexmark\flexmark-formatter\0.34.30\flexmark-formatter-0.34.30.jar;C:\Users\Ani\.m2\repository\com\vladsch\flexmark\flexmark-html-parser\0.34.30\flexmark-html-parser-0.34.30.jar;C:\Users\Ani\.m2\repository\com\vladsch\flexmark\flexmark-jira-converter\0.34.30\flexmark-jira-converter-0.34.30.jar;C:\Users\Ani\.m2\repository\com\vladsch\flexmark\flexmark-pdf-converter\0.34.30\flexmark-pdf-converter-0.34.30.jar;C:\Users\Ani\.m2\repository\com\openhtmltopdf\openhtmltopdf-core\0.0.1-RC13\openhtmltopdf-core-0.0.1-RC13.jar;C:\Users\Ani\.m2\repository\com\openhtmltopdf\openhtmltopdf-pdfbox\0.0.1-RC13\openhtmltopdf-pdfbox-0.0.1-RC13.jar;C:\Users\Ani\.m2\repository\org\apache\pdfbox\pdfbox\2.0.8\pdfbox-2.0.8.jar;C:\Users\Ani\.m2\repository\org\apache\pdfbox\fontbox\2.0.8\fontbox-2.0.8.jar;C:\Users\Ani\.m2\repository\org\apache\pdfbox\xmpbox\2.0.8\xmpbox-2.0.8.jar;C:\Users\Ani\.m2\repository\de\rototor\pdfbox\graphics2d\0.12\graphics2d-0.12.jar;C:\Users\Ani\.m2\repository\com\openhtmltopdf\openhtmltopdf-rtl-support\0.0.1-RC13\openhtmltopdf-rtl-support-0.0.1-RC13.jar;C:\Users\Ani\.m2\repository\com\ibm\icu\icu4j\59.1\icu4j-59.1.jar;C:\Users\Ani\.m2\repository\com\openhtmltopdf\openhtmltopdf-jsoup-dom-converter\0.0.1-RC13\openhtmltopdf-jsoup-dom-converter-0.0.1-RC13.jar;C:\Users\Ani\.m2\repository\com\vladsch\flexmark\flexmark-profile-pegdown\0.34.30\flexmark-profile-pegdown-0.34.30.jar;C:\Users\Ani\.m2\repository\com\vladsch\flexmark\flexmark-util\0.34.30\flexmark-util-0.34.30.jar;C:\Users\Ani\.m2\repository\com\vladsch\flexmark\flexmark-youtrack-converter\0.34.30\flexmark-youtrack-converter-0.34.30.jar;C:\Users\Ani\.m2\repository\es\nitaur\markdown\txtmark\0.16\txtmark-0.16.jar;C:\Users\Ani\.m2\repository\net\serenity-bdd\serenity-report-resources\2.4.51\serenity-report-resources-2.4.51.jar;C:\Users\Ani\.m2\repository\com\google\code\gson\gson\2.8.7\gson-2.8.7.jar;C:\Users\Ani\.m2\repository\com\fasterxml\jackson\core\jackson-core\2.12.4\jackson-core-2.12.4.jar;C:\Users\Ani\.m2\repository\com\fasterxml\jackson\core\jackson-databind\2.12.4\jackson-databind-2.12.4.jar;C:\Users\Ani\.m2\repository\com\fasterxml\jackson\core\jackson-annotations\2.12.4\jackson-annotations-2.12.4.jar;C:\Users\Ani\.m2\repository\commons-codec\commons-codec\1.15\commons-codec-1.15.jar;C:\Users\Ani\.m2\repository\commons-io\commons-io\2.8.0\commons-io-2.8.0.jar;C:\Users\Ani\.m2\repository\org\seleniumhq\selenium\selenium-server\3.141.59\selenium-server-3.141.59.jar;C:\Users\Ani\.m2\repository\org\seleniumhq\selenium\selenium-opera-driver\3.141.59\selenium-opera-driver-3.141.59.jar;C:\Users\Ani\.m2\repository\org\seleniumhq\selenium\selenium-remote-driver\3.141.59\selenium-remote-driver-3.141.59.jar;C:\Users\Ani\.m2\repository\org\seleniumhq\selenium\selenium-safari-driver\3.141.59\selenium-safari-driver-3.141.59.jar;C:\Users\Ani\.m2\repository\com\beust\jcommander\1.72\jcommander-1.72.jar;C:\Users\Ani\.m2\repository\org\apache\commons\commons-exec\1.3\commons-exec-1.3.jar;C:\Users\Ani\.m2\repository\net\jcip\jcip-annotations\1.0\jcip-annotations-1.0.jar;C:\Users\Ani\.m2\repository\org\seleniumhq\selenium\jetty-repacked\9.4.12.v20180830\jetty-repacked-9.4.12.v20180830.jar;C:\Users\Ani\.m2\repository\com\squareup\okhttp3\okhttp\3.11.0\okhttp-3.11.0.jar;C:\Users\Ani\.m2\repository\com\squareup\okio\okio\1.14.0\okio-1.14.0.jar;C:\Users\Ani\.m2\repository\javax\servlet\javax.servlet-api\3.1.0\javax.servlet-api-3.1.0.jar;C:\Users\Ani\.m2\repository\org\yaml\snakeyaml\1.19\snakeyaml-1.19.jar;C:\Users\Ani\.m2\repository\org\seleniumhq\selenium\selenium-java\3.141.59\selenium-java-3.141.59.jar;C:\Users\Ani\.m2\repository\org\seleniumhq\selenium\selenium-api\3.141.59\selenium-api-3.141.59.jar;C:\Users\Ani\.m2\repository\org\seleniumhq\selenium\selenium-support\3.141.59\selenium-support-3.141.59.jar;C:\Users\Ani\.m2\repository\org\seleniumhq\selenium\selenium-chrome-driver\3.141.59\selenium-chrome-driver-3.141.59.jar;C:\Users\Ani\.m2\repository\org\seleniumhq\selenium\selenium-firefox-driver\3.141.59\selenium-firefox-driver-3.141.59.jar;C:\Users\Ani\.m2\repository\org\seleniumhq\selenium\selenium-edge-driver\3.141.59\selenium-edge-driver-3.141.59.jar;C:\Users\Ani\.m2\repository\org\seleniumhq\selenium\selenium-ie-driver\3.141.59\selenium-ie-driver-3.141.59.jar;C:\Users\Ani\.m2\repository\net\sourceforge\htmlunit\htmlunit\2.47.1\htmlunit-2.47.1.jar;C:\Users\Ani\.m2\repository\xalan\xalan\2.7.2\xalan-2.7.2.jar;C:\Users\Ani\.m2\repository\xalan\serializer\2.7.2\serializer-2.7.2.jar;C:\Users\Ani\.m2\repository\net\sourceforge\htmlunit\htmlunit-core-js\2.47.0\htmlunit-core-js-2.47.0.jar;C:\Users\Ani\.m2\repository\net\sourceforge\htmlunit\neko-htmlunit\2.47.1\neko-htmlunit-2.47.1.jar;C:\Users\Ani\.m2\repository\xerces\xercesImpl\2.12.0\xercesImpl-2.12.0.jar;C:\Users\Ani\.m2\repository\xml-apis\xml-apis\1.4.01\xml-apis-1.4.01.jar;C:\Users\Ani\.m2\repository\net\sourceforge\htmlunit\htmlunit-cssparser\1.7.0\htmlunit-cssparser-1.7.0.jar;C:\Users\Ani\.m2\repository\org\brotli\dec\0.1.2\dec-0.1.2.jar;C:\Users\Ani\.m2\repository\com\shapesecurity\salvation2\3.0.0\salvation2-3.0.0.jar;C:\Users\Ani\.m2\repository\org\eclipse\jetty\websocket\websocket-client\9.4.36.v20210114\websocket-client-9.4.36.v20210114.jar;C:\Users\Ani\.m2\repository\org\eclipse\jetty\jetty-client\9.4.36.v20210114\jetty-client-9.4.36.v20210114.jar;C:\Users\Ani\.m2\repository\org\eclipse\jetty\jetty-http\9.4.36.v20210114\jetty-http-9.4.36.v20210114.jar;C:\Users\Ani\.m2\repository\org\eclipse\jetty\jetty-util\9.4.36.v20210114\jetty-util-9.4.36.v20210114.jar;C:\Users\Ani\.m2\repository\org\eclipse\jetty\jetty-io\9.4.36.v20210114\jetty-io-9.4.36.v20210114.jar;C:\Users\Ani\.m2\repository\org\eclipse\jetty\websocket\websocket-common\9.4.36.v20210114\websocket-common-9.4.36.v20210114.jar;C:\Users\Ani\.m2\repository\org\eclipse\jetty\websocket\websocket-api\9.4.36.v20210114\websocket-api-9.4.36.v20210114.jar;C:\Users\Ani\.m2\repository\org\projectlombok\lombok\1.18.20\lombok-1.18.20.jar;C:\Users\Ani\.m2\repository\org\seleniumhq\selenium\htmlunit-driver\2.47.1\htmlunit-driver-2.47.1.jar;C:\Users\Ani\.m2\repository\com\codeborne\phantomjsdriver\1.4.4\phantomjsdriver-1.4.4.jar;C:\Users\Ani\.m2\repository\io\appium\java-client\7.5.1\java-client-7.5.1.jar;C:\Users\Ani\.m2\repository\commons-validator\commons-validator\1.7\commons-validator-1.7.jar;C:\Users\Ani\.m2\repository\commons-digester\commons-digester\2.1\commons-digester-2.1.jar;C:\Users\Ani\.m2\repository\org\aspectj\aspectjweaver\1.9.6\aspectjweaver-1.9.6.jar;C:\Users\Ani\.m2\repository\net\sf\opencsv\opencsv\2.0\opencsv-2.0.jar;C:\Users\Ani\.m2\repository\commons-beanutils\commons-beanutils\1.9.4\commons-beanutils-1.9.4.jar;C:\Users\Ani\.m2\repository\org\apache\commons\commons-lang3\3.11\commons-lang3-3.11.jar;C:\Users\Ani\.m2\repository\commons-collections\commons-collections\3.2.2\commons-collections-3.2.2.jar;C:\Users\Ani\.m2\repository\org\fluentlenium\fluentlenium-core\0.10.2\fluentlenium-core-0.10.2.jar;C:\Users\Ani\.m2\repository\io\github\bonigarcia\webdrivermanager\4.4.1\webdrivermanager-4.4.1.jar;C:\Users\Ani\.m2\repository\org\apache\httpcomponents\client5\httpclient5\5.0.3\httpclient5-5.0.3.jar;C:\Users\Ani\.m2\repository\org\apache\httpcomponents\core5\httpcore5\5.0.2\httpcore5-5.0.2.jar;C:\Users\Ani\.m2\repository\org\apache\httpcomponents\core5\httpcore5-h2\5.0.2\httpcore5-h2-5.0.2.jar;C:\Users\Ani\.m2\repository\org\rauschig\jarchivelib\1.1.0\jarchivelib-1.1.0.jar;C:\Users\Ani\.m2\repository\org\apache\commons\commons-compress\1.20\commons-compress-1.20.jar;C:\Users\Ani\.m2\repository\com\jhlabs\filters\2.0.235\filters-2.0.235.jar;C:\Users\Ani\.m2\repository\com\paulhammant\ngwebdriver\1.1.5\ngwebdriver-1.1.5.jar;C:\Users\Ani\.m2\repository\joda-time\joda-time\2.8.2\joda-time-2.8.2.jar;C:\Users\Ani\.m2\repository\com\google\jimfs\jimfs\1.1\jimfs-1.1.jar;C:\Users\Ani\.m2\repository\org\mockito\mockito-core\3.3.3\mockito-core-3.3.3.jar;C:\Users\Ani\.m2\repository\javax\xml\bind\jaxb-api\2.3.1\jaxb-api-2.3.1.jar;C:\Users\Ani\.m2\repository\javax\activation\javax.activation-api\1.2.0\javax.activation-api-1.2.0.jar;C:\Users\Ani\.m2\repository\com\sun\xml\bind\jaxb-core\2.3.0.1\jaxb-core-2.3.0.1.jar;C:\Users\Ani\.m2\repository\com\sun\xml\bind\jaxb-impl\2.3.3\jaxb-impl-2.3.3.jar;C:\Users\Ani\.m2\repository\com\sun\activation\jakarta.activation\1.2.2\jakarta.activation-1.2.2.jar;C:\Users\Ani\.m2\repository\javax\activation\activation\1.1.1\activation-1.1.1.jar;C:\Users\Ani\.m2\repository\net\serenity-bdd\serenity-junit\2.4.51\serenity-junit-2.4.51.jar;C:\Users\Ani\.m2\repository\com\googlecode\json-simple\json-simple\1.1.1\json-simple-1.1.1.jar;C:\Users\Ani\.m2\repository\net\serenity-bdd\serenity-rest-assured\2.4.51\serenity-rest-assured-2.4.51.jar;C:\Users\Ani\.m2\repository\org\codehaus\groovy\groovy-json\3.0.8\groovy-json-3.0.8.jar;C:\Users\Ani\.m2\repository\org\opentest4j\opentest4j\1.2.0\opentest4j-1.2.0.jar;C:\Users\Ani\.m2\repository\net\serenity-bdd\serenity-screenplay\2.4.51\serenity-screenplay-2.4.51.jar;C:\Users\Ani\.m2\repository\net\serenity-bdd\serenity-screenplay-rest\2.4.51\serenity-screenplay-rest-2.4.51.jar;C:\Users\Ani\.m2\repository\net\serenity-bdd\serenity-cucumber6\2.4.51\serenity-cucumber6-2.4.51.jar;C:\Users\Ani\.m2\repository\net\serenity-bdd\serenity-screenplay-webdriver\2.4.51\serenity-screenplay-webdriver-2.4.51.jar;C:\Users\Ani\.m2\repository\io\cucumber\cucumber-java\6.10.4\cucumber-java-6.10.4.jar;C:\Users\Ani\.m2\repository\org\apiguardian\apiguardian-api\1.1.1\apiguardian-api-1.1.1.jar;C:\Users\Ani\.m2\repository\io\cucumber\cucumber-junit\6.10.4\cucumber-junit-6.10.4.jar;C:\Users\Ani\.m2\repository\io\cucumber\datatable-matchers\3.4.0\datatable-matchers-3.4.0.jar;C:\Users\Ani\.m2\repository\io\cucumber\datatable\3.4.0\datatable-3.4.0.jar;C:\Users\Ani\.m2\repository\commons-logging\commons-logging\1.2\commons-logging-1.2.jar;C:\Users\Ani\.m2\repository\org\apache\commons\commons-csv\1.5\commons-csv-1.5.jar;C:\Users\Ani\.m2\repository\io\rest-assured\rest-assured\4.3.2\rest-assured-4.3.2.jar;C:\Users\Ani\.m2\repository\org\apache\httpcomponents\httpclient\4.5.3\httpclient-4.5.3.jar;C:\Users\Ani\.m2\repository\org\apache\httpcomponents\httpcore\4.4.6\httpcore-4.4.6.jar;C:\Users\Ani\.m2\repository\org\apache\httpcomponents\httpmime\4.5.3\httpmime-4.5.3.jar;C:\Users\Ani\.m2\repository\org\ccil\cowan\tagsoup\tagsoup\1.2.1\tagsoup-1.2.1.jar;C:\Users\Ani\.m2\repository\io\rest-assured\json-path\4.3.3\json-path-4.3.3.jar;C:\Users\Ani\.m2\repository\io\rest-assured\rest-assured-common\4.3.3\rest-assured-common-4.3.3.jar;C:\Users\Ani\.m2\repository\io\rest-assured\xml-path\4.3.3\xml-path-4.3.3.jar;C:\Users\Ani\.m2\repository\jakarta\xml\bind\jakarta.xml.bind-api\2.3.3\jakarta.xml.bind-api-2.3.3.jar;C:\Users\Ani\.m2\repository\jakarta\activation\jakarta.activation-api\1.2.2\jakarta.activation-api-1.2.2.jar;C:\Users\Ani\.m2\repository\org\codehaus\groovy\groovy\3.0.6\groovy-3.0.6.jar;C:\Users\Ani\.m2\repository\org\codehaus\groovy\groovy-xml\3.0.6\groovy-xml-3.0.6.jar;C:\Users\Ani\.m2\repository\junit\junit\4.13.1\junit-4.13.1.jar;C:\Users\Ani\.m2\repository\org\hamcrest\hamcrest-core\1.3\hamcrest-core-1.3.jar;C:\Users\Ani\.m2\repository\org\assertj\assertj-core\3.6.2\assertj-core-3.6.2.jar;C:\Users\Ani\.m2\repository\org\hamcrest\hamcrest\2.2\hamcrest-2.2.jar;C:\Users\Ani\.m2\repository\com\github\javafaker\javafaker\0.15\javafaker-0.15.jar;C:\Users\Ani\.m2\repository\org\yaml\snakeyaml\1.20\snakeyaml-1.20-android.jar;C:\Users\Ani\.m2\repository\com\github\mifmif\generex\1.0.2\generex-1.0.2.jar;C:\Users\Ani\.m2\repository\dk\brics\automaton\automaton\1.11-8\automaton-1.11-8.jar;"/>
    <property name="java.vm.vendor" value="Oracle Corporation"/>
    <property name="sun.arch.data.model" value="64"/>
    <property name="user.variant" value=""/>
    <property name="java.vendor.url" value="https://java.oracle.com/"/>
    <property name="user.timezone" value="GMT-08:00"/>
    <property name="os.name" value="Windows 10"/>
    <property name="java.vm.specification.version" value="17"/>
    <property name="sun.java.launcher" value="SUN_STANDARD"/>
    <property name="user.country" value="US"/>
    <property name="sun.boot.library.path" value="C:\Program Files\Java\jdk-17.0.3.1\bin"/>
    <property name="sun.java.command" value="org.apache.maven.surefire.booter.ForkedBooter C:\Users\Ani\AppData\Local\Temp\surefire6262500727754411385 2022-07-21T23-16-38_125-jvmRun1 surefire4890220201501662tmp surefire_015951925375633338813tmp"/>
    <property name="jdk.debug" value="release"/>
    <property name="surefire.test.class.path" value="C:\Users\Ani\IdeaProjects\automationApi-Capstone\target\test-classes;C:\Users\Ani\.m2\repository\ch\qos\logback\logback-classic\1.2.3\logback-classic-1.2.3.jar;C:\Users\Ani\.m2\repository\ch\qos\logback\logback-core\1.2.3\logback-core-1.2.3.jar;C:\Users\Ani\.m2\repository\org\slf4j\slf4j-api\1.7.25\slf4j-api-1.7.25.jar;C:\Users\Ani\.m2\repository\net\serenity-bdd\serenity-core\2.4.51\serenity-core-2.4.51.jar;C:\Users\Ani\.m2\repository\net\serenity-bdd\serenity-model\2.4.51\serenity-model-2.4.51.jar;C:\Users\Ani\.m2\repository\org\apache\commons\commons-text\1.9\commons-text-1.9.jar;C:\Users\Ani\.m2\repository\commons-net\commons-net\3.6\commons-net-3.6.jar;C:\Users\Ani\.m2\repository\com\google\guava\guava\30.1-jre\guava-30.1-jre.jar;C:\Users\Ani\.m2\repository\com\google\guava\failureaccess\1.0.1\failureaccess-1.0.1.jar;C:\Users\Ani\.m2\repository\com\google\guava\listenablefuture\9999.0-empty-to-avoid-conflict-with-guava\listenablefuture-9999.0-empty-to-avoid-conflict-with-guava.jar;C:\Users\Ani\.m2\repository\com\google\code\findbugs\jsr305\3.0.2\jsr305-3.0.2.jar;C:\Users\Ani\.m2\repository\org\checkerframework\checker-qual\3.5.0\checker-qual-3.5.0.jar;C:\Users\Ani\.m2\repository\com\google\errorprone\error_prone_annotations\2.3.4\error_prone_annotations-2.3.4.jar;C:\Users\Ani\.m2\repository\com\google\j2objc\j2objc-annotations\1.3\j2objc-annotations-1.3.jar;C:\Users\Ani\.m2\repository\com\google\inject\guice\5.0.1\guice-5.0.1.jar;C:\Users\Ani\.m2\repository\javax\inject\javax.inject\1\javax.inject-1.jar;C:\Users\Ani\.m2\repository\aopalliance\aopalliance\1.0\aopalliance-1.0.jar;C:\Users\Ani\.m2\repository\org\jsoup\jsoup\1.13.1\jsoup-1.13.1.jar;C:\Users\Ani\.m2\repository\com\thoughtworks\xstream\xstream\1.4.17\xstream-1.4.17.jar;C:\Users\Ani\.m2\repository\io\github\x-stream\mxparser\1.2.1\mxparser-1.2.1.jar;C:\Users\Ani\.m2\repository\xmlpull\xmlpull\1.1.3.1\xmlpull-1.1.3.1.jar;C:\Users\Ani\.m2\repository\io\cucumber\cucumber-core\6.10.2\cucumber-core-6.10.2.jar;C:\Users\Ani\.m2\repository\io\cucumber\cucumber-gherkin\6.10.2\cucumber-gherkin-6.10.2.jar;C:\Users\Ani\.m2\repository\io\cucumber\cucumber-gherkin-messages\6.10.2\cucumber-gherkin-messages-6.10.2.jar;C:\Users\Ani\.m2\repository\io\cucumber\messages\14.0.1\messages-14.0.1.jar;C:\Users\Ani\.m2\repository\io\cucumber\tag-expressions\3.0.0\tag-expressions-3.0.0.jar;C:\Users\Ani\.m2\repository\io\cucumber\cucumber-expressions\10.3.0\cucumber-expressions-10.3.0.jar;C:\Users\Ani\.m2\repository\io\cucumber\cucumber-plugin\6.10.2\cucumber-plugin-6.10.2.jar;C:\Users\Ani\.m2\repository\io\cucumber\docstring\6.10.2\docstring-6.10.2.jar;C:\Users\Ani\.m2\repository\io\cucumber\html-formatter\12.0.0\html-formatter-12.0.0.jar;C:\Users\Ani\.m2\repository\io\cucumber\create-meta\3.0.0\create-meta-3.0.0.jar;C:\Users\Ani\.m2\repository\com\typesafe\config\1.3.1\config-1.3.1.jar;C:\Users\Ani\.m2\repository\org\imgscalr\imgscalr-lib\4.2\imgscalr-lib-4.2.jar;C:\Users\Ani\.m2\repository\org\awaitility\awaitility\4.0.3\awaitility-4.0.3.jar;C:\Users\Ani\.m2\repository\org\freemarker\freemarker\2.3.29\freemarker-2.3.29.jar;C:\Users\Ani\.m2\repository\net\sourceforge\jexcelapi\jxl\2.6.12\jxl-2.6.12.jar;C:\Users\Ani\.m2\repository\org\asciidoctor\asciidoctorj\2.5.1\asciidoctorj-2.5.1.jar;C:\Users\Ani\.m2\repository\org\asciidoctor\asciidoctorj-api\2.5.1\asciidoctorj-api-2.5.1.jar;C:\Users\Ani\.m2\repository\org\jruby\jruby\9.2.17.0\jruby-9.2.17.0.jar;C:\Users\Ani\.m2\repository\org\jruby\jruby-core\9.2.17.0\jruby-core-9.2.17.0.jar;C:\Users\Ani\.m2\repository\com\github\jnr\jnr-netdb\1.2.0\jnr-netdb-1.2.0.jar;C:\Users\Ani\.m2\repository\com\github\jnr\jnr-enxio\0.32.3\jnr-enxio-0.32.3.jar;C:\Users\Ani\.m2\repository\com\github\jnr\jnr-unixsocket\0.38.5\jnr-unixsocket-0.38.5.jar;C:\Users\Ani\.m2\repository\com\github\jnr\jnr-posix\3.1.4\jnr-posix-3.1.4.jar;C:\Users\Ani\.m2\repository\com\github\jnr\jnr-constants\0.10.1\jnr-constants-0.10.1.jar;C:\Users\Ani\.m2\repository\com\github\jnr\jffi\1.3.1\jffi-1.3.1.jar;C:\Users\Ani\.m2\repository\com\github\jnr\jffi\1.3.1\jffi-1.3.1-native.jar;C:\Users\Ani\.m2\repository\org\jruby\joni\joni\2.1.31\joni-2.1.31.jar;C:\Users\Ani\.m2\repository\org\jruby\jcodings\jcodings\1.0.46\jcodings-1.0.46.jar;C:\Users\Ani\.m2\repository\org\jruby\dirgra\0.3\dirgra-0.3.jar;C:\Users\Ani\.m2\repository\com\headius\invokebinder\1.11\invokebinder-1.11.jar;C:\Users\Ani\.m2\repository\com\headius\options\1.4\options-1.4.jar;C:\Users\Ani\.m2\repository\com\jcraft\jzlib\1.1.3\jzlib-1.1.3.jar;C:\Users\Ani\.m2\repository\com\martiansoftware\nailgun-server\0.9.1\nailgun-server-0.9.1.jar;C:\Users\Ani\.m2\repository\com\headius\backport9\1.8\backport9-1.8.jar;C:\Users\Ani\.m2\repository\javax\annotation\javax.annotation-api\1.3.1\javax.annotation-api-1.3.1.jar;C:\Users\Ani\.m2\repository\org\jruby\jruby-stdlib\9.2.17.0\jruby-stdlib-9.2.17.0.jar;C:\Users\Ani\.m2\repository\net\bytebuddy\byte-buddy\1.11.1\byte-buddy-1.11.1.jar;C:\Users\Ani\.m2\repository\net\bytebuddy\byte-buddy-agent\1.11.1\byte-buddy-agent-1.11.1.jar;C:\Users\Ani\.m2\repository\org\objenesis\objenesis\3.1\objenesis-3.1.jar;C:\Users\Ani\.m2\repository\net\serenity-bdd\serenity-reports\2.4.51\serenity-reports-2.4.51.jar;C:\Users\Ani\.m2\repository\net\serenity-bdd\serenity-stats\2.4.51\serenity-stats-2.4.51.jar;C:\Users\Ani\.m2\repository\org\jetbrains\kotlin\kotlin-stdlib\1.5.0\kotlin-stdlib-1.5.0.jar;C:\Users\Ani\.m2\repository\org\jetbrains\annotations\13.0\annotations-13.0.jar;C:\Users\Ani\.m2\repository\org\jetbrains\kotlin\kotlin-stdlib-common\1.5.0\kotlin-stdlib-common-1.5.0.jar;C:\Users\Ani\.m2\repository\net\serenity-bdd\serenity-reports-configuration\2.4.51\serenity-reports-configuration-2.4.51.jar;C:\Users\Ani\.m2\repository\com\vladsch\flexmark\flexmark-all\0.34.30\flexmark-all-0.34.30.jar;C:\Users\Ani\.m2\repository\com\vladsch\flexmark\flexmark\0.34.30\flexmark-0.34.30.jar;C:\Users\Ani\.m2\repository\com\vladsch\flexmark\flexmark-ext-abbreviation\0.34.30\flexmark-ext-abbreviation-0.34.30.jar;C:\Users\Ani\.m2\repository\com\vladsch\flexmark\flexmark-ext-admonition\0.34.30\flexmark-ext-admonition-0.34.30.jar;C:\Users\Ani\.m2\repository\com\vladsch\flexmark\flexmark-ext-anchorlink\0.34.30\flexmark-ext-anchorlink-0.34.30.jar;C:\Users\Ani\.m2\repository\com\vladsch\flexmark\flexmark-ext-aside\0.34.30\flexmark-ext-aside-0.34.30.jar;C:\Users\Ani\.m2\repository\com\vladsch\flexmark\flexmark-ext-attributes\0.34.30\flexmark-ext-attributes-0.34.30.jar;C:\Users\Ani\.m2\repository\com\vladsch\flexmark\flexmark-ext-autolink\0.34.30\flexmark-ext-autolink-0.34.30.jar;C:\Users\Ani\.m2\repository\org\nibor\autolink\autolink\0.6.0\autolink-0.6.0.jar;C:\Users\Ani\.m2\repository\com\vladsch\flexmark\flexmark-ext-definition\0.34.30\flexmark-ext-definition-0.34.30.jar;C:\Users\Ani\.m2\repository\com\vladsch\flexmark\flexmark-ext-emoji\0.34.30\flexmark-ext-emoji-0.34.30.jar;C:\Users\Ani\.m2\repository\com\vladsch\flexmark\flexmark-ext-enumerated-reference\0.34.30\flexmark-ext-enumerated-reference-0.34.30.jar;C:\Users\Ani\.m2\repository\com\vladsch\flexmark\flexmark-ext-escaped-character\0.34.30\flexmark-ext-escaped-character-0.34.30.jar;C:\Users\Ani\.m2\repository\com\vladsch\flexmark\flexmark-ext-footnotes\0.34.30\flexmark-ext-footnotes-0.34.30.jar;C:\Users\Ani\.m2\repository\com\vladsch\flexmark\flexmark-ext-gfm-issues\0.34.30\flexmark-ext-gfm-issues-0.34.30.jar;C:\Users\Ani\.m2\repository\com\vladsch\flexmark\flexmark-ext-gfm-strikethrough\0.34.30\flexmark-ext-gfm-strikethrough-0.34.30.jar;C:\Users\Ani\.m2\repository\com\vladsch\flexmark\flexmark-ext-gfm-tables\0.34.30\flexmark-ext-gfm-tables-0.34.30.jar;C:\Users\Ani\.m2\repository\com\vladsch\flexmark\flexmark-ext-gfm-tasklist\0.34.30\flexmark-ext-gfm-tasklist-0.34.30.jar;C:\Users\Ani\.m2\repository\com\vladsch\flexmark\flexmark-ext-gfm-users\0.34.30\flexmark-ext-gfm-users-0.34.30.jar;C:\Users\Ani\.m2\repository\com\vladsch\flexmark\flexmark-ext-gitlab\0.34.30\flexmark-ext-gitlab-0.34.30.jar;C:\Users\Ani\.m2\repository\com\vladsch\flexmark\flexmark-ext-jekyll-front-matter\0.34.30\flexmark-ext-jekyll-front-matter-0.34.30.jar;C:\Users\Ani\.m2\repository\com\vladsch\flexmark\flexmark-ext-jekyll-tag\0.34.30\flexmark-ext-jekyll-tag-0.34.30.jar;C:\Users\Ani\.m2\repository\com\vladsch\flexmark\flexmark-ext-media-tags\0.34.30\flexmark-ext-media-tags-0.34.30.jar;C:\Users\Ani\.m2\repository\com\vladsch\flexmark\flexmark-test-util\0.34.30\flexmark-test-util-0.34.30.jar;C:\Users\Ani\.m2\repository\com\vladsch\flexmark\flexmark-ext-ins\0.34.30\flexmark-ext-ins-0.34.30.jar;C:\Users\Ani\.m2\repository\com\vladsch\flexmark\flexmark-ext-xwiki-macros\0.34.30\flexmark-ext-xwiki-macros-0.34.30.jar;C:\Users\Ani\.m2\repository\com\vladsch\flexmark\flexmark-ext-superscript\0.34.30\flexmark-ext-superscript-0.34.30.jar;C:\Users\Ani\.m2\repository\com\vladsch\flexmark\flexmark-ext-tables\0.34.30\flexmark-ext-tables-0.34.30.jar;C:\Users\Ani\.m2\repository\com\vladsch\flexmark\flexmark-ext-toc\0.34.30\flexmark-ext-toc-0.34.30.jar;C:\Users\Ani\.m2\repository\com\vladsch\flexmark\flexmark-ext-typographic\0.34.30\flexmark-ext-typographic-0.34.30.jar;C:\Users\Ani\.m2\repository\com\vladsch\flexmark\flexmark-ext-wikilink\0.34.30\flexmark-ext-wikilink-0.34.30.jar;C:\Users\Ani\.m2\repository\com\vladsch\flexmark\flexmark-ext-yaml-front-matter\0.34.30\flexmark-ext-yaml-front-matter-0.34.30.jar;C:\Users\Ani\.m2\repository\com\vladsch\flexmark\flexmark-ext-youtube-embedded\0.34.30\flexmark-ext-youtube-embedded-0.34.30.jar;C:\Users\Ani\.m2\repository\com\vladsch\flexmark\flexmark-formatter\0.34.30\flexmark-formatter-0.34.30.jar;C:\Users\Ani\.m2\repository\com\vladsch\flexmark\flexmark-html-parser\0.34.30\flexmark-html-parser-0.34.30.jar;C:\Users\Ani\.m2\repository\com\vladsch\flexmark\flexmark-jira-converter\0.34.30\flexmark-jira-converter-0.34.30.jar;C:\Users\Ani\.m2\repository\com\vladsch\flexmark\flexmark-pdf-converter\0.34.30\flexmark-pdf-converter-0.34.30.jar;C:\Users\Ani\.m2\repository\com\openhtmltopdf\openhtmltopdf-core\0.0.1-RC13\openhtmltopdf-core-0.0.1-RC13.jar;C:\Users\Ani\.m2\repository\com\openhtmltopdf\openhtmltopdf-pdfbox\0.0.1-RC13\openhtmltopdf-pdfbox-0.0.1-RC13.jar;C:\Users\Ani\.m2\repository\org\apache\pdfbox\pdfbox\2.0.8\pdfbox-2.0.8.jar;C:\Users\Ani\.m2\repository\org\apache\pdfbox\fontbox\2.0.8\fontbox-2.0.8.jar;C:\Users\Ani\.m2\repository\org\apache\pdfbox\xmpbox\2.0.8\xmpbox-2.0.8.jar;C:\Users\Ani\.m2\repository\de\rototor\pdfbox\graphics2d\0.12\graphics2d-0.12.jar;C:\Users\Ani\.m2\repository\com\openhtmltopdf\openhtmltopdf-rtl-support\0.0.1-RC13\openhtmltopdf-rtl-support-0.0.1-RC13.jar;C:\Users\Ani\.m2\repository\com\ibm\icu\icu4j\59.1\icu4j-59.1.jar;C:\Users\Ani\.m2\repository\com\openhtmltopdf\openhtmltopdf-jsoup-dom-converter\0.0.1-RC13\openhtmltopdf-jsoup-dom-converter-0.0.1-RC13.jar;C:\Users\Ani\.m2\repository\com\vladsch\flexmark\flexmark-profile-pegdown\0.34.30\flexmark-profile-pegdown-0.34.30.jar;C:\Users\Ani\.m2\repository\com\vladsch\flexmark\flexmark-util\0.34.30\flexmark-util-0.34.30.jar;C:\Users\Ani\.m2\repository\com\vladsch\flexmark\flexmark-youtrack-converter\0.34.30\flexmark-youtrack-converter-0.34.30.jar;C:\Users\Ani\.m2\repository\es\nitaur\markdown\txtmark\0.16\txtmark-0.16.jar;C:\Users\Ani\.m2\repository\net\serenity-bdd\serenity-report-resources\2.4.51\serenity-report-resources-2.4.51.jar;C:\Users\Ani\.m2\repository\com\google\code\gson\gson\2.8.7\gson-2.8.7.jar;C:\Users\Ani\.m2\repository\com\fasterxml\jackson\core\jackson-core\2.12.4\jackson-core-2.12.4.jar;C:\Users\Ani\.m2\repository\com\fasterxml\jackson\core\jackson-databind\2.12.4\jackson-databind-2.12.4.jar;C:\Users\Ani\.m2\repository\com\fasterxml\jackson\core\jackson-annotations\2.12.4\jackson-annotations-2.12.4.jar;C:\Users\Ani\.m2\repository\commons-codec\commons-codec\1.15\commons-codec-1.15.jar;C:\Users\Ani\.m2\repository\commons-io\commons-io\2.8.0\commons-io-2.8.0.jar;C:\Users\Ani\.m2\repository\org\seleniumhq\selenium\selenium-server\3.141.59\selenium-server-3.141.59.jar;C:\Users\Ani\.m2\repository\org\seleniumhq\selenium\selenium-opera-driver\3.141.59\selenium-opera-driver-3.141.59.jar;C:\Users\Ani\.m2\repository\org\seleniumhq\selenium\selenium-remote-driver\3.141.59\selenium-remote-driver-3.141.59.jar;C:\Users\Ani\.m2\repository\org\seleniumhq\selenium\selenium-safari-driver\3.141.59\selenium-safari-driver-3.141.59.jar;C:\Users\Ani\.m2\repository\com\beust\jcommander\1.72\jcommander-1.72.jar;C:\Users\Ani\.m2\repository\org\apache\commons\commons-exec\1.3\commons-exec-1.3.jar;C:\Users\Ani\.m2\repository\net\jcip\jcip-annotations\1.0\jcip-annotations-1.0.jar;C:\Users\Ani\.m2\repository\org\seleniumhq\selenium\jetty-repacked\9.4.12.v20180830\jetty-repacked-9.4.12.v20180830.jar;C:\Users\Ani\.m2\repository\com\squareup\okhttp3\okhttp\3.11.0\okhttp-3.11.0.jar;C:\Users\Ani\.m2\repository\com\squareup\okio\okio\1.14.0\okio-1.14.0.jar;C:\Users\Ani\.m2\repository\javax\servlet\javax.servlet-api\3.1.0\javax.servlet-api-3.1.0.jar;C:\Users\Ani\.m2\repository\org\yaml\snakeyaml\1.19\snakeyaml-1.19.jar;C:\Users\Ani\.m2\repository\org\seleniumhq\selenium\selenium-java\3.141.59\selenium-java-3.141.59.jar;C:\Users\Ani\.m2\repository\org\seleniumhq\selenium\selenium-api\3.141.59\selenium-api-3.141.59.jar;C:\Users\Ani\.m2\repository\org\seleniumhq\selenium\selenium-support\3.141.59\selenium-support-3.141.59.jar;C:\Users\Ani\.m2\repository\org\seleniumhq\selenium\selenium-chrome-driver\3.141.59\selenium-chrome-driver-3.141.59.jar;C:\Users\Ani\.m2\repository\org\seleniumhq\selenium\selenium-firefox-driver\3.141.59\selenium-firefox-driver-3.141.59.jar;C:\Users\Ani\.m2\repository\org\seleniumhq\selenium\selenium-edge-driver\3.141.59\selenium-edge-driver-3.141.59.jar;C:\Users\Ani\.m2\repository\org\seleniumhq\selenium\selenium-ie-driver\3.141.59\selenium-ie-driver-3.141.59.jar;C:\Users\Ani\.m2\repository\net\sourceforge\htmlunit\htmlunit\2.47.1\htmlunit-2.47.1.jar;C:\Users\Ani\.m2\repository\xalan\xalan\2.7.2\xalan-2.7.2.jar;C:\Users\Ani\.m2\repository\xalan\serializer\2.7.2\serializer-2.7.2.jar;C:\Users\Ani\.m2\repository\net\sourceforge\htmlunit\htmlunit-core-js\2.47.0\htmlunit-core-js-2.47.0.jar;C:\Users\Ani\.m2\repository\net\sourceforge\htmlunit\neko-htmlunit\2.47.1\neko-htmlunit-2.47.1.jar;C:\Users\Ani\.m2\repository\xerces\xercesImpl\2.12.0\xercesImpl-2.12.0.jar;C:\Users\Ani\.m2\repository\xml-apis\xml-apis\1.4.01\xml-apis-1.4.01.jar;C:\Users\Ani\.m2\repository\net\sourceforge\htmlunit\htmlunit-cssparser\1.7.0\htmlunit-cssparser-1.7.0.jar;C:\Users\Ani\.m2\repository\org\brotli\dec\0.1.2\dec-0.1.2.jar;C:\Users\Ani\.m2\repository\com\shapesecurity\salvation2\3.0.0\salvation2-3.0.0.jar;C:\Users\Ani\.m2\repository\org\eclipse\jetty\websocket\websocket-client\9.4.36.v20210114\websocket-client-9.4.36.v20210114.jar;C:\Users\Ani\.m2\repository\org\eclipse\jetty\jetty-client\9.4.36.v20210114\jetty-client-9.4.36.v20210114.jar;C:\Users\Ani\.m2\repository\org\eclipse\jetty\jetty-http\9.4.36.v20210114\jetty-http-9.4.36.v20210114.jar;C:\Users\Ani\.m2\repository\org\eclipse\jetty\jetty-util\9.4.36.v20210114\jetty-util-9.4.36.v20210114.jar;C:\Users\Ani\.m2\repository\org\eclipse\jetty\jetty-io\9.4.36.v20210114\jetty-io-9.4.36.v20210114.jar;C:\Users\Ani\.m2\repository\org\eclipse\jetty\websocket\websocket-common\9.4.36.v20210114\websocket-common-9.4.36.v20210114.jar;C:\Users\Ani\.m2\repository\org\eclipse\jetty\websocket\websocket-api\9.4.36.v20210114\websocket-api-9.4.36.v20210114.jar;C:\Users\Ani\.m2\repository\org\projectlombok\lombok\1.18.20\lombok-1.18.20.jar;C:\Users\Ani\.m2\repository\org\seleniumhq\selenium\htmlunit-driver\2.47.1\htmlunit-driver-2.47.1.jar;C:\Users\Ani\.m2\repository\com\codeborne\phantomjsdriver\1.4.4\phantomjsdriver-1.4.4.jar;C:\Users\Ani\.m2\repository\io\appium\java-client\7.5.1\java-client-7.5.1.jar;C:\Users\Ani\.m2\repository\commons-validator\commons-validator\1.7\commons-validator-1.7.jar;C:\Users\Ani\.m2\repository\commons-digester\commons-digester\2.1\commons-digester-2.1.jar;C:\Users\Ani\.m2\repository\org\aspectj\aspectjweaver\1.9.6\aspectjweaver-1.9.6.jar;C:\Users\Ani\.m2\repository\net\sf\opencsv\opencsv\2.0\opencsv-2.0.jar;C:\Users\Ani\.m2\repository\commons-beanutils\commons-beanutils\1.9.4\commons-beanutils-1.9.4.jar;C:\Users\Ani\.m2\repository\org\apache\commons\commons-lang3\3.11\commons-lang3-3.11.jar;C:\Users\Ani\.m2\repository\commons-collections\commons-collections\3.2.2\commons-collections-3.2.2.jar;C:\Users\Ani\.m2\repository\org\fluentlenium\fluentlenium-core\0.10.2\fluentlenium-core-0.10.2.jar;C:\Users\Ani\.m2\repository\io\github\bonigarcia\webdrivermanager\4.4.1\webdrivermanager-4.4.1.jar;C:\Users\Ani\.m2\repository\org\apache\httpcomponents\client5\httpclient5\5.0.3\httpclient5-5.0.3.jar;C:\Users\Ani\.m2\repository\org\apache\httpcomponents\core5\httpcore5\5.0.2\httpcore5-5.0.2.jar;C:\Users\Ani\.m2\repository\org\apache\httpcomponents\core5\httpcore5-h2\5.0.2\httpcore5-h2-5.0.2.jar;C:\Users\Ani\.m2\repository\org\rauschig\jarchivelib\1.1.0\jarchivelib-1.1.0.jar;C:\Users\Ani\.m2\repository\org\apache\commons\commons-compress\1.20\commons-compress-1.20.jar;C:\Users\Ani\.m2\repository\com\jhlabs\filters\2.0.235\filters-2.0.235.jar;C:\Users\Ani\.m2\repository\com\paulhammant\ngwebdriver\1.1.5\ngwebdriver-1.1.5.jar;C:\Users\Ani\.m2\repository\joda-time\joda-time\2.8.2\joda-time-2.8.2.jar;C:\Users\Ani\.m2\repository\com\google\jimfs\jimfs\1.1\jimfs-1.1.jar;C:\Users\Ani\.m2\repository\org\mockito\mockito-core\3.3.3\mockito-core-3.3.3.jar;C:\Users\Ani\.m2\repository\javax\xml\bind\jaxb-api\2.3.1\jaxb-api-2.3.1.jar;C:\Users\Ani\.m2\repository\javax\activation\javax.activation-api\1.2.0\javax.activation-api-1.2.0.jar;C:\Users\Ani\.m2\repository\com\sun\xml\bind\jaxb-core\2.3.0.1\jaxb-core-2.3.0.1.jar;C:\Users\Ani\.m2\repository\com\sun\xml\bind\jaxb-impl\2.3.3\jaxb-impl-2.3.3.jar;C:\Users\Ani\.m2\repository\com\sun\activation\jakarta.activation\1.2.2\jakarta.activation-1.2.2.jar;C:\Users\Ani\.m2\repository\javax\activation\activation\1.1.1\activation-1.1.1.jar;C:\Users\Ani\.m2\repository\net\serenity-bdd\serenity-junit\2.4.51\serenity-junit-2.4.51.jar;C:\Users\Ani\.m2\repository\com\googlecode\json-simple\json-simple\1.1.1\json-simple-1.1.1.jar;C:\Users\Ani\.m2\repository\net\serenity-bdd\serenity-rest-assured\2.4.51\serenity-rest-assured-2.4.51.jar;C:\Users\Ani\.m2\repository\org\codehaus\groovy\groovy-json\3.0.8\groovy-json-3.0.8.jar;C:\Users\Ani\.m2\repository\org\opentest4j\opentest4j\1.2.0\opentest4j-1.2.0.jar;C:\Users\Ani\.m2\repository\net\serenity-bdd\serenity-screenplay\2.4.51\serenity-screenplay-2.4.51.jar;C:\Users\Ani\.m2\repository\net\serenity-bdd\serenity-screenplay-rest\2.4.51\serenity-screenplay-rest-2.4.51.jar;C:\Users\Ani\.m2\repository\net\serenity-bdd\serenity-cucumber6\2.4.51\serenity-cucumber6-2.4.51.jar;C:\Users\Ani\.m2\repository\net\serenity-bdd\serenity-screenplay-webdriver\2.4.51\serenity-screenplay-webdriver-2.4.51.jar;C:\Users\Ani\.m2\repository\io\cucumber\cucumber-java\6.10.4\cucumber-java-6.10.4.jar;C:\Users\Ani\.m2\repository\org\apiguardian\apiguardian-api\1.1.1\apiguardian-api-1.1.1.jar;C:\Users\Ani\.m2\repository\io\cucumber\cucumber-junit\6.10.4\cucumber-junit-6.10.4.jar;C:\Users\Ani\.m2\repository\io\cucumber\datatable-matchers\3.4.0\datatable-matchers-3.4.0.jar;C:\Users\Ani\.m2\repository\io\cucumber\datatable\3.4.0\datatable-3.4.0.jar;C:\Users\Ani\.m2\repository\commons-logging\commons-logging\1.2\commons-logging-1.2.jar;C:\Users\Ani\.m2\repository\org\apache\commons\commons-csv\1.5\commons-csv-1.5.jar;C:\Users\Ani\.m2\repository\io\rest-assured\rest-assured\4.3.2\rest-assured-4.3.2.jar;C:\Users\Ani\.m2\repository\org\apache\httpcomponents\httpclient\4.5.3\httpclient-4.5.3.jar;C:\Users\Ani\.m2\repository\org\apache\httpcomponents\httpcore\4.4.6\httpcore-4.4.6.jar;C:\Users\Ani\.m2\repository\org\apache\httpcomponents\httpmime\4.5.3\httpmime-4.5.3.jar;C:\Users\Ani\.m2\repository\org\ccil\cowan\tagsoup\tagsoup\1.2.1\tagsoup-1.2.1.jar;C:\Users\Ani\.m2\repository\io\rest-assured\json-path\4.3.3\json-path-4.3.3.jar;C:\Users\Ani\.m2\repository\io\rest-assured\rest-assured-common\4.3.3\rest-assured-common-4.3.3.jar;C:\Users\Ani\.m2\repository\io\rest-assured\xml-path\4.3.3\xml-path-4.3.3.jar;C:\Users\Ani\.m2\repository\jakarta\xml\bind\jakarta.xml.bind-api\2.3.3\jakarta.xml.bind-api-2.3.3.jar;C:\Users\Ani\.m2\repository\jakarta\activation\jakarta.activation-api\1.2.2\jakarta.activation-api-1.2.2.jar;C:\Users\Ani\.m2\repository\org\codehaus\groovy\groovy\3.0.6\groovy-3.0.6.jar;C:\Users\Ani\.m2\repository\org\codehaus\groovy\groovy-xml\3.0.6\groovy-xml-3.0.6.jar;C:\Users\Ani\.m2\repository\junit\junit\4.13.1\junit-4.13.1.jar;C:\Users\Ani\.m2\repository\org\hamcrest\hamcrest-core\1.3\hamcrest-core-1.3.jar;C:\Users\Ani\.m2\repository\org\assertj\assertj-core\3.6.2\assertj-core-3.6.2.jar;C:\Users\Ani\.m2\repository\org\hamcrest\hamcrest\2.2\hamcrest-2.2.jar;C:\Users\Ani\.m2\repository\com\github\javafaker\javafaker\0.15\javafaker-0.15.jar;C:\Users\Ani\.m2\repository\org\yaml\snakeyaml\1.20\snakeyaml-1.20-android.jar;C:\Users\Ani\.m2\repository\com\github\mifmif\generex\1.0.2\generex-1.0.2.jar;C:\Users\Ani\.m2\repository\dk\brics\automaton\automaton\1.11-8\automaton-1.11-8.jar;"/>
    <property name="sun.cpu.endian" value="little"/>
    <property name="user.home" value="C:\Users\Ani"/>
    <property name="user.language" value="en"/>
    <property name="java.specification.vendor" value="Oracle Corporation"/>
    <property name="jdk.module.path" value="C:\Users\Ani\IdeaProjects\automationApi-Capstone\target\automationApi-Capstone-1.0-SNAPSHOT.jar"/>
    <property name="java.version.date" value="2022-04-22"/>
    <property name="java.home" value="C:\Program Files\Java\jdk-17.0.3.1"/>
    <property name="file.separator" value="\"/>
    <property name="basedir" value="C:\Users\Ani\IdeaProjects\automationApi-Capstone"/>
    <property name="java.vm.compressedOopsMode" value="32-bit"/>
    <property name="line.separator" value="&#10;"/>
    <property name="java.vm.specification.vendor" value="Oracle Corporation"/>
    <property name="java.specification.name" value="Java Platform API Specification"/>
    <property name="surefire.real.class.path" value="C:\Users\Ani\.m2\repository\org\apache\maven\surefire\surefire-booter\3.0.0-M5\surefire-booter-3.0.0-M5.jar;C:\Users\Ani\.m2\repository\org\apache\maven\surefire\surefire-api\3.0.0-M5\surefire-api-3.0.0-M5.jar;C:\Users\Ani\.m2\repository\org\apache\maven\surefire\surefire-logger-api\3.0.0-M5\surefire-logger-api-3.0.0-M5.jar;C:\Users\Ani\.m2\repository\org\apache\maven\surefire\surefire-shared-utils\3.0.0-M4\surefire-shared-utils-3.0.0-M4.jar;C:\Users\Ani\.m2\repository\org\apache\maven\surefire\surefire-extensions-spi\3.0.0-M5\surefire-extensions-spi-3.0.0-M5.jar;C:\Users\Ani\IdeaProjects\automationApi-Capstone\target\test-classes;C:\Users\Ani\.m2\repository\ch\qos\logback\logback-classic\1.2.3\logback-classic-1.2.3.jar;C:\Users\Ani\.m2\repository\ch\qos\logback\logback-core\1.2.3\logback-core-1.2.3.jar;C:\Users\Ani\.m2\repository\org\slf4j\slf4j-api\1.7.25\slf4j-api-1.7.25.jar;C:\Users\Ani\.m2\repository\net\serenity-bdd\serenity-core\2.4.51\serenity-core-2.4.51.jar;C:\Users\Ani\.m2\repository\net\serenity-bdd\serenity-model\2.4.51\serenity-model-2.4.51.jar;C:\Users\Ani\.m2\repository\org\apache\commons\commons-text\1.9\commons-text-1.9.jar;C:\Users\Ani\.m2\repository\commons-net\commons-net\3.6\commons-net-3.6.jar;C:\Users\Ani\.m2\repository\com\google\guava\guava\30.1-jre\guava-30.1-jre.jar;C:\Users\Ani\.m2\repository\com\google\guava\failureaccess\1.0.1\failureaccess-1.0.1.jar;C:\Users\Ani\.m2\repository\com\google\guava\listenablefuture\9999.0-empty-to-avoid-conflict-with-guava\listenablefuture-9999.0-empty-to-avoid-conflict-with-guava.jar;C:\Users\Ani\.m2\repository\com\google\code\findbugs\jsr305\3.0.2\jsr305-3.0.2.jar;C:\Users\Ani\.m2\repository\org\checkerframework\checker-qual\3.5.0\checker-qual-3.5.0.jar;C:\Users\Ani\.m2\repository\com\google\errorprone\error_prone_annotations\2.3.4\error_prone_annotations-2.3.4.jar;C:\Users\Ani\.m2\repository\com\google\j2objc\j2objc-annotations\1.3\j2objc-annotations-1.3.jar;C:\Users\Ani\.m2\repository\com\google\inject\guice\5.0.1\guice-5.0.1.jar;C:\Users\Ani\.m2\repository\javax\inject\javax.inject\1\javax.inject-1.jar;C:\Users\Ani\.m2\repository\aopalliance\aopalliance\1.0\aopalliance-1.0.jar;C:\Users\Ani\.m2\repository\org\jsoup\jsoup\1.13.1\jsoup-1.13.1.jar;C:\Users\Ani\.m2\repository\com\thoughtworks\xstream\xstream\1.4.17\xstream-1.4.17.jar;C:\Users\Ani\.m2\repository\io\github\x-stream\mxparser\1.2.1\mxparser-1.2.1.jar;C:\Users\Ani\.m2\repository\xmlpull\xmlpull\1.1.3.1\xmlpull-1.1.3.1.jar;C:\Users\Ani\.m2\repository\io\cucumber\cucumber-core\6.10.2\cucumber-core-6.10.2.jar;C:\Users\Ani\.m2\repository\io\cucumber\cucumber-gherkin\6.10.2\cucumber-gherkin-6.10.2.jar;C:\Users\Ani\.m2\repository\io\cucumber\cucumber-gherkin-messages\6.10.2\cucumber-gherkin-messages-6.10.2.jar;C:\Users\Ani\.m2\repository\io\cucumber\messages\14.0.1\messages-14.0.1.jar;C:\Users\Ani\.m2\repository\io\cucumber\tag-expressions\3.0.0\tag-expressions-3.0.0.jar;C:\Users\Ani\.m2\repository\io\cucumber\cucumber-expressions\10.3.0\cucumber-expressions-10.3.0.jar;C:\Users\Ani\.m2\repository\io\cucumber\cucumber-plugin\6.10.2\cucumber-plugin-6.10.2.jar;C:\Users\Ani\.m2\repository\io\cucumber\docstring\6.10.2\docstring-6.10.2.jar;C:\Users\Ani\.m2\repository\io\cucumber\html-formatter\12.0.0\html-formatter-12.0.0.jar;C:\Users\Ani\.m2\repository\io\cucumber\create-meta\3.0.0\create-meta-3.0.0.jar;C:\Users\Ani\.m2\repository\com\typesafe\config\1.3.1\config-1.3.1.jar;C:\Users\Ani\.m2\repository\org\imgscalr\imgscalr-lib\4.2\imgscalr-lib-4.2.jar;C:\Users\Ani\.m2\repository\org\awaitility\awaitility\4.0.3\awaitility-4.0.3.jar;C:\Users\Ani\.m2\repository\org\freemarker\freemarker\2.3.29\freemarker-2.3.29.jar;C:\Users\Ani\.m2\repository\net\sourceforge\jexcelapi\jxl\2.6.12\jxl-2.6.12.jar;C:\Users\Ani\.m2\repository\org\asciidoctor\asciidoctorj\2.5.1\asciidoctorj-2.5.1.jar;C:\Users\Ani\.m2\repository\org\asciidoctor\asciidoctorj-api\2.5.1\asciidoctorj-api-2.5.1.jar;C:\Users\Ani\.m2\repository\org\jruby\jruby\9.2.17.0\jruby-9.2.17.0.jar;C:\Users\Ani\.m2\repository\org\jruby\jruby-core\9.2.17.0\jruby-core-9.2.17.0.jar;C:\Users\Ani\.m2\repository\com\github\jnr\jnr-netdb\1.2.0\jnr-netdb-1.2.0.jar;C:\Users\Ani\.m2\repository\com\github\jnr\jnr-enxio\0.32.3\jnr-enxio-0.32.3.jar;C:\Users\Ani\.m2\repository\com\github\jnr\jnr-unixsocket\0.38.5\jnr-unixsocket-0.38.5.jar;C:\Users\Ani\.m2\repository\com\github\jnr\jnr-posix\3.1.4\jnr-posix-3.1.4.jar;C:\Users\Ani\.m2\repository\com\github\jnr\jnr-constants\0.10.1\jnr-constants-0.10.1.jar;C:\Users\Ani\.m2\repository\com\github\jnr\jffi\1.3.1\jffi-1.3.1.jar;C:\Users\Ani\.m2\repository\com\github\jnr\jffi\1.3.1\jffi-1.3.1-native.jar;C:\Users\Ani\.m2\repository\org\jruby\joni\joni\2.1.31\joni-2.1.31.jar;C:\Users\Ani\.m2\repository\org\jruby\jcodings\jcodings\1.0.46\jcodings-1.0.46.jar;C:\Users\Ani\.m2\repository\org\jruby\dirgra\0.3\dirgra-0.3.jar;C:\Users\Ani\.m2\repository\com\headius\invokebinder\1.11\invokebinder-1.11.jar;C:\Users\Ani\.m2\repository\com\headius\options\1.4\options-1.4.jar;C:\Users\Ani\.m2\repository\com\jcraft\jzlib\1.1.3\jzlib-1.1.3.jar;C:\Users\Ani\.m2\repository\com\martiansoftware\nailgun-server\0.9.1\nailgun-server-0.9.1.jar;C:\Users\Ani\.m2\repository\com\headius\backport9\1.8\backport9-1.8.jar;C:\Users\Ani\.m2\repository\javax\annotation\javax.annotation-api\1.3.1\javax.annotation-api-1.3.1.jar;C:\Users\Ani\.m2\repository\org\jruby\jruby-stdlib\9.2.17.0\jruby-stdlib-9.2.17.0.jar;C:\Users\Ani\.m2\repository\net\bytebuddy\byte-buddy\1.11.1\byte-buddy-1.11.1.jar;C:\Users\Ani\.m2\repository\net\bytebuddy\byte-buddy-agent\1.11.1\byte-buddy-agent-1.11.1.jar;C:\Users\Ani\.m2\repository\org\objenesis\objenesis\3.1\objenesis-3.1.jar;C:\Users\Ani\.m2\repository\net\serenity-bdd\serenity-reports\2.4.51\serenity-reports-2.4.51.jar;C:\Users\Ani\.m2\repository\net\serenity-bdd\serenity-stats\2.4.51\serenity-stats-2.4.51.jar;C:\Users\Ani\.m2\repository\org\jetbrains\kotlin\kotlin-stdlib\1.5.0\kotlin-stdlib-1.5.0.jar;C:\Users\Ani\.m2\repository\org\jetbrains\annotations\13.0\annotations-13.0.jar;C:\Users\Ani\.m2\repository\org\jetbrains\kotlin\kotlin-stdlib-common\1.5.0\kotlin-stdlib-common-1.5.0.jar;C:\Users\Ani\.m2\repository\net\serenity-bdd\serenity-reports-configuration\2.4.51\serenity-reports-configuration-2.4.51.jar;C:\Users\Ani\.m2\repository\com\vladsch\flexmark\flexmark-all\0.34.30\flexmark-all-0.34.30.jar;C:\Users\Ani\.m2\repository\com\vladsch\flexmark\flexmark\0.34.30\flexmark-0.34.30.jar;C:\Users\Ani\.m2\repository\com\vladsch\flexmark\flexmark-ext-abbreviation\0.34.30\flexmark-ext-abbreviation-0.34.30.jar;C:\Users\Ani\.m2\repository\com\vladsch\flexmark\flexmark-ext-admonition\0.34.30\flexmark-ext-admonition-0.34.30.jar;C:\Users\Ani\.m2\repository\com\vladsch\flexmark\flexmark-ext-anchorlink\0.34.30\flexmark-ext-anchorlink-0.34.30.jar;C:\Users\Ani\.m2\repository\com\vladsch\flexmark\flexmark-ext-aside\0.34.30\flexmark-ext-aside-0.34.30.jar;C:\Users\Ani\.m2\repository\com\vladsch\flexmark\flexmark-ext-attributes\0.34.30\flexmark-ext-attributes-0.34.30.jar;C:\Users\Ani\.m2\repository\com\vladsch\flexmark\flexmark-ext-autolink\0.34.30\flexmark-ext-autolink-0.34.30.jar;C:\Users\Ani\.m2\repository\org\nibor\autolink\autolink\0.6.0\autolink-0.6.0.jar;C:\Users\Ani\.m2\repository\com\vladsch\flexmark\flexmark-ext-definition\0.34.30\flexmark-ext-definition-0.34.30.jar;C:\Users\Ani\.m2\repository\com\vladsch\flexmark\flexmark-ext-emoji\0.34.30\flexmark-ext-emoji-0.34.30.jar;C:\Users\Ani\.m2\repository\com\vladsch\flexmark\flexmark-ext-enumerated-reference\0.34.30\flexmark-ext-enumerated-reference-0.34.30.jar;C:\Users\Ani\.m2\repository\com\vladsch\flexmark\flexmark-ext-escaped-character\0.34.30\flexmark-ext-escaped-character-0.34.30.jar;C:\Users\Ani\.m2\repository\com\vladsch\flexmark\flexmark-ext-footnotes\0.34.30\flexmark-ext-footnotes-0.34.30.jar;C:\Users\Ani\.m2\repository\com\vladsch\flexmark\flexmark-ext-gfm-issues\0.34.30\flexmark-ext-gfm-issues-0.34.30.jar;C:\Users\Ani\.m2\repository\com\vladsch\flexmark\flexmark-ext-gfm-strikethrough\0.34.30\flexmark-ext-gfm-strikethrough-0.34.30.jar;C:\Users\Ani\.m2\repository\com\vladsch\flexmark\flexmark-ext-gfm-tables\0.34.30\flexmark-ext-gfm-tables-0.34.30.jar;C:\Users\Ani\.m2\repository\com\vladsch\flexmark\flexmark-ext-gfm-tasklist\0.34.30\flexmark-ext-gfm-tasklist-0.34.30.jar;C:\Users\Ani\.m2\repository\com\vladsch\flexmark\flexmark-ext-gfm-users\0.34.30\flexmark-ext-gfm-users-0.34.30.jar;C:\Users\Ani\.m2\repository\com\vladsch\flexmark\flexmark-ext-gitlab\0.34.30\flexmark-ext-gitlab-0.34.30.jar;C:\Users\Ani\.m2\repository\com\vladsch\flexmark\flexmark-ext-jekyll-front-matter\0.34.30\flexmark-ext-jekyll-front-matter-0.34.30.jar;C:\Users\Ani\.m2\repository\com\vladsch\flexmark\flexmark-ext-jekyll-tag\0.34.30\flexmark-ext-jekyll-tag-0.34.30.jar;C:\Users\Ani\.m2\repository\com\vladsch\flexmark\flexmark-ext-media-tags\0.34.30\flexmark-ext-media-tags-0.34.30.jar;C:\Users\Ani\.m2\repository\com\vladsch\flexmark\flexmark-test-util\0.34.30\flexmark-test-util-0.34.30.jar;C:\Users\Ani\.m2\repository\com\vladsch\flexmark\flexmark-ext-ins\0.34.30\flexmark-ext-ins-0.34.30.jar;C:\Users\Ani\.m2\repository\com\vladsch\flexmark\flexmark-ext-xwiki-macros\0.34.30\flexmark-ext-xwiki-macros-0.34.30.jar;C:\Users\Ani\.m2\repository\com\vladsch\flexmark\flexmark-ext-superscript\0.34.30\flexmark-ext-superscript-0.34.30.jar;C:\Users\Ani\.m2\repository\com\vladsch\flexmark\flexmark-ext-tables\0.34.30\flexmark-ext-tables-0.34.30.jar;C:\Users\Ani\.m2\repository\com\vladsch\flexmark\flexmark-ext-toc\0.34.30\flexmark-ext-toc-0.34.30.jar;C:\Users\Ani\.m2\repository\com\vladsch\flexmark\flexmark-ext-typographic\0.34.30\flexmark-ext-typographic-0.34.30.jar;C:\Users\Ani\.m2\repository\com\vladsch\flexmark\flexmark-ext-wikilink\0.34.30\flexmark-ext-wikilink-0.34.30.jar;C:\Users\Ani\.m2\repository\com\vladsch\flexmark\flexmark-ext-yaml-front-matter\0.34.30\flexmark-ext-yaml-front-matter-0.34.30.jar;C:\Users\Ani\.m2\repository\com\vladsch\flexmark\flexmark-ext-youtube-embedded\0.34.30\flexmark-ext-youtube-embedded-0.34.30.jar;C:\Users\Ani\.m2\repository\com\vladsch\flexmark\flexmark-formatter\0.34.30\flexmark-formatter-0.34.30.jar;C:\Users\Ani\.m2\repository\com\vladsch\flexmark\flexmark-html-parser\0.34.30\flexmark-html-parser-0.34.30.jar;C:\Users\Ani\.m2\repository\com\vladsch\flexmark\flexmark-jira-converter\0.34.30\flexmark-jira-converter-0.34.30.jar;C:\Users\Ani\.m2\repository\com\vladsch\flexmark\flexmark-pdf-converter\0.34.30\flexmark-pdf-converter-0.34.30.jar;C:\Users\Ani\.m2\repository\com\openhtmltopdf\openhtmltopdf-core\0.0.1-RC13\openhtmltopdf-core-0.0.1-RC13.jar;C:\Users\Ani\.m2\repository\com\openhtmltopdf\openhtmltopdf-pdfbox\0.0.1-RC13\openhtmltopdf-pdfbox-0.0.1-RC13.jar;C:\Users\Ani\.m2\repository\org\apache\pdfbox\pdfbox\2.0.8\pdfbox-2.0.8.jar;C:\Users\Ani\.m2\repository\org\apache\pdfbox\fontbox\2.0.8\fontbox-2.0.8.jar;C:\Users\Ani\.m2\repository\org\apache\pdfbox\xmpbox\2.0.8\xmpbox-2.0.8.jar;C:\Users\Ani\.m2\repository\de\rototor\pdfbox\graphics2d\0.12\graphics2d-0.12.jar;C:\Users\Ani\.m2\repository\com\openhtmltopdf\openhtmltopdf-rtl-support\0.0.1-RC13\openhtmltopdf-rtl-support-0.0.1-RC13.jar;C:\Users\Ani\.m2\repository\com\ibm\icu\icu4j\59.1\icu4j-59.1.jar;C:\Users\Ani\.m2\repository\com\openhtmltopdf\openhtmltopdf-jsoup-dom-converter\0.0.1-RC13\openhtmltopdf-jsoup-dom-converter-0.0.1-RC13.jar;C:\Users\Ani\.m2\repository\com\vladsch\flexmark\flexmark-profile-pegdown\0.34.30\flexmark-profile-pegdown-0.34.30.jar;C:\Users\Ani\.m2\repository\com\vladsch\flexmark\flexmark-util\0.34.30\flexmark-util-0.34.30.jar;C:\Users\Ani\.m2\repository\com\vladsch\flexmark\flexmark-youtrack-converter\0.34.30\flexmark-youtrack-converter-0.34.30.jar;C:\Users\Ani\.m2\repository\es\nitaur\markdown\txtmark\0.16\txtmark-0.16.jar;C:\Users\Ani\.m2\repository\net\serenity-bdd\serenity-report-resources\2.4.51\serenity-report-resources-2.4.51.jar;C:\Users\Ani\.m2\repository\com\google\code\gson\gson\2.8.7\gson-2.8.7.jar;C:\Users\Ani\.m2\repository\com\fasterxml\jackson\core\jackson-core\2.12.4\jackson-core-2.12.4.jar;C:\Users\Ani\.m2\repository\com\fasterxml\jackson\core\jackson-databind\2.12.4\jackson-databind-2.12.4.jar;C:\Users\Ani\.m2\repository\com\fasterxml\jackson\core\jackson-annotations\2.12.4\jackson-annotations-2.12.4.jar;C:\Users\Ani\.m2\repository\commons-codec\commons-codec\1.15\commons-codec-1.15.jar;C:\Users\Ani\.m2\repository\commons-io\commons-io\2.8.0\commons-io-2.8.0.jar;C:\Users\Ani\.m2\repository\org\seleniumhq\selenium\selenium-server\3.141.59\selenium-server-3.141.59.jar;C:\Users\Ani\.m2\repository\org\seleniumhq\selenium\selenium-opera-driver\3.141.59\selenium-opera-driver-3.141.59.jar;C:\Users\Ani\.m2\repository\org\seleniumhq\selenium\selenium-remote-driver\3.141.59\selenium-remote-driver-3.141.59.jar;C:\Users\Ani\.m2\repository\org\seleniumhq\selenium\selenium-safari-driver\3.141.59\selenium-safari-driver-3.141.59.jar;C:\Users\Ani\.m2\repository\com\beust\jcommander\1.72\jcommander-1.72.jar;C:\Users\Ani\.m2\repository\org\apache\commons\commons-exec\1.3\commons-exec-1.3.jar;C:\Users\Ani\.m2\repository\net\jcip\jcip-annotations\1.0\jcip-annotations-1.0.jar;C:\Users\Ani\.m2\repository\org\seleniumhq\selenium\jetty-repacked\9.4.12.v20180830\jetty-repacked-9.4.12.v20180830.jar;C:\Users\Ani\.m2\repository\com\squareup\okhttp3\okhttp\3.11.0\okhttp-3.11.0.jar;C:\Users\Ani\.m2\repository\com\squareup\okio\okio\1.14.0\okio-1.14.0.jar;C:\Users\Ani\.m2\repository\javax\servlet\javax.servlet-api\3.1.0\javax.servlet-api-3.1.0.jar;C:\Users\Ani\.m2\repository\org\yaml\snakeyaml\1.19\snakeyaml-1.19.jar;C:\Users\Ani\.m2\repository\org\seleniumhq\selenium\selenium-java\3.141.59\selenium-java-3.141.59.jar;C:\Users\Ani\.m2\repository\org\seleniumhq\selenium\selenium-api\3.141.59\selenium-api-3.141.59.jar;C:\Users\Ani\.m2\repository\org\seleniumhq\selenium\selenium-support\3.141.59\selenium-support-3.141.59.jar;C:\Users\Ani\.m2\repository\org\seleniumhq\selenium\selenium-chrome-driver\3.141.59\selenium-chrome-driver-3.141.59.jar;C:\Users\Ani\.m2\repository\org\seleniumhq\selenium\selenium-firefox-driver\3.141.59\selenium-firefox-driver-3.141.59.jar;C:\Users\Ani\.m2\repository\org\seleniumhq\selenium\selenium-edge-driver\3.141.59\selenium-edge-driver-3.141.59.jar;C:\Users\Ani\.m2\repository\org\seleniumhq\selenium\selenium-ie-driver\3.141.59\selenium-ie-driver-3.141.59.jar;C:\Users\Ani\.m2\repository\net\sourceforge\htmlunit\htmlunit\2.47.1\htmlunit-2.47.1.jar;C:\Users\Ani\.m2\repository\xalan\xalan\2.7.2\xalan-2.7.2.jar;C:\Users\Ani\.m2\repository\xalan\serializer\2.7.2\serializer-2.7.2.jar;C:\Users\Ani\.m2\repository\net\sourceforge\htmlunit\htmlunit-core-js\2.47.0\htmlunit-core-js-2.47.0.jar;C:\Users\Ani\.m2\repository\net\sourceforge\htmlunit\neko-htmlunit\2.47.1\neko-htmlunit-2.47.1.jar;C:\Users\Ani\.m2\repository\xerces\xercesImpl\2.12.0\xercesImpl-2.12.0.jar;C:\Users\Ani\.m2\repository\xml-apis\xml-apis\1.4.01\xml-apis-1.4.01.jar;C:\Users\Ani\.m2\repository\net\sourceforge\htmlunit\htmlunit-cssparser\1.7.0\htmlunit-cssparser-1.7.0.jar;C:\Users\Ani\.m2\repository\org\brotli\dec\0.1.2\dec-0.1.2.jar;C:\Users\Ani\.m2\repository\com\shapesecurity\salvation2\3.0.0\salvation2-3.0.0.jar;C:\Users\Ani\.m2\repository\org\eclipse\jetty\websocket\websocket-client\9.4.36.v20210114\websocket-client-9.4.36.v20210114.jar;C:\Users\Ani\.m2\repository\org\eclipse\jetty\jetty-client\9.4.36.v20210114\jetty-client-9.4.36.v20210114.jar;C:\Users\Ani\.m2\repository\org\eclipse\jetty\jetty-http\9.4.36.v20210114\jetty-http-9.4.36.v20210114.jar;C:\Users\Ani\.m2\repository\org\eclipse\jetty\jetty-util\9.4.36.v20210114\jetty-util-9.4.36.v20210114.jar;C:\Users\Ani\.m2\repository\org\eclipse\jetty\jetty-io\9.4.36.v20210114\jetty-io-9.4.36.v20210114.jar;C:\Users\Ani\.m2\repository\org\eclipse\jetty\websocket\websocket-common\9.4.36.v20210114\websocket-common-9.4.36.v20210114.jar;C:\Users\Ani\.m2\repository\org\eclipse\jetty\websocket\websocket-api\9.4.36.v20210114\websocket-api-9.4.36.v20210114.jar;C:\Users\Ani\.m2\repository\org\projectlombok\lombok\1.18.20\lombok-1.18.20.jar;C:\Users\Ani\.m2\repository\org\seleniumhq\selenium\htmlunit-driver\2.47.1\htmlunit-driver-2.47.1.jar;C:\Users\Ani\.m2\repository\com\codeborne\phantomjsdriver\1.4.4\phantomjsdriver-1.4.4.jar;C:\Users\Ani\.m2\repository\io\appium\java-client\7.5.1\java-client-7.5.1.jar;C:\Users\Ani\.m2\repository\commons-validator\commons-validator\1.7\commons-validator-1.7.jar;C:\Users\Ani\.m2\repository\commons-digester\commons-digester\2.1\commons-digester-2.1.jar;C:\Users\Ani\.m2\repository\org\aspectj\aspectjweaver\1.9.6\aspectjweaver-1.9.6.jar;C:\Users\Ani\.m2\repository\net\sf\opencsv\opencsv\2.0\opencsv-2.0.jar;C:\Users\Ani\.m2\repository\commons-beanutils\commons-beanutils\1.9.4\commons-beanutils-1.9.4.jar;C:\Users\Ani\.m2\repository\org\apache\commons\commons-lang3\3.11\commons-lang3-3.11.jar;C:\Users\Ani\.m2\repository\commons-collections\commons-collections\3.2.2\commons-collections-3.2.2.jar;C:\Users\Ani\.m2\repository\org\fluentlenium\fluentlenium-core\0.10.2\fluentlenium-core-0.10.2.jar;C:\Users\Ani\.m2\repository\io\github\bonigarcia\webdrivermanager\4.4.1\webdrivermanager-4.4.1.jar;C:\Users\Ani\.m2\repository\org\apache\httpcomponents\client5\httpclient5\5.0.3\httpclient5-5.0.3.jar;C:\Users\Ani\.m2\repository\org\apache\httpcomponents\core5\httpcore5\5.0.2\httpcore5-5.0.2.jar;C:\Users\Ani\.m2\repository\org\apache\httpcomponents\core5\httpcore5-h2\5.0.2\httpcore5-h2-5.0.2.jar;C:\Users\Ani\.m2\repository\org\rauschig\jarchivelib\1.1.0\jarchivelib-1.1.0.jar;C:\Users\Ani\.m2\repository\org\apache\commons\commons-compress\1.20\commons-compress-1.20.jar;C:\Users\Ani\.m2\repository\com\jhlabs\filters\2.0.235\filters-2.0.235.jar;C:\Users\Ani\.m2\repository\com\paulhammant\ngwebdriver\1.1.5\ngwebdriver-1.1.5.jar;C:\Users\Ani\.m2\repository\joda-time\joda-time\2.8.2\joda-time-2.8.2.jar;C:\Users\Ani\.m2\repository\com\google\jimfs\jimfs\1.1\jimfs-1.1.jar;C:\Users\Ani\.m2\repository\org\mockito\mockito-core\3.3.3\mockito-core-3.3.3.jar;C:\Users\Ani\.m2\repository\javax\xml\bind\jaxb-api\2.3.1\jaxb-api-2.3.1.jar;C:\Users\Ani\.m2\repository\javax\activation\javax.activation-api\1.2.0\javax.activation-api-1.2.0.jar;C:\Users\Ani\.m2\repository\com\sun\xml\bind\jaxb-core\2.3.0.1\jaxb-core-2.3.0.1.jar;C:\Users\Ani\.m2\repository\com\sun\xml\bind\jaxb-impl\2.3.3\jaxb-impl-2.3.3.jar;C:\Users\Ani\.m2\repository\com\sun\activation\jakarta.activation\1.2.2\jakarta.activation-1.2.2.jar;C:\Users\Ani\.m2\repository\javax\activation\activation\1.1.1\activation-1.1.1.jar;C:\Users\Ani\.m2\repository\net\serenity-bdd\serenity-junit\2.4.51\serenity-junit-2.4.51.jar;C:\Users\Ani\.m2\repository\com\googlecode\json-simple\json-simple\1.1.1\json-simple-1.1.1.jar;C:\Users\Ani\.m2\repository\net\serenity-bdd\serenity-rest-assured\2.4.51\serenity-rest-assured-2.4.51.jar;C:\Users\Ani\.m2\repository\org\codehaus\groovy\groovy-json\3.0.8\groovy-json-3.0.8.jar;C:\Users\Ani\.m2\repository\org\opentest4j\opentest4j\1.2.0\opentest4j-1.2.0.jar;C:\Users\Ani\.m2\repository\net\serenity-bdd\serenity-screenplay\2.4.51\serenity-screenplay-2.4.51.jar;C:\Users\Ani\.m2\repository\net\serenity-bdd\serenity-screenplay-rest\2.4.51\serenity-screenplay-rest-2.4.51.jar;C:\Users\Ani\.m2\repository\net\serenity-bdd\serenity-cucumber6\2.4.51\serenity-cucumber6-2.4.51.jar;C:\Users\Ani\.m2\repository\net\serenity-bdd\serenity-screenplay-webdriver\2.4.51\serenity-screenplay-webdriver-2.4.51.jar;C:\Users\Ani\.m2\repository\io\cucumber\cucumber-java\6.10.4\cucumber-java-6.10.4.jar;C:\Users\Ani\.m2\repository\org\apiguardian\apiguardian-api\1.1.1\apiguardian-api-1.1.1.jar;C:\Users\Ani\.m2\repository\io\cucumber\cucumber-junit\6.10.4\cucumber-junit-6.10.4.jar;C:\Users\Ani\.m2\repository\io\cucumber\datatable-matchers\3.4.0\datatable-matchers-3.4.0.jar;C:\Users\Ani\.m2\repository\io\cucumber\datatable\3.4.0\datatable-3.4.0.jar;C:\Users\Ani\.m2\repository\commons-logging\commons-logging\1.2\commons-logging-1.2.jar;C:\Users\Ani\.m2\repository\org\apache\commons\commons-csv\1.5\commons-csv-1.5.jar;C:\Users\Ani\.m2\repository\io\rest-assured\rest-assured\4.3.2\rest-assured-4.3.2.jar;C:\Users\Ani\.m2\repository\org\apache\httpcomponents\httpclient\4.5.3\httpclient-4.5.3.jar;C:\Users\Ani\.m2\repository\org\apache\httpcomponents\httpcore\4.4.6\httpcore-4.4.6.jar;C:\Users\Ani\.m2\repository\org\apache\httpcomponents\httpmime\4.5.3\httpmime-4.5.3.jar;C:\Users\Ani\.m2\repository\org\ccil\cowan\tagsoup\tagsoup\1.2.1\tagsoup-1.2.1.jar;C:\Users\Ani\.m2\repository\io\rest-assured\json-path\4.3.3\json-path-4.3.3.jar;C:\Users\Ani\.m2\repository\io\rest-assured\rest-assured-common\4.3.3\rest-assured-common-4.3.3.jar;C:\Users\Ani\.m2\repository\io\rest-assured\xml-path\4.3.3\xml-path-4.3.3.jar;C:\Users\Ani\.m2\repository\jakarta\xml\bind\jakarta.xml.bind-api\2.3.3\jakarta.xml.bind-api-2.3.3.jar;C:\Users\Ani\.m2\repository\jakarta\activation\jakarta.activation-api\1.2.2\jakarta.activation-api-1.2.2.jar;C:\Users\Ani\.m2\repository\org\codehaus\groovy\groovy\3.0.6\groovy-3.0.6.jar;C:\Users\Ani\.m2\repository\org\codehaus\groovy\groovy-xml\3.0.6\groovy-xml-3.0.6.jar;C:\Users\Ani\.m2\repository\junit\junit\4.13.1\junit-4.13.1.jar;C:\Users\Ani\.m2\repository\org\hamcrest\hamcrest-core\1.3\hamcrest-core-1.3.jar;C:\Users\Ani\.m2\repository\org\assertj\assertj-core\3.6.2\assertj-core-3.6.2.jar;C:\Users\Ani\.m2\repository\org\hamcrest\hamcrest\2.2\hamcrest-2.2.jar;C:\Users\Ani\.m2\repository\com\github\javafaker\javafaker\0.15\javafaker-0.15.jar;C:\Users\Ani\.m2\repository\org\yaml\snakeyaml\1.20\snakeyaml-1.20-android.jar;C:\Users\Ani\.m2\repository\com\github\mifmif\generex\1.0.2\generex-1.0.2.jar;C:\Users\Ani\.m2\repository\dk\brics\automaton\automaton\1.11-8\automaton-1.11-8.jar;C:\Users\Ani\.m2\repository\org\apache\maven\surefire\surefire-junit47\3.0.0-M5\surefire-junit47-3.0.0-M5.jar;C:\Users\Ani\.m2\repository\org\apache\maven\surefire\common-java5\3.0.0-M5\common-java5-3.0.0-M5.jar;C:\Users\Ani\.m2\repository\org\apache\maven\surefire\common-junit3\3.0.0-M5\common-junit3-3.0.0-M5.jar;C:\Users\Ani\.m2\repository\org\apache\maven\surefire\common-junit4\3.0.0-M5\common-junit4-3.0.0-M5.jar;C:\Users\Ani\.m2\repository\org\apache\maven\surefire\common-junit48\3.0.0-M5\common-junit48-3.0.0-M5.jar;C:\Users\Ani\.m2\repository\org\apache\maven\surefire\surefire-grouper\3.0.0-M5\surefire-grouper-3.0.0-M5.jar"/>
    <property name="user.script" value=""/>
    <property name="sun.management.compiler" value="HotSpot 64-Bit Tiered Compilers"/>
    <property name="java.runtime.version" value="17.0.3.1+2-LTS-6"/>
    <property name="user.name" value="Ani"/>
    <property name="path.separator" value=";"/>
    <property name="os.version" value="10.0"/>
    <property name="java.runtime.name" value="Java(TM) SE Runtime Environment"/>
    <property name="file.encoding" value="Cp1252"/>
    <property name="webdriver.base.url" value=""/>
    <property name="java.vm.name" value="Java HotSpot(TM) 64-Bit Server VM"/>
    <property name="localRepository" value="C:\Users\Ani\.m2\repository"/>
    <property name="java.vendor.url.bug" value="https://bugreport.java.com/bugreport/"/>
    <property name="java.io.tmpdir" value="C:\Users\Ani\AppData\Local\Temp\"/>
    <property name="java.version" value="17.0.3.1"/>
    <property name="user.dir" value="C:\Users\Ani\IdeaProjects\automationApi-Capstone"/>
    <property name="os.arch" value="amd64"/>
    <property name="java.vm.specification.name" value="Java Virtual Machine Specification"/>
    <property name="sun.os.patch.level" value=""/>
    <property name="native.encoding" value="Cp1252"/>
    <property name="java.library.path" value="C:\Program Files\Java\jdk-17.0.3.1\bin;C:\Windows\Sun\Java\bin;C:\Windows\system32;C:\Windows;C:\Program Files\Common Files\Oracle\Java\javapath;C:\Windows\system32;C:\Windows;C:\Windows\System32\Wbem;C:\Windows\System32\WindowsPowerShell\v1.0\;C:\Windows\System32\OpenSSH\;C:\Program Files\Java\jdk-17.0.3.1\bin;C:\Program Files\Maven\apache-maven-3.8.5\bin;C:\Program Files\Git\cmd;C:\Users\Ani\AppData\Local\Microsoft\WindowsApps;;C:\Program Files\JetBrains\IntelliJ IDEA Community Edition 2021.3.2\bin;;C:\Users\Ani\AppData\Local\Programs\Microsoft VS Code\bin;."/>
    <property name="java.vm.info" value="mixed mode"/>
    <property name="java.vendor" value="Oracle Corporation"/>
    <property name="java.vm.version" value="17.0.3.1+2-LTS-6"/>
    <property name="sun.io.unicode.encoding" value="UnicodeLittle"/>
    <property name="java.class.version" value="61.0"/>
  </properties>
  <testcase name="As Admin I want to upload file csv for Invoice" classname="Invoice" time="4.085">
    <system-out><![CDATA[23:18:11.307 [pool-2-thread-1] ERROR  - 
  _____   ___   ___   _____     ___     _     ___   _      ___   ___  
 |_   _| | __| / __| |_   _|   | __|   /_\   |_ _| | |    | __| |   \ 
   | |   | _|  \__ \   | |     | _|   / _ \   | |  | |__  | _|  | |) |
   |_|   |___| |___/   |_|     |_|   /_/ \_\ |___| |____| |___| |___/ 

As Admin I want to Upload CSV without login
-----------------------------------------------------------------------

23:18:11.319 [pool-2-thread-1] DEBUG  - RELATED ISSUES: 

23:18:11.726 [pool-2-thread-1] ERROR  -     Test failed at step: Admin receive invalid HTTP response code 400 for Invoice

23:18:11.727 [pool-2-thread-1] ERROR  -     1 expectation failed.Expected status code <400> but was <404>.

23:18:13.518 [pool-2-thread-1] ERROR  - 
  _____   ___   ___   _____     ___   ___   ___    ___    ___ 
 |_   _| | __| / __| |_   _|   | __| | _ \ | _ \  / _ \  | _ \
   | |   | _|  \__ \   | |     | _|  |   / |   / | (_) | |   /
   |_|   |___| |___/   |_|     |___| |_|_\ |_|_\  \___/  |_|_\

As Admin I want to Upload CSV without send file csv
---------------------------------------------------------------

23:18:13.519 [pool-2-thread-1] DEBUG  - RELATED ISSUES: 

23:18:13.522 [pool-2-thread-1] ERROR  -     Test failed at step: POST

23:18:13.523 [pool-2-thread-1] ERROR  -     

23:18:24.815 [pool-2-thread-1] ERROR  - 
  _____   ___   ___   _____     ___     _     ___   _      ___   ___  
 |_   _| | __| / __| |_   _|   | __|   /_\   |_ _| | |    | __| |   \ 
   | |   | _|  \__ \   | |     | _|   / _ \   | |  | |__  | _|  | |) |
   |_|   |___| |___/   |_|     |_|   /_/ \_\ |___| |____| |___| |___/ 

As admin I want to login with unregistered data
-----------------------------------------------------------------------

23:18:24.816 [pool-2-thread-1] DEBUG  - RELATED ISSUES: 

23:18:24.817 [pool-2-thread-1] ERROR  -     Test failed at step: Admin receive message bad request

23:18:24.819 [pool-2-thread-1] ERROR  -     expected:<null> but was:<bad request>

23:18:27.774 [pool-2-thread-1] ERROR  - 
  _____   ___   ___   _____     ___     _     ___   _      ___   ___  
 |_   _| | __| / __| |_   _|   | __|   /_\   |_ _| | |    | __| |   \ 
   | |   | _|  \__ \   | |     | _|   / _ \   | |  | |__  | _|  | |) |
   |_|   |___| |___/   |_|     |_|   /_/ \_\ |___| |____| |___| |___/ 

As Admin I to create new user with registered data
-----------------------------------------------------------------------

23:18:27.775 [pool-2-thread-1] DEBUG  - RELATED ISSUES: 

23:18:27.783 [pool-2-thread-1] ERROR  -     Test failed at step: Admin receive valid HTTP response code 406

23:18:27.784 [pool-2-thread-1] ERROR  -     1 expectation failed.Expected status code <406> but was <201>.

23:18:28.556 [pool-2-thread-1] ERROR  - 
  _____   ___   ___   _____     ___     _     ___   _      ___   ___  
 |_   _| | __| / __| |_   _|   | __|   /_\   |_ _| | |    | __| |   \ 
   | |   | _|  \__ \   | |     | _|   / _ \   | |  | |__  | _|  | |) |
   |_|   |___| |___/   |_|     |_|   /_/ \_\ |___| |____| |___| |___/ 

As Admin I have to create new user with null data
-----------------------------------------------------------------------

23:18:28.574 [pool-2-thread-1] DEBUG  - RELATED ISSUES: 

23:18:28.577 [pool-2-thread-1] ERROR  -     Test failed at step: Admin receive message Internal Server Error for register

23:18:28.584 [pool-2-thread-1] ERROR  -     expected:<[code=400, message=Unmarshal type error: expected=int, got=string, field=id_pegawai, offset=40, internal=json: cannot unmarshal string into Go struct field Admin.id_pegawai of type int]> but was:<[Internal Server Error]>



&amp#27;[31mFailed scenarios:&amp#27;[0m

file:///C:/Users/Ani/IdeaProjects/automationApi-Capstone/src/test/resources/features/admin/Invoice.feature:46 # As Admin I want to Upload CSV without login

file:///C:/Users/Ani/IdeaProjects/automationApi-Capstone/src/test/resources/features/admin/Invoice.feature:52 # As Admin I want to Upload CSV without send file csv

file:///C:/Users/Ani/IdeaProjects/automationApi-Capstone/src/test/resources/features/admin/Login.feature:30 # As admin I want to login with unregistered data

file:///C:/Users/Ani/IdeaProjects/automationApi-Capstone/src/test/resources/features/admin/Register.feature:24 # As Admin I to create new user with registered data

file:///C:/Users/Ani/IdeaProjects/automationApi-Capstone/src/test/resources/features/admin/Register.feature:29 # As Admin I have to create new user with null data



19
 Scenarios (
&amp#27;[31m5 failed&amp#27;[0m
, 
&amp#27;[32m14 passed&amp#27;[0m
)

78
 Steps (
&amp#27;[31m5 failed&amp#27;[0m
, 
&amp#27;[36m4 skipped&amp#27;[0m
, 
&amp#27;[32m69 passed&amp#27;[0m
)

1m
6.820s





java.lang.AssertionError: 1 expectation failed.
Expected status code <400> but was <404>.


	at java.base/jdk.internal.reflect.NativeConstructorAccessorImpl.newInstance0(Native Method)

	at java.base/jdk.internal.reflect.NativeConstructorAccessorImpl.newInstance(NativeConstructorAccessorImpl.java:77)

	at java.base/jdk.internal.reflect.DelegatingConstructorAccessorImpl.newInstance(DelegatingConstructorAccessorImpl.java:45)

	at java.base/java.lang.reflect.Constructor.newInstanceWithCaller(Constructor.java:499)

	at java.base/java.lang.reflect.Constructor.newInstance(Constructor.java:480)

	at org.codehaus.groovy.reflection.CachedConstructor.invoke(CachedConstructor.java:72)

	at org.codehaus.groovy.runtime.callsite.ConstructorSite$ConstructorSiteNoUnwrapNoCoerce.callConstructor(ConstructorSite.java:105)

	at org.codehaus.groovy.runtime.callsite.CallSiteArray.defaultCallConstructor(CallSiteArray.java:59)

	at org.codehaus.groovy.runtime.callsite.AbstractCallSite.callConstructor(AbstractCallSite.java:263)

	at org.codehaus.groovy.runtime.callsite.AbstractCallSite.callConstructor(AbstractCallSite.java:277)

	at io.restassured.internal.ResponseSpecificationImpl$HamcrestAssertionClosure.validate(ResponseSpecificationImpl.groovy:493)

	at io.restassured.internal.ResponseSpecificationImpl$HamcrestAssertionClosure$validate$1.call(Unknown Source)

	at io.restassured.internal.ResponseSpecificationImpl.validateResponseIfRequired(ResponseSpecificationImpl.groovy:674)

	at java.base/jdk.internal.reflect.NativeMethodAccessorImpl.invoke0(Native Method)

	at java.base/jdk.internal.reflect.NativeMethodAccessorImpl.invoke(NativeMethodAccessorImpl.java:77)

	at java.base/jdk.internal.reflect.DelegatingMethodAccessorImpl.invoke(DelegatingMethodAccessorImpl.java:43)

	at java.base/java.lang.reflect.Method.invoke(Method.java:568)

	at org.codehaus.groovy.runtime.callsite.PlainObjectMetaMethodSite.doInvoke(PlainObjectMetaMethodSite.java:43)

	at org.codehaus.groovy.runtime.callsite.PogoMetaMethodSite$PogoCachedMethodSiteNoUnwrapNoCoerce.invoke(PogoMetaMethodSite.java:193)

	at org.codehaus.groovy.runtime.callsite.PogoMetaMethodSite.callCurrent(PogoMetaMethodSite.java:61)

	at org.codehaus.groovy.runtime.callsite.AbstractCallSite.callCurrent(AbstractCallSite.java:185)

	at io.restassured.internal.ResponseSpecificationImpl.statusCode(ResponseSpecificationImpl.groovy:126)

	at io.restassured.specification.ResponseSpecification$statusCode$0.callCurrent(Unknown Source)

	at io.restassured.internal.ResponseSpecificationImpl.statusCode(ResponseSpecificationImpl.groovy:134)

	at io.restassured.internal.ValidatableResponseOptionsImpl.statusCode(ValidatableResponseOptionsImpl.java:89)

	at io.restassured.internal.ValidatableResponseImpl.super$2$statusCode(ValidatableResponseImpl.groovy)

	at java.base/jdk.internal.reflect.NativeMethodAccessorImpl.invoke0(Native Method)

	at java.base/jdk.internal.reflect.NativeMethodAccessorImpl.invoke(NativeMethodAccessorImpl.java:77)

	at java.base/jdk.internal.reflect.DelegatingMethodAccessorImpl.invoke(DelegatingMethodAccessorImpl.java:43)

	at java.base/java.lang.reflect.Method.invoke(Method.java:568)

	at org.codehaus.groovy.reflection.CachedMethod.invoke(CachedMethod.java:107)

	at groovy.lang.MetaMethod.doMethodInvoke(MetaMethod.java:323)

	at groovy.lang.MetaClassImpl.invokeMethod(MetaClassImpl.java:1267)

	at org.codehaus.groovy.runtime.ScriptBytecodeAdapter.invokeMethodOnSuperN(ScriptBytecodeAdapter.java:144)

	at io.restassured.internal.ValidatableResponseImpl.statusCode(ValidatableResponseImpl.groovy:142)

	at io.restassured.internal.ValidatableResponseImpl.statusCode(ValidatableResponseImpl.groovy)

	at automationApi.Capstone@1.0-SNAPSHOT/starter.invoice.GetAll.lambda$receiveStatusCode400$1(GetAll.java:69)

	at net.serenitybdd.rest.SerenityRest.restAssuredThat(SerenityRest.java:626)

	at automationApi.Capstone@1.0-SNAPSHOT/starter.invoice.GetAll.receiveStatusCode400(GetAll.java:69)

	at automationApi.Capstone@1.0-SNAPSHOT/starter.invoice.GetAll$ByteBuddy$ZHLVmvRy.receiveStatusCode400$accessor$3WqOviWC(Unknown Source)

	at java.base/jdk.internal.reflect.NativeMethodAccessorImpl.invoke0(Native Method)

	at java.base/jdk.internal.reflect.NativeMethodAccessorImpl.invoke(NativeMethodAccessorImpl.java:77)

	at java.base/jdk.internal.reflect.DelegatingMethodAccessorImpl.invoke(DelegatingMethodAccessorImpl.java:43)

	at java.base/java.lang.reflect.Method.invoke(Method.java:568)

	at net.thucydides.core.steps.StepInterceptor.invokeMethod(StepInterceptor.java:492)

	at net.thucydides.core.steps.StepInterceptor.executeTestStepMethod(StepInterceptor.java:472)

	at net.thucydides.core.steps.StepInterceptor.runTestStep(StepInterceptor.java:445)

	at net.thucydides.core.steps.StepInterceptor.runOrSkipMethod(StepInterceptor.java:201)

	at net.thucydides.core.steps.StepInterceptor.testStepResult(StepInterceptor.java:188)

	at net.thucydides.core.steps.StepInterceptor.intercept(StepInterceptor.java:76)

	at net.thucydides.core.steps.ProxyConfiguration$InterceptorDispatcher.intercept(ProxyConfiguration.java:51)

	at automationApi.Capstone@1.0-SNAPSHOT/starter.invoice.GetAll$ByteBuddy$ZHLVmvRy.receiveStatusCode400(Unknown Source)

	at automationApi.Capstone@1.0-SNAPSHOT/starter.stepdefinitions.admin.InvoiceSteps.adminReceiveValidHTTPResponseCode(InvoiceSteps.java:102)

	at ?.Admin receive invalid HTTP response code 400 for Invoice(file:///C:/Users/Ani/IdeaProjects/automationApi-Capstone/src/test/resources/features/admin/Invoice.feature:49)



java.lang.RuntimeException: Some exception during recording fields

	at net.serenitybdd.rest.filters.FieldsRecordingFilter.filter(FieldsRecordingFilter.java:52)

	at io.restassured.filter.Filter$filter.call(Unknown Source)

	at io.restassured.internal.filter.FilterContextImpl.next(FilterContextImpl.groovy:72)

	at io.restassured.filter.log.RequestLoggingFilter.filter(RequestLoggingFilter.java:140)

	at net.serenitybdd.rest.filters.FieldsRecordingFilter.filter(FieldsRecordingFilter.java:40)

	at io.restassured.filter.Filter$filter.call(Unknown Source)

	at io.restassured.internal.filter.FilterContextImpl.next(FilterContextImpl.groovy:72)

	at io.restassured.filter.log.RequestLoggingFilter.filter(RequestLoggingFilter.java:140)

	at net.serenitybdd.rest.filters.FieldsRecordingFilter.filter(FieldsRecordingFilter.java:40)

	at io.restassured.filter.Filter$filter.call(Unknown Source)

	at io.restassured.internal.filter.FilterContextImpl.next(FilterContextImpl.groovy:72)

	at io.restassured.filter.log.RequestLoggingFilter.filter(RequestLoggingFilter.java:140)

	at net.serenitybdd.rest.filters.FieldsRecordingFilter.filter(FieldsRecordingFilter.java:40)

	at io.restassured.filter.Filter$filter.call(Unknown Source)

	at io.restassured.internal.filter.FilterContextImpl.next(FilterContextImpl.groovy:72)

	at io.restassured.filter.log.RequestLoggingFilter.filter(RequestLoggingFilter.java:140)

	at net.serenitybdd.rest.filters.FieldsRecordingFilter.filter(FieldsRecordingFilter.java:40)

	at io.restassured.filter.Filter$filter.call(Unknown Source)

	at io.restassured.internal.filter.FilterContextImpl.next(FilterContextImpl.groovy:72)

	at io.restassured.filter.log.RequestLoggingFilter.filter(RequestLoggingFilter.java:140)

	at net.serenitybdd.rest.filters.FieldsRecordingFilter.filter(FieldsRecordingFilter.java:40)

	at io.restassured.filter.Filter$filter.call(Unknown Source)

	at org.codehaus.groovy.runtime.callsite.CallSiteArray.defaultCall(CallSiteArray.java:47)

	at io.restassured.filter.Filter$filter$0.call(Unknown Source)

	at io.restassured.internal.filter.FilterContextImpl.next(FilterContextImpl.groovy:72)

	at io.restassured.filter.FilterContext$next.call(Unknown Source)

	at io.restassured.internal.RequestSpecificationImpl.applyPathParamsAndSendRequest(RequestSpecificationImpl.groovy:1655)

	at java.base/jdk.internal.reflect.NativeMethodAccessorImpl.invoke0(Native Method)

	at java.base/jdk.internal.reflect.NativeMethodAccessorImpl.invoke(NativeMethodAccessorImpl.java:77)

	at java.base/jdk.internal.reflect.DelegatingMethodAccessorImpl.invoke(DelegatingMethodAccessorImpl.java:43)

	at java.base/java.lang.reflect.Method.invoke(Method.java:568)

	at org.codehaus.groovy.reflection.CachedMethod.invoke(CachedMethod.java:107)

	at groovy.lang.MetaMethod.doMethodInvoke(MetaMethod.java:323)

	at groovy.lang.MetaClassImpl.invokeMethod(MetaClassImpl.java:1267)

	at groovy.lang.MetaClassImpl.invokeMethod(MetaClassImpl.java:1034)

	at groovy.lang.MetaClassImpl.invokeMethod(MetaClassImpl.java:818)

	at groovy.lang.GroovyObject.invokeMethod(GroovyObject.java:39)

	at org.codehaus.groovy.runtime.callsite.PogoInterceptableSite.call(PogoInterceptableSite.java:45)

	at org.codehaus.groovy.runtime.callsite.PogoInterceptableSite.callCurrent(PogoInterceptableSite.java:55)

	at org.codehaus.groovy.runtime.callsite.AbstractCallSite.callCurrent(AbstractCallSite.java:203)

	at io.restassured.internal.RequestSpecificationImpl.applyPathParamsAndSendRequest(RequestSpecificationImpl.groovy:1661)

	at java.base/jdk.internal.reflect.NativeMethodAccessorImpl.invoke0(Native Method)

	at java.base/jdk.internal.reflect.NativeMethodAccessorImpl.invoke(NativeMethodAccessorImpl.java:77)

	at java.base/jdk.internal.reflect.DelegatingMethodAccessorImpl.invoke(DelegatingMethodAccessorImpl.java:43)

	at java.base/java.lang.reflect.Method.invoke(Method.java:568)

	at org.codehaus.groovy.reflection.CachedMethod.invoke(CachedMethod.java:107)

	at groovy.lang.MetaMethod.doMethodInvoke(MetaMethod.java:323)

	at groovy.lang.MetaClassImpl.invokeMethod(MetaClassImpl.java:1267)

	at groovy.lang.MetaClassImpl.invokeMethod(MetaClassImpl.java:1034)

	at groovy.lang.MetaClassImpl.invokeMethod(MetaClassImpl.java:818)

	at groovy.lang.GroovyObject.invokeMethod(GroovyObject.java:39)

	at org.codehaus.groovy.runtime.callsite.PogoInterceptableSite.call(PogoInterceptableSite.java:45)

	at org.codehaus.groovy.runtime.callsite.PogoInterceptableSite.callCurrent(PogoInterceptableSite.java:55)

	at org.codehaus.groovy.runtime.callsite.AbstractCallSite.callCurrent(AbstractCallSite.java:203)

	at io.restassured.internal.RequestSpecificationImpl.post(RequestSpecificationImpl.groovy:175)

	at net.serenitybdd.rest.decorators.request.RequestSpecificationDecorated.executeCall(RequestSpecificationDecorated.java:309)

	at net.serenitybdd.rest.decorators.request.RequestSpecificationDecorated.execute(RequestSpecificationDecorated.java:268)

	at net.serenitybdd.rest.decorators.request.RequestSpecificationDecorated.post(RequestSpecificationDecorated.java:120)

	at net.serenitybdd.rest.decorators.request.RequestSpecificationDecorated.post(RequestSpecificationDecorated.java:38)

	at automationApi.Capstone@1.0-SNAPSHOT/starter.invoice.Post.sendWithoutSendFileCsv(Post.java:120)

	at automationApi.Capstone@1.0-SNAPSHOT/starter.invoice.Post$ByteBuddy$IVJw1JeY.sendWithoutSendFileCsv$accessor$FRAF0LSk(Unknown Source)

	at java.base/jdk.internal.reflect.NativeMethodAccessorImpl.invoke0(Native Method)

	at java.base/jdk.internal.reflect.NativeMethodAccessorImpl.invoke(NativeMethodAccessorImpl.java:77)

	at java.base/jdk.internal.reflect.DelegatingMethodAccessorImpl.invoke(DelegatingMethodAccessorImpl.java:43)

	at java.base/java.lang.reflect.Method.invoke(Method.java:568)

	at net.thucydides.core.steps.StepInterceptor.invokeMethod(StepInterceptor.java:492)

	at net.thucydides.core.steps.StepInterceptor.executeTestStepMethod(StepInterceptor.java:472)

	at net.thucydides.core.steps.StepInterceptor.runTestStep(StepInterceptor.java:445)

	at net.thucydides.core.steps.StepInterceptor.runOrSkipMethod(StepInterceptor.java:201)

	at net.thucydides.core.steps.StepInterceptor.testStepResult(StepInterceptor.java:188)

	at net.thucydides.core.steps.StepInterceptor.intercept(StepInterceptor.java:76)

	at net.thucydides.core.steps.ProxyConfiguration$InterceptorDispatcher.intercept(ProxyConfiguration.java:51)

	at automationApi.Capstone@1.0-SNAPSHOT/starter.invoice.Post$ByteBuddy$IVJw1JeY.sendWithoutSendFileCsv(Unknown Source)

	at automationApi.Capstone@1.0-SNAPSHOT/starter.stepdefinitions.admin.InvoiceSteps.adminSendGETHTTPRequestForGetAllInvoiceWithoutSendFileCsv(InvoiceSteps.java:138)

	at ?.Admin send GET HTTP request for Get All Invoice without send file csv(file:///C:/Users/Ani/IdeaProjects/automationApi-Capstone/src/test/resources/features/admin/Invoice.feature:54)

Caused by: java.io.FileNotFoundException: 

	at java.base/java.io.FileInputStream.open0(Native Method)

	at java.base/java.io.FileInputStream.open(FileInputStream.java:216)

	at java.base/java.io.FileInputStream.<init>(FileInputStream.java:157)

	at org.apache.http.entity.mime.content.FileBody.writeTo(FileBody.java:116)

	at org.apache.http.entity.mime.AbstractMultipartForm.doWriteTo(AbstractMultipartForm.java:134)

	at org.apache.http.entity.mime.AbstractMultipartForm.writeTo(AbstractMultipartForm.java:157)

	at org.apache.http.entity.mime.MultipartFormEntity.writeTo(MultipartFormEntity.java:113)

	at org.apache.http.HttpEntity$writeTo$4.call(Unknown Source)

	at io.restassured.internal.multipart.RestAssuredMultiPartEntity.writeTo(RestAssuredMultiPartEntity.groovy:110)

	at org.apache.http.entity.HttpEntityWrapper.writeTo(HttpEntityWrapper.java:94)

	at org.apache.http.impl.client.EntityEnclosingRequestWrapper$EntityWrapper.writeTo(EntityEnclosingRequestWrapper.java:110)

	at org.apache.http.impl.entity.EntitySerializer.serialize(EntitySerializer.java:118)

	at org.apache.http.impl.AbstractHttpClientConnection.sendRequestEntity(AbstractHttpClientConnection.java:263)

	at org.apache.http.impl.conn.ManagedClientConnectionImpl.sendRequestEntity(ManagedClientConnectionImpl.java:214)

	at org.apache.http.protocol.HttpRequestExecutor.doSendRequest(HttpRequestExecutor.java:238)

	at org.apache.http.protocol.HttpRequestExecutor.execute(HttpRequestExecutor.java:123)

	at org.apache.http.impl.client.DefaultRequestDirector.tryExecute(DefaultRequestDirector.java:684)

	at org.apache.http.impl.client.DefaultRequestDirector.execute(DefaultRequestDirector.java:486)

	at org.apache.http.impl.client.AbstractHttpClient.doExecute(AbstractHttpClient.java:835)

	at org.apache.http.impl.client.CloseableHttpClient.execute(CloseableHttpClient.java:83)

	at org.apache.http.impl.client.CloseableHttpClient.execute(CloseableHttpClient.java:56)

	at org.apache.http.client.HttpClient$execute$0.call(Unknown Source)

	at org.codehaus.groovy.runtime.callsite.CallSiteArray.defaultCall(CallSiteArray.java:47)

	at org.apache.http.client.HttpClient$execute$0.call(Unknown Source)

	at io.restassured.internal.RequestSpecificationImpl$RestAssuredHttpBuilder.doRequest(RequestSpecificationImpl.groovy:2055)

	at io.restassured.internal.http.HTTPBuilder.post(HTTPBuilder.java:350)

	at io.restassured.internal.http.HTTPBuilder$post$2.call(Unknown Source)

	at io.restassured.internal.RequestSpecificationImpl.sendRequest(RequestSpecificationImpl.groovy:1181)

	at java.base/jdk.internal.reflect.NativeMethodAccessorImpl.invoke0(Native Method)

	at java.base/jdk.internal.reflect.NativeMethodAccessorImpl.invoke(NativeMethodAccessorImpl.java:77)

	at java.base/jdk.internal.reflect.DelegatingMethodAccessorImpl.invoke(DelegatingMethodAccessorImpl.java:43)

	at java.base/java.lang.reflect.Method.invoke(Method.java:568)

	at org.codehaus.groovy.reflection.CachedMethod.invoke(CachedMethod.java:107)

	at groovy.lang.MetaMethod.doMethodInvoke(MetaMethod.java:323)

	at groovy.lang.MetaClassImpl.invokeMethod(MetaClassImpl.java:1267)

	at groovy.lang.MetaClassImpl.invokeMethod(MetaClassImpl.java:1034)

	at groovy.lang.MetaClassImpl.invokeMethod(MetaClassImpl.java:818)

	at groovy.lang.GroovyObject.invokeMethod(GroovyObject.java:39)

	at org.codehaus.groovy.runtime.callsite.PogoInterceptableSite.call(PogoInterceptableSite.java:45)

	at org.codehaus.groovy.runtime.callsite.AbstractCallSite.call(AbstractCallSite.java:166)

	at io.restassured.internal.filter.SendRequestFilter.filter(SendRequestFilter.groovy:30)

	at io.restassured.filter.Filter$filter$0.call(Unknown Source)

	at org.codehaus.groovy.runtime.callsite.CallSiteArray.defaultCall(CallSiteArray.java:47)

	at io.restassured.filter.Filter$filter.call(Unknown Source)

	at io.restassured.internal.filter.FilterContextImpl.next(FilterContextImpl.groovy:72)

	at io.restassured.filter.time.TimingFilter.filter(TimingFilter.java:56)

	at io.restassured.filter.Filter$filter.call(Unknown Source)

	at org.codehaus.groovy.runtime.callsite.CallSiteArray.defaultCall(CallSiteArray.java:47)

	at io.restassured.filter.Filter$filter.call(Unknown Source)

	at io.restassured.internal.filter.FilterContextImpl.next(FilterContextImpl.groovy:72)

	at io.restassured.filter.log.RequestLoggingFilter.filter(RequestLoggingFilter.java:140)

	at net.serenitybdd.rest.filters.FieldsRecordingFilter.filter(FieldsRecordingFilter.java:40)

	at io.restassured.filter.Filter$filter.call(Unknown Source)

	at io.restassured.internal.filter.FilterContextImpl.next(FilterContextImpl.groovy:72)

	at io.restassured.filter.log.RequestLoggingFilter.filter(RequestLoggingFilter.java:140)

	at net.serenitybdd.rest.filters.FieldsRecordingFilter.filter(FieldsRecordingFilter.java:40)

	at io.restassured.filter.Filter$filter.call(Unknown Source)

	at io.restassured.internal.filter.FilterContextImpl.next(FilterContextImpl.groovy:72)

	at io.restassured.filter.log.RequestLoggingFilter.filter(RequestLoggingFilter.java:140)

	at net.serenitybdd.rest.filters.FieldsRecordingFilter.filter(FieldsRecordingFilter.java:40)

	at io.restassured.filter.Filter$filter.call(Unknown Source)

	at io.restassured.internal.filter.FilterContextImpl.next(FilterContextImpl.groovy:72)

	at io.restassured.filter.log.RequestLoggingFilter.filter(RequestLoggingFilter.java:140)

	at net.serenitybdd.rest.filters.FieldsRecordingFilter.filter(FieldsRecordingFilter.java:40)

	at io.restassured.filter.Filter$filter.call(Unknown Source)

	at io.restassured.internal.filter.FilterContextImpl.next(FilterContextImpl.groovy:72)

	at io.restassured.filter.log.RequestLoggingFilter.filter(RequestLoggingFilter.java:140)

	at net.serenitybdd.rest.filters.FieldsRecordingFilter.filter(FieldsRecordingFilter.java:40)

	at io.restassured.filter.Filter$filter.call(Unknown Source)

	at io.restassured.internal.filter.FilterContextImpl.next(FilterContextImpl.groovy:72)

	at io.restassured.filter.log.RequestLoggingFilter.filter(RequestLoggingFilter.java:140)

	at net.serenitybdd.rest.filters.FieldsRecordingFilter.filter(FieldsRecordingFilter.java:40)

	at io.restassured.filter.Filter$filter.call(Unknown Source)

	at org.codehaus.groovy.runtime.callsite.CallSiteArray.defaultCall(CallSiteArray.java:47)

	at io.restassured.filter.Filter$filter$0.call(Unknown Source)

	at io.restassured.internal.filter.FilterContextImpl.next(FilterContextImpl.groovy:72)

	at io.restassured.filter.FilterContext$next.call(Unknown Source)

	at io.restassured.internal.RequestSpecificationImpl.applyPathParamsAndSendRequest(RequestSpecificationImpl.groovy:1655)

	at java.base/jdk.internal.reflect.NativeMethodAccessorImpl.invoke0(Native Method)

	at java.base/jdk.internal.reflect.NativeMethodAccessorImpl.invoke(NativeMethodAccessorImpl.java:77)

	at java.base/jdk.internal.reflect.DelegatingMethodAccessorImpl.invoke(DelegatingMethodAccessorImpl.java:43)

	at java.base/java.lang.reflect.Method.invoke(Method.java:568)

	at org.codehaus.groovy.reflection.CachedMethod.invoke(CachedMethod.java:107)

	at groovy.lang.MetaMethod.doMethodInvoke(MetaMethod.java:323)

	at groovy.lang.MetaClassImpl.invokeMethod(MetaClassImpl.java:1267)

	at groovy.lang.MetaClassImpl.invokeMethod(MetaClassImpl.java:1034)

	at groovy.lang.MetaClassImpl.invokeMethod(MetaClassImpl.java:818)

	at groovy.lang.GroovyObject.invokeMethod(GroovyObject.java:39)

	at org.codehaus.groovy.runtime.callsite.PogoInterceptableSite.call(PogoInterceptableSite.java:45)

	at org.codehaus.groovy.runtime.callsite.PogoInterceptableSite.callCurrent(PogoInterceptableSite.java:55)

	at org.codehaus.groovy.runtime.callsite.AbstractCallSite.callCurrent(AbstractCallSite.java:203)

	at io.restassured.internal.RequestSpecificationImpl.applyPathParamsAndSendRequest(RequestSpecificationImpl.groovy:1661)

	at java.base/jdk.internal.reflect.NativeMethodAccessorImpl.invoke0(Native Method)

	at java.base/jdk.internal.reflect.NativeMethodAccessorImpl.invoke(NativeMethodAccessorImpl.java:77)

	at java.base/jdk.internal.reflect.DelegatingMethodAccessorImpl.invoke(DelegatingMethodAccessorImpl.java:43)

	at java.base/java.lang.reflect.Method.invoke(Method.java:568)

	at org.codehaus.groovy.reflection.CachedMethod.invoke(CachedMethod.java:107)

	at groovy.lang.MetaMethod.doMethodInvoke(MetaMethod.java:323)

	at groovy.lang.MetaClassImpl.invokeMethod(MetaClassImpl.java:1267)

	at groovy.lang.MetaClassImpl.invokeMethod(MetaClassImpl.java:1034)

	at groovy.lang.MetaClassImpl.invokeMethod(MetaClassImpl.java:818)

	at groovy.lang.GroovyObject.invokeMethod(GroovyObject.java:39)

	at org.codehaus.groovy.runtime.callsite.PogoInterceptableSite.call(PogoInterceptableSite.java:45)

	at org.codehaus.groovy.runtime.callsite.PogoInterceptableSite.callCurrent(PogoInterceptableSite.java:55)

	at org.codehaus.groovy.runtime.callsite.AbstractCallSite.callCurrent(AbstractCallSite.java:203)

	at io.restassured.internal.RequestSpecificationImpl.post(RequestSpecificationImpl.groovy:175)

	at net.serenitybdd.rest.decorators.request.RequestSpecificationDecorated.executeCall(RequestSpecificationDecorated.java:309)

	at net.serenitybdd.rest.decorators.request.RequestSpecificationDecorated.execute(RequestSpecificationDecorated.java:268)

	at net.serenitybdd.rest.decorators.request.RequestSpecificationDecorated.post(RequestSpecificationDecorated.java:120)

	at net.serenitybdd.rest.decorators.request.RequestSpecificationDecorated.post(RequestSpecificationDecorated.java:38)

	at automationApi.Capstone@1.0-SNAPSHOT/starter.invoice.Post.sendWithoutSendFileCsv(Post.java:120)

	at automationApi.Capstone@1.0-SNAPSHOT/starter.invoice.Post$ByteBuddy$IVJw1JeY.sendWithoutSendFileCsv$accessor$FRAF0LSk(Unknown Source)

	at java.base/jdk.internal.reflect.NativeMethodAccessorImpl.invoke0(Native Method)

	at java.base/jdk.internal.reflect.NativeMethodAccessorImpl.invoke(NativeMethodAccessorImpl.java:77)

	at java.base/jdk.internal.reflect.DelegatingMethodAccessorImpl.invoke(DelegatingMethodAccessorImpl.java:43)

	at java.base/java.lang.reflect.Method.invoke(Method.java:568)

	at net.thucydides.core.steps.StepInterceptor.invokeMethod(StepInterceptor.java:492)

	at net.thucydides.core.steps.StepInterceptor.executeTestStepMethod(StepInterceptor.java:472)

	at net.thucydides.core.steps.StepInterceptor.runTestStep(StepInterceptor.java:445)

	at net.thucydides.core.steps.StepInterceptor.runOrSkipMethod(StepInterceptor.java:201)

	at net.thucydides.core.steps.StepInterceptor.testStepResult(StepInterceptor.java:188)

	at net.thucydides.core.steps.StepInterceptor.intercept(StepInterceptor.java:76)

	at net.thucydides.core.steps.ProxyConfiguration$InterceptorDispatcher.intercept(ProxyConfiguration.java:51)

	at automationApi.Capstone@1.0-SNAPSHOT/starter.invoice.Post$ByteBuddy$IVJw1JeY.sendWithoutSendFileCsv(Unknown Source)

	at automationApi.Capstone@1.0-SNAPSHOT/starter.stepdefinitions.admin.InvoiceSteps.adminSendGETHTTPRequestForGetAllInvoiceWithoutSendFileCsv(InvoiceSteps.java:138)

	at java.base/jdk.internal.reflect.NativeMethodAccessorImpl.invoke0(Native Method)

	at java.base/jdk.internal.reflect.NativeMethodAccessorImpl.invoke(NativeMethodAccessorImpl.java:77)

	at java.base/jdk.internal.reflect.DelegatingMethodAccessorImpl.invoke(DelegatingMethodAccessorImpl.java:43)

	at java.base/java.lang.reflect.Method.invoke(Method.java:568)

	at io.cucumber.java.Invoker.doInvoke(Invoker.java:66)

	at io.cucumber.java.Invoker.invoke(Invoker.java:24)

	at io.cucumber.java.AbstractGlueDefinition.invokeMethod(AbstractGlueDefinition.java:47)

	at io.cucumber.java.JavaStepDefinition.execute(JavaStepDefinition.java:29)

	at io.cucumber.core.runner.CoreStepDefinition.execute(CoreStepDefinition.java:66)

	at io.cucumber.core.runner.PickleStepDefinitionMatch.runStep(PickleStepDefinitionMatch.java:63)

	at io.cucumber.core.runner.ExecutionMode$1.execute(ExecutionMode.java:10)

	at io.cucumber.core.runner.TestStep.executeStep(TestStep.java:92)

	at io.cucumber.core.runner.TestStep.run(TestStep.java:64)

	at io.cucumber.core.runner.PickleStepTestStep.run(PickleStepTestStep.java:51)

	at io.cucumber.core.runner.TestCase.run(TestCase.java:104)

	at io.cucumber.core.runner.Runner.runPickle(Runner.java:73)

	at io.cucumber.junit.PickleRunners$NoStepDescriptions.run(PickleRunners.java:151)

	at io.cucumber.junit.FeatureRunner.runChild(FeatureRunner.java:135)

	at io.cucumber.junit.FeatureRunner.runChild(FeatureRunner.java:27)

	at org.junit.runners.ParentRunner$4.run(ParentRunner.java:331)

	at org.junit.runners.ParentRunner$1.schedule(ParentRunner.java:79)

	at org.junit.runners.ParentRunner.runChildren(ParentRunner.java:329)

	at org.junit.runners.ParentRunner.access$100(ParentRunner.java:66)

	at org.junit.runners.ParentRunner$2.evaluate(ParentRunner.java:293)

	at org.junit.runners.ParentRunner$3.evaluate(ParentRunner.java:306)

	at org.junit.runners.ParentRunner.run(ParentRunner.java:413)

	at io.cucumber.junit.CucumberSerenityRunner.runChild(CucumberSerenityRunner.java:258)

	at io.cucumber.junit.CucumberSerenityRunner.runChild(CucumberSerenityRunner.java:57)

	at org.junit.runners.ParentRunner$4.run(ParentRunner.java:331)

	at org.apache.maven.surefire.junitcore.pc.Scheduler$1.run(Scheduler.java:405)

	at org.apache.maven.surefire.junitcore.pc.InvokerStrategy.schedule(InvokerStrategy.java:54)

	at org.apache.maven.surefire.junitcore.pc.Scheduler.schedule(Scheduler.java:362)

	at org.junit.runners.ParentRunner.runChildren(ParentRunner.java:329)

	at org.junit.runners.ParentRunner.access$100(ParentRunner.java:66)

	at org.junit.runners.ParentRunner$2.evaluate(ParentRunner.java:293)

	at io.cucumber.junit.CucumberSerenityRunner$RunCucumber.evaluate(CucumberSerenityRunner.java:286)

	at org.junit.runners.ParentRunner$3.evaluate(ParentRunner.java:306)

	at org.junit.runners.ParentRunner.run(ParentRunner.java:413)

	at org.junit.runners.Suite.runChild(Suite.java:128)

	at org.junit.runners.Suite.runChild(Suite.java:27)

	at org.junit.runners.ParentRunner$4.run(ParentRunner.java:331)

	at org.apache.maven.surefire.junitcore.pc.Scheduler$1.run(Scheduler.java:405)

	at java.base/java.util.concurrent.Executors$RunnableAdapter.call(Executors.java:539)

	at java.base/java.util.concurrent.FutureTask.run(FutureTask.java:264)

	at java.base/java.util.concurrent.ThreadPoolExecutor.runWorker(ThreadPoolExecutor.java:1136)

	at java.base/java.util.concurrent.ThreadPoolExecutor$Worker.run(ThreadPoolExecutor.java:635)

	at java.base/java.lang.Thread.run(Thread.java:833)



java.lang.AssertionError: expected:<null> but was:<bad request>

	at org.junit.Assert.fail(Assert.java:89)

	at org.junit.Assert.failNotEquals(Assert.java:835)

	at org.junit.Assert.assertEquals(Assert.java:120)

	at org.junit.Assert.assertEquals(Assert.java:146)

	at automationApi.Capstone@1.0-SNAPSHOT/starter.login.Post.receiveMessageBadRequest(Post.java:99)

	at automationApi.Capstone@1.0-SNAPSHOT/starter.login.Post$ByteBuddy$MuRNs0Bm.receiveMessageBadRequest$accessor$GCUzWhcK(Unknown Source)

	at java.base/jdk.internal.reflect.NativeMethodAccessorImpl.invoke0(Native Method)

	at java.base/jdk.internal.reflect.NativeMethodAccessorImpl.invoke(NativeMethodAccessorImpl.java:77)

	at java.base/jdk.internal.reflect.DelegatingMethodAccessorImpl.invoke(DelegatingMethodAccessorImpl.java:43)

	at java.base/java.lang.reflect.Method.invoke(Method.java:568)

	at net.thucydides.core.steps.StepInterceptor.invokeMethod(StepInterceptor.java:492)

	at net.thucydides.core.steps.StepInterceptor.executeTestStepMethod(StepInterceptor.java:472)

	at net.thucydides.core.steps.StepInterceptor.runTestStep(StepInterceptor.java:445)

	at net.thucydides.core.steps.StepInterceptor.runOrSkipMethod(StepInterceptor.java:201)

	at net.thucydides.core.steps.StepInterceptor.testStepResult(StepInterceptor.java:188)

	at net.thucydides.core.steps.StepInterceptor.intercept(StepInterceptor.java:76)

	at net.thucydides.core.steps.ProxyConfiguration$InterceptorDispatcher.intercept(ProxyConfiguration.java:51)

	at automationApi.Capstone@1.0-SNAPSHOT/starter.login.Post$ByteBuddy$MuRNs0Bm.receiveMessageBadRequest(Unknown Source)

	at automationApi.Capstone@1.0-SNAPSHOT/starter.stepdefinitions.admin.LoginSteps.adminReceiveMessageBadRequest(LoginSteps.java:70)

	at ?.Admin receive message bad request(file:///C:/Users/Ani/IdeaProjects/automationApi-Capstone/src/test/resources/features/admin/Login.feature:33)



java.lang.AssertionError: 1 expectation failed.
Expected status code <406> but was <201>.


	at java.base/jdk.internal.reflect.NativeConstructorAccessorImpl.newInstance0(Native Method)

	at java.base/jdk.internal.reflect.NativeConstructorAccessorImpl.newInstance(NativeConstructorAccessorImpl.java:77)

	at java.base/jdk.internal.reflect.DelegatingConstructorAccessorImpl.newInstance(DelegatingConstructorAccessorImpl.java:45)

	at java.base/java.lang.reflect.Constructor.newInstanceWithCaller(Constructor.java:499)

	at java.base/java.lang.reflect.Constructor.newInstance(Constructor.java:480)

	at org.codehaus.groovy.reflection.CachedConstructor.invoke(CachedConstructor.java:72)

	at org.codehaus.groovy.runtime.callsite.ConstructorSite$ConstructorSiteNoUnwrapNoCoerce.callConstructor(ConstructorSite.java:105)

	at org.codehaus.groovy.runtime.callsite.AbstractCallSite.callConstructor(AbstractCallSite.java:277)

	at io.restassured.internal.ResponseSpecificationImpl$HamcrestAssertionClosure.validate(ResponseSpecificationImpl.groovy:493)

	at io.restassured.internal.ResponseSpecificationImpl$HamcrestAssertionClosure$validate$1.call(Unknown Source)

	at io.restassured.internal.ResponseSpecificationImpl.validateResponseIfRequired(ResponseSpecificationImpl.groovy:674)

	at java.base/jdk.internal.reflect.NativeMethodAccessorImpl.invoke0(Native Method)

	at java.base/jdk.internal.reflect.NativeMethodAccessorImpl.invoke(NativeMethodAccessorImpl.java:77)

	at java.base/jdk.internal.reflect.DelegatingMethodAccessorImpl.invoke(DelegatingMethodAccessorImpl.java:43)

	at java.base/java.lang.reflect.Method.invoke(Method.java:568)

	at org.codehaus.groovy.runtime.callsite.PlainObjectMetaMethodSite.doInvoke(PlainObjectMetaMethodSite.java:43)

	at org.codehaus.groovy.runtime.callsite.PogoMetaMethodSite$PogoCachedMethodSiteNoUnwrapNoCoerce.invoke(PogoMetaMethodSite.java:193)

	at org.codehaus.groovy.runtime.callsite.PogoMetaMethodSite.callCurrent(PogoMetaMethodSite.java:61)

	at org.codehaus.groovy.runtime.callsite.AbstractCallSite.callCurrent(AbstractCallSite.java:185)

	at io.restassured.internal.ResponseSpecificationImpl.statusCode(ResponseSpecificationImpl.groovy:126)

	at io.restassured.specification.ResponseSpecification$statusCode$0.callCurrent(Unknown Source)

	at io.restassured.internal.ResponseSpecificationImpl.statusCode(ResponseSpecificationImpl.groovy:134)

	at io.restassured.internal.ValidatableResponseOptionsImpl.statusCode(ValidatableResponseOptionsImpl.java:89)

	at io.restassured.internal.ValidatableResponseImpl.super$2$statusCode(ValidatableResponseImpl.groovy)

	at java.base/jdk.internal.reflect.NativeMethodAccessorImpl.invoke0(Native Method)

	at java.base/jdk.internal.reflect.NativeMethodAccessorImpl.invoke(NativeMethodAccessorImpl.java:77)

	at java.base/jdk.internal.reflect.DelegatingMethodAccessorImpl.invoke(DelegatingMethodAccessorImpl.java:43)

	at java.base/java.lang.reflect.Method.invoke(Method.java:568)

	at org.codehaus.groovy.reflection.CachedMethod.invoke(CachedMethod.java:107)

	at groovy.lang.MetaMethod.doMethodInvoke(MetaMethod.java:323)

	at groovy.lang.MetaClassImpl.invokeMethod(MetaClassImpl.java:1267)

	at org.codehaus.groovy.runtime.ScriptBytecodeAdapter.invokeMethodOnSuperN(ScriptBytecodeAdapter.java:144)

	at io.restassured.internal.ValidatableResponseImpl.statusCode(ValidatableResponseImpl.groovy:142)

	at io.restassured.internal.ValidatableResponseImpl.statusCode(ValidatableResponseImpl.groovy)

	at automationApi.Capstone@1.0-SNAPSHOT/starter.register.Post.lambda$adminReceveiveCode406$1(Post.java:62)

	at net.serenitybdd.rest.SerenityRest.restAssuredThat(SerenityRest.java:626)

	at automationApi.Capstone@1.0-SNAPSHOT/starter.register.Post.adminReceveiveCode406(Post.java:62)

	at automationApi.Capstone@1.0-SNAPSHOT/starter.register.Post$ByteBuddy$qH9DSIo7.adminReceveiveCode406$accessor$s8NpP3LQ(Unknown Source)

	at java.base/jdk.internal.reflect.NativeMethodAccessorImpl.invoke0(Native Method)

	at java.base/jdk.internal.reflect.NativeMethodAccessorImpl.invoke(NativeMethodAccessorImpl.java:77)

	at java.base/jdk.internal.reflect.DelegatingMethodAccessorImpl.invoke(DelegatingMethodAccessorImpl.java:43)

	at java.base/java.lang.reflect.Method.invoke(Method.java:568)

	at net.thucydides.core.steps.StepInterceptor.invokeMethod(StepInterceptor.java:492)

	at net.thucydides.core.steps.StepInterceptor.executeTestStepMethod(StepInterceptor.java:472)

	at net.thucydides.core.steps.StepInterceptor.runTestStep(StepInterceptor.java:445)

	at net.thucydides.core.steps.StepInterceptor.runOrSkipMethod(StepInterceptor.java:201)

	at net.thucydides.core.steps.StepInterceptor.testStepResult(StepInterceptor.java:188)

	at net.thucydides.core.steps.StepInterceptor.intercept(StepInterceptor.java:76)

	at net.thucydides.core.steps.ProxyConfiguration$InterceptorDispatcher.intercept(ProxyConfiguration.java:51)

	at automationApi.Capstone@1.0-SNAPSHOT/starter.register.Post$ByteBuddy$qH9DSIo7.adminReceveiveCode406(Unknown Source)

	at automationApi.Capstone@1.0-SNAPSHOT/starter.stepdefinitions.admin.RegisterSteps.adminReceiveValidHTTPResponseCode(RegisterSteps.java:40)

	at ?.Admin receive valid HTTP response code 406(file:///C:/Users/Ani/IdeaProjects/automationApi-Capstone/src/test/resources/features/admin/Register.feature:26)



org.junit.ComparisonFailure: expected:<[code=400, message=Unmarshal type error: expected=int, got=string, field=id_pegawai, offset=40, internal=json: cannot unmarshal string into Go struct field Admin.id_pegawai of type int]> but was:<[Internal Server Error]>

	at org.junit.Assert.assertEquals(Assert.java:117)

	at org.junit.Assert.assertEquals(Assert.java:146)

	at automationApi.Capstone@1.0-SNAPSHOT/starter.register.Post.receiveMessageInternalServerError(Post.java:95)

	at automationApi.Capstone@1.0-SNAPSHOT/starter.register.Post$ByteBuddy$qH9DSIo7.receiveMessageInternalServerError$accessor$s8NpP3LQ(Unknown Source)

	at java.base/jdk.internal.reflect.NativeMethodAccessorImpl.invoke0(Native Method)

	at java.base/jdk.internal.reflect.NativeMethodAccessorImpl.invoke(NativeMethodAccessorImpl.java:77)

	at java.base/jdk.internal.reflect.DelegatingMethodAccessorImpl.invoke(DelegatingMethodAccessorImpl.java:43)

	at java.base/java.lang.reflect.Method.invoke(Method.java:568)

	at net.thucydides.core.steps.StepInterceptor.invokeMethod(StepInterceptor.java:492)

	at net.thucydides.core.steps.StepInterceptor.executeTestStepMethod(StepInterceptor.java:472)

	at net.thucydides.core.steps.StepInterceptor.runTestStep(StepInterceptor.java:445)

	at net.thucydides.core.steps.StepInterceptor.runOrSkipMethod(StepInterceptor.java:201)

	at net.thucydides.core.steps.StepInterceptor.testStepResult(StepInterceptor.java:188)

	at net.thucydides.core.steps.StepInterceptor.intercept(StepInterceptor.java:76)

	at net.thucydides.core.steps.ProxyConfiguration$InterceptorDispatcher.intercept(ProxyConfiguration.java:51)

	at automationApi.Capstone@1.0-SNAPSHOT/starter.register.Post$ByteBuddy$qH9DSIo7.receiveMessageInternalServerError(Unknown Source)

	at automationApi.Capstone@1.0-SNAPSHOT/starter.stepdefinitions.admin.RegisterSteps.adminReceiveMessageInternalServerErrorForRegister(RegisterSteps.java:62)

	at ?.Admin receive message Internal Server Error for register(file:///C:/Users/Ani/IdeaProjects/automationApi-Capstone/src/test/resources/features/admin/Register.feature:32)





23:18:30.825 [pool-2-thread-1] DEBUG net.thucydides.core.reports.ReportService - Reporting formats: [JSON, HTML]

23:18:31.533 [pool-2-thread-1] DEBUG net.thucydides.core.reports.ReportService - Reporting formats: [JSON, HTML]

23:18:31.815 [pool-2-thread-1] DEBUG net.thucydides.core.reports.ReportService - Generating reports for 19 test outcomes using: net.thucydides.core.reports.json.JSONTestOutcomeReporter@196c75be

23:18:31.831 [pool-2-thread-1] DEBUG net.thucydides.core.reports.ReportService - Processing test outcome Get User:As admin I want to Get User By Id

23:18:31.832 [pool-2-thread-1] INFO net.thucydides.core.reports.ReportService - net.thucydides.core.reports.json.JSONTestOutcomeReporter@196c75be: Generating report for test outcome: Get User:As admin I want to Get User By Id

23:18:31.886 [pool-2-thread-2] DEBUG net.thucydides.core.reports.ReportService - Processing test outcome Get User:As admin I want to Get User By Id without login

23:18:31.887 [pool-2-thread-2] INFO net.thucydides.core.reports.ReportService - net.thucydides.core.reports.json.JSONTestOutcomeReporter@196c75be: Generating report for test outcome: Get User:As admin I want to Get User By Id without login

23:18:31.888 [pool-2-thread-1] DEBUG net.thucydides.core.reports.json.JSONTestOutcomeReporter - Generating JSON report for As admin I want to Get User By Id to file C:\Users\Ani\IdeaProjects\automationApi-Capstone\target\site\serenity\e381dc2ff72e2f5521a2f8e78f055f0b9dcbab9452aa84324013262e0e23a3fe.json (using temp file C:\Users\Ani\IdeaProjects\automationApi-Capstone\target\site\serenity\e381dc2ff72e2f5521a2f8e78f055f0b9dcbab9452aa84324013262e0e23a3fe.json85a6e4b1-7732-4f68-a436-6f1dac961408)

23:18:31.894 [pool-2-thread-2] DEBUG net.thucydides.core.reports.json.JSONTestOutcomeReporter - Generating JSON report for As admin I want to Get User By Id without login to file C:\Users\Ani\IdeaProjects\automationApi-Capstone\target\site\serenity\d287bd792fbbc5aa1c057c2fb2902a317f6610dd2e59875e632ea35d0acda8a7.json (using temp file C:\Users\Ani\IdeaProjects\automationApi-Capstone\target\site\serenity\d287bd792fbbc5aa1c057c2fb2902a317f6610dd2e59875e632ea35d0acda8a7.json3d13837f-99a8-4c9d-892a-70fb1abc964c)

23:18:32.172 [pool-2-thread-2] DEBUG net.thucydides.core.reports.ReportService - Processing test outcome Get User:As admin I want to Get User By Id without login done

23:18:32.173 [pool-2-thread-2] DEBUG net.thucydides.core.reports.ReportService - Processing test outcome Invoice:As Admin I want to upload file csv for Invoice

23:18:32.174 [pool-2-thread-2] INFO net.thucydides.core.reports.ReportService - net.thucydides.core.reports.json.JSONTestOutcomeReporter@196c75be: Generating report for test outcome: Invoice:As Admin I want to upload file csv for Invoice

23:18:32.173 [pool-2-thread-1] DEBUG net.thucydides.core.reports.ReportService - Processing test outcome Get User:As admin I want to Get User By Id done

23:18:32.184 [pool-2-thread-1] DEBUG net.thucydides.core.reports.ReportService - Processing test outcome Invoice:As admin I want to Get All Invoice

23:18:32.185 [pool-2-thread-1] INFO net.thucydides.core.reports.ReportService - net.thucydides.core.reports.json.JSONTestOutcomeReporter@196c75be: Generating report for test outcome: Invoice:As admin I want to Get All Invoice

23:18:32.237 [pool-2-thread-2] DEBUG net.thucydides.core.reports.json.JSONTestOutcomeReporter - Generating JSON report for As Admin I want to upload file csv for Invoice to file C:\Users\Ani\IdeaProjects\automationApi-Capstone\target\site\serenity\6d0a27db195009d73b5be9571c1919f42cb2c584bdcd758180a451b1ad8a1c42.json (using temp file C:\Users\Ani\IdeaProjects\automationApi-Capstone\target\site\serenity\6d0a27db195009d73b5be9571c1919f42cb2c584bdcd758180a451b1ad8a1c42.json7218e8e4-0d7b-415d-a489-0bd42dde6afc)

23:18:32.271 [pool-2-thread-1] DEBUG net.thucydides.core.reports.json.JSONTestOutcomeReporter - Generating JSON report for As admin I want to Get All Invoice to file C:\Users\Ani\IdeaProjects\automationApi-Capstone\target\site\serenity\0fe06f8c021e438ac4e5fbcdb9e9d944ceee3f546cf1c79b585c840d9664b944.json (using temp file C:\Users\Ani\IdeaProjects\automationApi-Capstone\target\site\serenity\0fe06f8c021e438ac4e5fbcdb9e9d944ceee3f546cf1c79b585c840d9664b944.json731eacfc-a011-4b0c-88ab-178cab7f1011)

23:18:32.351 [pool-2-thread-2] DEBUG net.thucydides.core.reports.ReportService - Processing test outcome Invoice:As Admin I want to upload file csv for Invoice done

23:18:32.354 [pool-2-thread-2] DEBUG net.thucydides.core.reports.ReportService - Processing test outcome Invoice:As admin I want to Get Invoice by Id

23:18:32.354 [pool-2-thread-2] INFO net.thucydides.core.reports.ReportService - net.thucydides.core.reports.json.JSONTestOutcomeReporter@196c75be: Generating report for test outcome: Invoice:As admin I want to Get Invoice by Id

23:18:32.379 [pool-2-thread-2] DEBUG net.thucydides.core.reports.json.JSONTestOutcomeReporter - Generating JSON report for As admin I want to Get Invoice by Id to file C:\Users\Ani\IdeaProjects\automationApi-Capstone\target\site\serenity\155fb6c318cbe1e3eaa525b6b42600cdd53472097efad45e0d6c94ec34e456a3.json (using temp file C:\Users\Ani\IdeaProjects\automationApi-Capstone\target\site\serenity\155fb6c318cbe1e3eaa525b6b42600cdd53472097efad45e0d6c94ec34e456a3.jsonee5caca2-a135-49ef-a44a-28a95e953a3b)

23:18:32.495 [pool-2-thread-2] DEBUG net.thucydides.core.reports.ReportService - Processing test outcome Invoice:As admin I want to Get Invoice by Id done

23:18:32.496 [pool-2-thread-2] DEBUG net.thucydides.core.reports.ReportService - Processing test outcome Invoice:As Admin I want to get All Invoice without login

23:18:32.496 [pool-2-thread-2] INFO net.thucydides.core.reports.ReportService - net.thucydides.core.reports.json.JSONTestOutcomeReporter@196c75be: Generating report for test outcome: Invoice:As Admin I want to get All Invoice without login

23:18:32.505 [pool-2-thread-1] DEBUG net.thucydides.core.reports.ReportService - Processing test outcome Invoice:As admin I want to Get All Invoice done

23:18:32.505 [pool-2-thread-1] DEBUG net.thucydides.core.reports.ReportService - Processing test outcome Invoice:As Admin I want to get Invoice By Id without login

23:18:32.505 [pool-2-thread-1] INFO net.thucydides.core.reports.ReportService - net.thucydides.core.reports.json.JSONTestOutcomeReporter@196c75be: Generating report for test outcome: Invoice:As Admin I want to get Invoice By Id without login

23:18:32.523 [pool-2-thread-2] DEBUG net.thucydides.core.reports.json.JSONTestOutcomeReporter - Generating JSON report for As Admin I want to get All Invoice without login to file C:\Users\Ani\IdeaProjects\automationApi-Capstone\target\site\serenity\56d7ac2f1460cd8f1a6f7f224a3e82f6a36a7391b2afbab0bab4a57806ab8b68.json (using temp file C:\Users\Ani\IdeaProjects\automationApi-Capstone\target\site\serenity\56d7ac2f1460cd8f1a6f7f224a3e82f6a36a7391b2afbab0bab4a57806ab8b68.json5d7cff94-f153-417d-815d-e6ea8f2d42c7)

23:18:32.536 [pool-2-thread-1] DEBUG net.thucydides.core.reports.json.JSONTestOutcomeReporter - Generating JSON report for As Admin I want to get Invoice By Id without login to file C:\Users\Ani\IdeaProjects\automationApi-Capstone\target\site\serenity\b5920557f5b3353bb44e6c3170dd52c9a5133c8c6618c1fa8de4346bdcaa7435.json (using temp file C:\Users\Ani\IdeaProjects\automationApi-Capstone\target\site\serenity\b5920557f5b3353bb44e6c3170dd52c9a5133c8c6618c1fa8de4346bdcaa7435.jsonac2d7ae6-a6f1-4672-b5f0-3847d9137e1d)

23:18:32.637 [pool-2-thread-2] DEBUG net.thucydides.core.reports.ReportService - Processing test outcome Invoice:As Admin I want to get All Invoice without login done

23:18:32.638 [pool-2-thread-2] DEBUG net.thucydides.core.reports.ReportService - Processing test outcome Invoice:As Admin I want to Upload CSV without login

23:18:32.638 [pool-2-thread-2] INFO net.thucydides.core.reports.ReportService - net.thucydides.core.reports.json.JSONTestOutcomeReporter@196c75be: Generating report for test outcome: Invoice:As Admin I want to Upload CSV without login

23:18:33.049 [pool-2-thread-2] DEBUG net.thucydides.core.reports.json.JSONTestOutcomeReporter - Generating JSON report for As Admin I want to Upload CSV without login to file C:\Users\Ani\IdeaProjects\automationApi-Capstone\target\site\serenity\9b20930ab212cb526e720198004726c84ecb800bbe16859ef4a79920a75a6d5d.json (using temp file C:\Users\Ani\IdeaProjects\automationApi-Capstone\target\site\serenity\9b20930ab212cb526e720198004726c84ecb800bbe16859ef4a79920a75a6d5d.json58dc7a08-ab08-4434-b944-a0c231ba8486)

23:18:33.113 [pool-2-thread-1] DEBUG net.thucydides.core.reports.ReportService - Processing test outcome Invoice:As Admin I want to get Invoice By Id without login done

23:18:33.114 [pool-2-thread-1] DEBUG net.thucydides.core.reports.ReportService - Processing test outcome Invoice:As Admin I want to Upload CSV without send file csv

23:18:33.114 [pool-2-thread-1] INFO net.thucydides.core.reports.ReportService - net.thucydides.core.reports.json.JSONTestOutcomeReporter@196c75be: Generating report for test outcome: Invoice:As Admin I want to Upload CSV without send file csv

23:18:33.116 [pool-2-thread-1] DEBUG net.thucydides.core.reports.json.JSONTestOutcomeReporter - Generating JSON report for As Admin I want to Upload CSV without send file csv to file C:\Users\Ani\IdeaProjects\automationApi-Capstone\target\site\serenity\5e8387cecd67857bebd2e93e418611cb08d38a7ba11cb43e8ef8362c428ebc72.json (using temp file C:\Users\Ani\IdeaProjects\automationApi-Capstone\target\site\serenity\5e8387cecd67857bebd2e93e418611cb08d38a7ba11cb43e8ef8362c428ebc72.jsonf6bd2a0b-0098-4d39-ace0-07380d632502)

23:18:33.189 [pool-2-thread-2] DEBUG net.thucydides.core.reports.ReportService - Processing test outcome Invoice:As Admin I want to Upload CSV without login done

23:18:33.190 [pool-2-thread-2] DEBUG net.thucydides.core.reports.ReportService - Processing test outcome Invoice:As Admin I want to Upload CSV with different extensions

23:18:33.190 [pool-2-thread-2] INFO net.thucydides.core.reports.ReportService - net.thucydides.core.reports.json.JSONTestOutcomeReporter@196c75be: Generating report for test outcome: Invoice:As Admin I want to Upload CSV with different extensions

23:18:33.224 [pool-2-thread-1] DEBUG net.thucydides.core.reports.ReportService - Processing test outcome Invoice:As Admin I want to Upload CSV without send file csv done

23:18:33.224 [pool-2-thread-1] DEBUG net.thucydides.core.reports.ReportService - Processing test outcome Login:POST - As admin I want to login with valid idpegawai and password

23:18:33.228 [pool-2-thread-1] INFO net.thucydides.core.reports.ReportService - net.thucydides.core.reports.json.JSONTestOutcomeReporter@196c75be: Generating report for test outcome: Login:POST - As admin I want to login with valid idpegawai and password

23:18:33.239 [pool-2-thread-2] DEBUG net.thucydides.core.reports.json.JSONTestOutcomeReporter - Generating JSON report for As Admin I want to Upload CSV with different extensions to file C:\Users\Ani\IdeaProjects\automationApi-Capstone\target\site\serenity\9d869ddfa3676d4cb9895dcb0123b1e1be8d1a1cc3b21cd55c8ee916880f3218.json (using temp file C:\Users\Ani\IdeaProjects\automationApi-Capstone\target\site\serenity\9d869ddfa3676d4cb9895dcb0123b1e1be8d1a1cc3b21cd55c8ee916880f3218.json8b07a266-bb63-4b0a-bcc7-144be367493e)

23:18:33.252 [pool-2-thread-1] DEBUG net.thucydides.core.reports.json.JSONTestOutcomeReporter - Generating JSON report for POST - As admin I want to login with valid idpegawai and password to file C:\Users\Ani\IdeaProjects\automationApi-Capstone\target\site\serenity\09103872fd0d475ab66f7ae176bea73b33e948f72819db451e583f8b8ec07a20.json (using temp file C:\Users\Ani\IdeaProjects\automationApi-Capstone\target\site\serenity\09103872fd0d475ab66f7ae176bea73b33e948f72819db451e583f8b8ec07a20.jsonbfa51d48-753c-457b-acc9-65617851e64a)

23:18:33.330 [pool-2-thread-2] DEBUG net.thucydides.core.reports.ReportService - Processing test outcome Invoice:As Admin I want to Upload CSV with different extensions done

23:18:33.330 [pool-2-thread-2] DEBUG net.thucydides.core.reports.ReportService - Processing test outcome Login:As admin I want to login with valid idpegawai and invalid password

23:18:33.342 [pool-2-thread-2] INFO net.thucydides.core.reports.ReportService - net.thucydides.core.reports.json.JSONTestOutcomeReporter@196c75be: Generating report for test outcome: Login:As admin I want to login with valid idpegawai and invalid password

23:18:33.376 [pool-2-thread-1] DEBUG net.thucydides.core.reports.ReportService - Processing test outcome Login:POST - As admin I want to login with valid idpegawai and password done

23:18:33.376 [pool-2-thread-1] DEBUG net.thucydides.core.reports.ReportService - Processing test outcome Login:As As admin I want to login with invalid idpegawai and valid password

23:18:33.376 [pool-2-thread-1] INFO net.thucydides.core.reports.ReportService - net.thucydides.core.reports.json.JSONTestOutcomeReporter@196c75be: Generating report for test outcome: Login:As As admin I want to login with invalid idpegawai and valid password

23:18:33.377 [pool-2-thread-2] DEBUG net.thucydides.core.reports.json.JSONTestOutcomeReporter - Generating JSON report for As admin I want to login with valid idpegawai and invalid password to file C:\Users\Ani\IdeaProjects\automationApi-Capstone\target\site\serenity\1022918335d02dcdd7f6d244f18e9c6fc72672302b632309e1b798d7e4b92e88.json (using temp file C:\Users\Ani\IdeaProjects\automationApi-Capstone\target\site\serenity\1022918335d02dcdd7f6d244f18e9c6fc72672302b632309e1b798d7e4b92e88.jsone45dc672-02a2-4c4b-bd03-c3ffdd132791)

23:18:33.447 [pool-2-thread-2] DEBUG net.thucydides.core.reports.ReportService - Processing test outcome Login:As admin I want to login with valid idpegawai and invalid password done

23:18:33.447 [pool-2-thread-2] DEBUG net.thucydides.core.reports.ReportService - Processing test outcome Login:As admin I want to login with null idpegawai and password

23:18:33.447 [pool-2-thread-2] INFO net.thucydides.core.reports.ReportService - net.thucydides.core.reports.json.JSONTestOutcomeReporter@196c75be: Generating report for test outcome: Login:As admin I want to login with null idpegawai and password

23:18:33.450 [pool-2-thread-1] DEBUG net.thucydides.core.reports.json.JSONTestOutcomeReporter - Generating JSON report for As As admin I want to login with invalid idpegawai and valid password to file C:\Users\Ani\IdeaProjects\automationApi-Capstone\target\site\serenity\f16419209fbd6fbad4de8afba14fe312dc1230f847a34f7b5a716118624a96e7.json (using temp file C:\Users\Ani\IdeaProjects\automationApi-Capstone\target\site\serenity\f16419209fbd6fbad4de8afba14fe312dc1230f847a34f7b5a716118624a96e7.json28767b0c-5138-4446-a6ef-fabcb4a872f4)

23:18:33.483 [pool-2-thread-2] DEBUG net.thucydides.core.reports.json.JSONTestOutcomeReporter - Generating JSON report for As admin I want to login with null idpegawai and password to file C:\Users\Ani\IdeaProjects\automationApi-Capstone\target\site\serenity\45fb22cf7b7e6fd07dbdcea52e3d4603b1280d242443de0af02232b5df6f53c1.json (using temp file C:\Users\Ani\IdeaProjects\automationApi-Capstone\target\site\serenity\45fb22cf7b7e6fd07dbdcea52e3d4603b1280d242443de0af02232b5df6f53c1.json84c20793-cfc3-4889-9b6e-1bbd15e5f7bc)

23:18:33.562 [pool-2-thread-1] DEBUG net.thucydides.core.reports.ReportService - Processing test outcome Login:As As admin I want to login with invalid idpegawai and valid password done

23:18:33.564 [pool-2-thread-1] DEBUG net.thucydides.core.reports.ReportService - Processing test outcome Login:As admin I want to login with unregistered data

23:18:33.564 [pool-2-thread-1] INFO net.thucydides.core.reports.ReportService - net.thucydides.core.reports.json.JSONTestOutcomeReporter@196c75be: Generating report for test outcome: Login:As admin I want to login with unregistered data

23:18:33.570 [pool-2-thread-1] DEBUG net.thucydides.core.reports.json.JSONTestOutcomeReporter - Generating JSON report for As admin I want to login with unregistered data to file C:\Users\Ani\IdeaProjects\automationApi-Capstone\target\site\serenity\82a0daa5737e4697fcc19869313d4492ac81e68947888b641eb74c71ac467c15.json (using temp file C:\Users\Ani\IdeaProjects\automationApi-Capstone\target\site\serenity\82a0daa5737e4697fcc19869313d4492ac81e68947888b641eb74c71ac467c15.json50f5b9d2-ae11-44c5-b559-29c0b3d34361)

23:18:33.700 [pool-2-thread-2] DEBUG net.thucydides.core.reports.ReportService - Processing test outcome Login:As admin I want to login with null idpegawai and password done

23:18:33.701 [pool-2-thread-2] DEBUG net.thucydides.core.reports.ReportService - Processing test outcome Register:As Admin I have be able to create new user with valid data

23:18:33.701 [pool-2-thread-2] INFO net.thucydides.core.reports.ReportService - net.thucydides.core.reports.json.JSONTestOutcomeReporter@196c75be: Generating report for test outcome: Register:As Admin I have be able to create new user with valid data

23:18:33.721 [pool-2-thread-2] DEBUG net.thucydides.core.reports.json.JSONTestOutcomeReporter - Generating JSON report for As Admin I have be able to create new user with valid data to file C:\Users\Ani\IdeaProjects\automationApi-Capstone\target\site\serenity\e1435c1e98494d7ef7efea9b3ac077cec6e0952bf6fb280822c3ace2dba78966.json (using temp file C:\Users\Ani\IdeaProjects\automationApi-Capstone\target\site\serenity\e1435c1e98494d7ef7efea9b3ac077cec6e0952bf6fb280822c3ace2dba78966.json9d38b82e-feb5-496b-ade6-c53efedd1272)

23:18:33.765 [pool-2-thread-1] DEBUG net.thucydides.core.reports.ReportService - Processing test outcome Login:As admin I want to login with unregistered data done

23:18:33.777 [pool-2-thread-1] DEBUG net.thucydides.core.reports.ReportService - Processing test outcome Register:As Admin I to create new user with registered data

23:18:33.777 [pool-2-thread-1] INFO net.thucydides.core.reports.ReportService - net.thucydides.core.reports.json.JSONTestOutcomeReporter@196c75be: Generating report for test outcome: Register:As Admin I to create new user with registered data

23:18:33.784 [pool-2-thread-1] DEBUG net.thucydides.core.reports.json.JSONTestOutcomeReporter - Generating JSON report for As Admin I to create new user with registered data to file C:\Users\Ani\IdeaProjects\automationApi-Capstone\target\site\serenity\5c2398322f04b2f5c8b9113624cf1c213b868d3d70f1e9e0d08b9e08b1c7ab18.json (using temp file C:\Users\Ani\IdeaProjects\automationApi-Capstone\target\site\serenity\5c2398322f04b2f5c8b9113624cf1c213b868d3d70f1e9e0d08b9e08b1c7ab18.jsone1789a40-0d3d-4c71-a52f-1dc938a6ee62)

23:18:33.822 [pool-2-thread-2] DEBUG net.thucydides.core.reports.ReportService - Processing test outcome Register:As Admin I have be able to create new user with valid data done

23:18:33.822 [pool-2-thread-2] DEBUG net.thucydides.core.reports.ReportService - Processing test outcome Register:As Admin I have to create new user with null data

23:18:33.823 [pool-2-thread-2] INFO net.thucydides.core.reports.ReportService - net.thucydides.core.reports.json.JSONTestOutcomeReporter@196c75be: Generating report for test outcome: Register:As Admin I have to create new user with null data

23:18:33.848 [pool-2-thread-2] DEBUG net.thucydides.core.reports.json.JSONTestOutcomeReporter - Generating JSON report for As Admin I have to create new user with null data to file C:\Users\Ani\IdeaProjects\automationApi-Capstone\target\site\serenity\7693e62e8e5e64f66dfee6698387d3d026a2cb55114c7dc9585fd0a39cced611.json (using temp file C:\Users\Ani\IdeaProjects\automationApi-Capstone\target\site\serenity\7693e62e8e5e64f66dfee6698387d3d026a2cb55114c7dc9585fd0a39cced611.jsonefc0c5fc-7ac9-481d-b55f-8cf0299003fc)

23:18:33.945 [pool-2-thread-2] DEBUG net.thucydides.core.reports.ReportService - Processing test outcome Register:As Admin I have to create new user with null data done

23:18:33.946 [pool-2-thread-2] DEBUG net.thucydides.core.reports.ReportService - Processing test outcome Send Email Customer:As admin I want to send Email to Customer

23:18:33.946 [pool-2-thread-2] INFO net.thucydides.core.reports.ReportService - net.thucydides.core.reports.json.JSONTestOutcomeReporter@196c75be: Generating report for test outcome: Send Email Customer:As admin I want to send Email to Customer

23:18:33.953 [pool-2-thread-1] DEBUG net.thucydides.core.reports.ReportService - Processing test outcome Register:As Admin I to create new user with registered data done

23:18:33.955 [pool-2-thread-2] DEBUG net.thucydides.core.reports.json.JSONTestOutcomeReporter - Generating JSON report for As admin I want to send Email to Customer to file C:\Users\Ani\IdeaProjects\automationApi-Capstone\target\site\serenity\7ba310faa42ca3522e0442bc4227c841f2a03e995062ae153d4617e669993f1b.json (using temp file C:\Users\Ani\IdeaProjects\automationApi-Capstone\target\site\serenity\7ba310faa42ca3522e0442bc4227c841f2a03e995062ae153d4617e669993f1b.json6538279b-b5b9-4d84-83d1-0b07b948e841)

23:18:34.065 [pool-2-thread-2] DEBUG net.thucydides.core.reports.ReportService - Processing test outcome Send Email Customer:As admin I want to send Email to Customer done

23:18:34.065 [pool-2-thread-1] DEBUG net.thucydides.core.reports.ReportService - Shutting down executor service

23:18:34.066 [pool-2-thread-1] DEBUG net.thucydides.core.reports.ReportService - Reports generated in: 2251 ms

23:18:34.066 [pool-2-thread-1] DEBUG net.thucydides.core.reports.ReportService - Generating reports for 19 test outcomes using: net.thucydides.core.reports.html.HtmlAcceptanceTestReporter@1bea99b2

23:18:34.096 [pool-3-thread-1] DEBUG net.thucydides.core.reports.ReportService - Processing test outcome Get User:As admin I want to Get User By Id

23:18:34.097 [pool-3-thread-1] INFO net.thucydides.core.reports.ReportService - net.thucydides.core.reports.html.HtmlAcceptanceTestReporter@1bea99b2: Generating report for test outcome: Get User:As admin I want to Get User By Id

23:18:34.189 [pool-3-thread-2] DEBUG net.thucydides.core.reports.ReportService - Processing test outcome Get User:As admin I want to Get User By Id without login

23:18:34.189 [pool-3-thread-2] INFO net.thucydides.core.reports.ReportService - net.thucydides.core.reports.html.HtmlAcceptanceTestReporter@1bea99b2: Generating report for test outcome: Get User:As admin I want to Get User By Id without login

23:18:34.568 [pool-3-thread-1] DEBUG net.thucydides.core.requirements.model.cucumber.CucumberParser - Added feature Get User

23:18:34.650 [pool-3-thread-2] DEBUG net.thucydides.core.requirements.model.cucumber.CucumberParser - Added feature Get User

23:18:34.714 [pool-3-thread-1] DEBUG net.thucydides.core.requirements.model.cucumber.CucumberParser - Added feature Invoice

23:18:34.819 [pool-3-thread-1] DEBUG net.thucydides.core.requirements.model.cucumber.CucumberParser - Added feature Login

23:18:34.841 [pool-3-thread-2] DEBUG net.thucydides.core.requirements.model.cucumber.CucumberParser - Added feature Invoice

23:18:34.876 [pool-3-thread-1] DEBUG net.thucydides.core.requirements.model.cucumber.CucumberParser - Added feature Register

23:18:34.899 [pool-3-thread-1] DEBUG net.thucydides.core.requirements.model.cucumber.CucumberParser - Added feature Send Email Customer

23:18:34.951 [pool-3-thread-2] DEBUG net.thucydides.core.requirements.model.cucumber.CucumberParser - Added feature Login

23:18:34.992 [pool-3-thread-2] DEBUG net.thucydides.core.requirements.model.cucumber.CucumberParser - Added feature Register

23:18:35.012 [pool-3-thread-2] DEBUG net.thucydides.core.requirements.model.cucumber.CucumberParser - Added feature Send Email Customer

23:18:35.050 [pool-3-thread-1] DEBUG net.thucydides.core.requirements.BaseRequirementsService - Requirement found for test outcome As admin I want to Get User By Id-[]: Optional[Requirement{name='Get User', type='feature' parent = 'Admin', cardNumber='null'}]

23:18:35.059 [pool-3-thread-1] DEBUG net.thucydides.core.requirements.BaseRequirementsService - Requirement found for test outcome As admin I want to Get User By Id-[]: Optional[Requirement{name='Get User', type='feature' parent = 'Admin', cardNumber='null'}]

23:18:35.088 [pool-3-thread-2] DEBUG net.thucydides.core.requirements.BaseRequirementsService - Requirement found for test outcome As admin I want to Get User By Id without login-[]: Optional[Requirement{name='Get User', type='feature' parent = 'Admin', cardNumber='null'}]

23:18:35.093 [pool-3-thread-2] DEBUG net.thucydides.core.requirements.BaseRequirementsService - Requirement found for test outcome As admin I want to Get User By Id without login-[]: Optional[Requirement{name='Get User', type='feature' parent = 'Admin', cardNumber='null'}]

23:18:35.714 [pool-3-thread-2] DEBUG serenity.reporting - Generating report in d287bd792fbbc5aa1c057c2fb2902a317f6610dd2e59875e632ea35d0acda8a7.html

23:18:40.140 [pool-3-thread-2] DEBUG serenity.reporting - Generated report d287bd792fbbc5aa1c057c2fb2902a317f6610dd2e59875e632ea35d0acda8a7.html in 4425 ms

23:18:40.163 [pool-3-thread-2] DEBUG net.thucydides.core.reports.ReportService - Processing test outcome Get User:As admin I want to Get User By Id without login done

23:18:40.163 [pool-3-thread-2] DEBUG net.thucydides.core.reports.ReportService - Processing test outcome Invoice:As Admin I want to upload file csv for Invoice

23:18:40.163 [pool-3-thread-2] INFO net.thucydides.core.reports.ReportService - net.thucydides.core.reports.html.HtmlAcceptanceTestReporter@1bea99b2: Generating report for test outcome: Invoice:As Admin I want to upload file csv for Invoice

23:18:40.178 [pool-3-thread-2] DEBUG net.thucydides.core.requirements.BaseRequirementsService - Requirement found for test outcome As Admin I want to upload file csv for Invoice-[]: Optional[Requirement{name='Invoice', type='feature' parent = 'Admin', cardNumber='null'}]

23:18:40.182 [pool-3-thread-2] DEBUG net.thucydides.core.requirements.BaseRequirementsService - Requirement found for test outcome As Admin I want to upload file csv for Invoice-[]: Optional[Requirement{name='Invoice', type='feature' parent = 'Admin', cardNumber='null'}]

23:18:40.212 [pool-3-thread-2] DEBUG serenity.reporting - Generating report in 6d0a27db195009d73b5be9571c1919f42cb2c584bdcd758180a451b1ad8a1c42.html

23:18:40.544 [pool-3-thread-2] DEBUG serenity.reporting - Generated report 6d0a27db195009d73b5be9571c1919f42cb2c584bdcd758180a451b1ad8a1c42.html in 329 ms

23:18:40.573 [pool-3-thread-2] DEBUG net.thucydides.core.reports.ReportService - Processing test outcome Invoice:As Admin I want to upload file csv for Invoice done

23:18:40.574 [pool-3-thread-2] DEBUG net.thucydides.core.reports.ReportService - Processing test outcome Invoice:As admin I want to Get All Invoice

23:18:40.574 [pool-3-thread-2] INFO net.thucydides.core.reports.ReportService - net.thucydides.core.reports.html.HtmlAcceptanceTestReporter@1bea99b2: Generating report for test outcome: Invoice:As admin I want to Get All Invoice

23:18:40.583 [pool-3-thread-2] DEBUG net.thucydides.core.requirements.BaseRequirementsService - Requirement found for test outcome As admin I want to Get All Invoice-[]: Optional[Requirement{name='Invoice', type='feature' parent = 'Admin', cardNumber='null'}]

23:18:40.591 [pool-3-thread-2] DEBUG net.thucydides.core.requirements.BaseRequirementsService - Requirement found for test outcome As admin I want to Get All Invoice-[]: Optional[Requirement{name='Invoice', type='feature' parent = 'Admin', cardNumber='null'}]

23:18:40.620 [pool-3-thread-2] DEBUG serenity.reporting - Generating report in 0fe06f8c021e438ac4e5fbcdb9e9d944ceee3f546cf1c79b585c840d9664b944.html

23:18:41.105 [pool-3-thread-2] DEBUG serenity.reporting - Generated report 0fe06f8c021e438ac4e5fbcdb9e9d944ceee3f546cf1c79b585c840d9664b944.html in 485 ms

23:18:41.105 [pool-3-thread-2] DEBUG net.thucydides.core.reports.ReportService - Processing test outcome Invoice:As admin I want to Get All Invoice done

23:18:41.105 [pool-3-thread-2] DEBUG net.thucydides.core.reports.ReportService - Processing test outcome Invoice:As admin I want to Get Invoice by Id

23:18:41.105 [pool-3-thread-2] INFO net.thucydides.core.reports.ReportService - net.thucydides.core.reports.html.HtmlAcceptanceTestReporter@1bea99b2: Generating report for test outcome: Invoice:As admin I want to Get Invoice by Id

23:18:41.116 [pool-3-thread-2] DEBUG net.thucydides.core.requirements.BaseRequirementsService - Requirement found for test outcome As admin I want to Get Invoice by Id-[]: Optional[Requirement{name='Invoice', type='feature' parent = 'Admin', cardNumber='null'}]

23:18:41.128 [pool-3-thread-2] DEBUG net.thucydides.core.requirements.BaseRequirementsService - Requirement found for test outcome As admin I want to Get Invoice by Id-[]: Optional[Requirement{name='Invoice', type='feature' parent = 'Admin', cardNumber='null'}]

23:18:41.139 [pool-3-thread-2] DEBUG serenity.reporting - Generating report in 155fb6c318cbe1e3eaa525b6b42600cdd53472097efad45e0d6c94ec34e456a3.html

23:18:41.444 [pool-3-thread-2] DEBUG serenity.reporting - Generated report 155fb6c318cbe1e3eaa525b6b42600cdd53472097efad45e0d6c94ec34e456a3.html in 305 ms

23:18:41.444 [pool-3-thread-2] DEBUG net.thucydides.core.reports.ReportService - Processing test outcome Invoice:As admin I want to Get Invoice by Id done

23:18:41.444 [pool-3-thread-2] DEBUG net.thucydides.core.reports.ReportService - Processing test outcome Invoice:As Admin I want to get All Invoice without login

23:18:41.445 [pool-3-thread-2] INFO net.thucydides.core.reports.ReportService - net.thucydides.core.reports.html.HtmlAcceptanceTestReporter@1bea99b2: Generating report for test outcome: Invoice:As Admin I want to get All Invoice without login

23:18:41.451 [pool-3-thread-2] DEBUG net.thucydides.core.requirements.BaseRequirementsService - Requirement found for test outcome As Admin I want to get All Invoice without login-[]: Optional[Requirement{name='Invoice', type='feature' parent = 'Admin', cardNumber='null'}]

23:18:41.464 [pool-3-thread-2] DEBUG net.thucydides.core.requirements.BaseRequirementsService - Requirement found for test outcome As Admin I want to get All Invoice without login-[]: Optional[Requirement{name='Invoice', type='feature' parent = 'Admin', cardNumber='null'}]

23:18:41.481 [pool-3-thread-2] DEBUG serenity.reporting - Generating report in 56d7ac2f1460cd8f1a6f7f224a3e82f6a36a7391b2afbab0bab4a57806ab8b68.html

23:18:41.780 [pool-3-thread-2] DEBUG serenity.reporting - Generated report 56d7ac2f1460cd8f1a6f7f224a3e82f6a36a7391b2afbab0bab4a57806ab8b68.html in 299 ms

23:18:41.781 [pool-3-thread-2] DEBUG net.thucydides.core.reports.ReportService - Processing test outcome Invoice:As Admin I want to get All Invoice without login done

23:18:41.781 [pool-3-thread-2] DEBUG net.thucydides.core.reports.ReportService - Processing test outcome Invoice:As Admin I want to get Invoice By Id without login

23:18:41.781 [pool-3-thread-2] INFO net.thucydides.core.reports.ReportService - net.thucydides.core.reports.html.HtmlAcceptanceTestReporter@1bea99b2: Generating report for test outcome: Invoice:As Admin I want to get Invoice By Id without login

23:18:41.789 [pool-3-thread-2] DEBUG net.thucydides.core.requirements.BaseRequirementsService - Requirement found for test outcome As Admin I want to get Invoice By Id without login-[]: Optional[Requirement{name='Invoice', type='feature' parent = 'Admin', cardNumber='null'}]

23:18:41.796 [pool-3-thread-2] DEBUG net.thucydides.core.requirements.BaseRequirementsService - Requirement found for test outcome As Admin I want to get Invoice By Id without login-[]: Optional[Requirement{name='Invoice', type='feature' parent = 'Admin', cardNumber='null'}]

23:18:41.813 [pool-3-thread-2] DEBUG serenity.reporting - Generating report in b5920557f5b3353bb44e6c3170dd52c9a5133c8c6618c1fa8de4346bdcaa7435.html

23:18:42.064 [pool-3-thread-2] DEBUG serenity.reporting - Generated report b5920557f5b3353bb44e6c3170dd52c9a5133c8c6618c1fa8de4346bdcaa7435.html in 251 ms

23:18:42.065 [pool-3-thread-2] DEBUG net.thucydides.core.reports.ReportService - Processing test outcome Invoice:As Admin I want to get Invoice By Id without login done

23:18:42.065 [pool-3-thread-2] DEBUG net.thucydides.core.reports.ReportService - Processing test outcome Invoice:As Admin I want to Upload CSV without login

23:18:42.065 [pool-3-thread-2] INFO net.thucydides.core.reports.ReportService - net.thucydides.core.reports.html.HtmlAcceptanceTestReporter@1bea99b2: Generating report for test outcome: Invoice:As Admin I want to Upload CSV without login

23:18:42.071 [pool-3-thread-2] DEBUG net.thucydides.core.requirements.BaseRequirementsService - Requirement found for test outcome As Admin I want to Upload CSV without login-[]: Optional[Requirement{name='Invoice', type='feature' parent = 'Admin', cardNumber='null'}]

23:18:42.079 [pool-3-thread-2] DEBUG net.thucydides.core.requirements.BaseRequirementsService - Requirement found for test outcome As Admin I want to Upload CSV without login-[]: Optional[Requirement{name='Invoice', type='feature' parent = 'Admin', cardNumber='null'}]

23:18:42.107 [pool-3-thread-2] DEBUG serenity.reporting - Generating report in 9b20930ab212cb526e720198004726c84ecb800bbe16859ef4a79920a75a6d5d.html

23:18:42.313 [pool-3-thread-2] DEBUG serenity.reporting - Generated report 9b20930ab212cb526e720198004726c84ecb800bbe16859ef4a79920a75a6d5d.html in 227 ms

23:18:42.313 [pool-3-thread-2] DEBUG net.thucydides.core.reports.ReportService - Processing test outcome Invoice:As Admin I want to Upload CSV without login done

23:18:42.314 [pool-3-thread-2] DEBUG net.thucydides.core.reports.ReportService - Processing test outcome Invoice:As Admin I want to Upload CSV without send file csv

23:18:42.314 [pool-3-thread-2] INFO net.thucydides.core.reports.ReportService - net.thucydides.core.reports.html.HtmlAcceptanceTestReporter@1bea99b2: Generating report for test outcome: Invoice:As Admin I want to Upload CSV without send file csv

23:18:42.321 [pool-3-thread-2] DEBUG net.thucydides.core.requirements.BaseRequirementsService - Requirement found for test outcome As Admin I want to Upload CSV without send file csv-[]: Optional[Requirement{name='Invoice', type='feature' parent = 'Admin', cardNumber='null'}]

23:18:42.323 [pool-3-thread-2] DEBUG net.thucydides.core.requirements.BaseRequirementsService - Requirement found for test outcome As Admin I want to Upload CSV without send file csv-[]: Optional[Requirement{name='Invoice', type='feature' parent = 'Admin', cardNumber='null'}]

23:18:42.331 [pool-3-thread-2] DEBUG serenity.reporting - Generating report in 5e8387cecd67857bebd2e93e418611cb08d38a7ba11cb43e8ef8362c428ebc72.html

23:18:42.571 [pool-3-thread-2] DEBUG serenity.reporting - Generated report 5e8387cecd67857bebd2e93e418611cb08d38a7ba11cb43e8ef8362c428ebc72.html in 240 ms

23:18:42.571 [pool-3-thread-2] DEBUG net.thucydides.core.reports.ReportService - Processing test outcome Invoice:As Admin I want to Upload CSV without send file csv done

23:18:42.572 [pool-3-thread-2] DEBUG net.thucydides.core.reports.ReportService - Processing test outcome Invoice:As Admin I want to Upload CSV with different extensions

23:18:42.572 [pool-3-thread-2] INFO net.thucydides.core.reports.ReportService - net.thucydides.core.reports.html.HtmlAcceptanceTestReporter@1bea99b2: Generating report for test outcome: Invoice:As Admin I want to Upload CSV with different extensions

23:18:42.587 [pool-3-thread-2] DEBUG net.thucydides.core.requirements.BaseRequirementsService - Requirement found for test outcome As Admin I want to Upload CSV with different extensions-[]: Optional[Requirement{name='Invoice', type='feature' parent = 'Admin', cardNumber='null'}]

23:18:42.589 [pool-3-thread-2] DEBUG net.thucydides.core.requirements.BaseRequirementsService - Requirement found for test outcome As Admin I want to Upload CSV with different extensions-[]: Optional[Requirement{name='Invoice', type='feature' parent = 'Admin', cardNumber='null'}]

23:18:42.607 [pool-3-thread-2] DEBUG serenity.reporting - Generating report in 9d869ddfa3676d4cb9895dcb0123b1e1be8d1a1cc3b21cd55c8ee916880f3218.html

23:18:42.780 [pool-3-thread-2] DEBUG serenity.reporting - Generated report 9d869ddfa3676d4cb9895dcb0123b1e1be8d1a1cc3b21cd55c8ee916880f3218.html in 172 ms

23:18:42.785 [pool-3-thread-2] DEBUG net.thucydides.core.reports.ReportService - Processing test outcome Invoice:As Admin I want to Upload CSV with different extensions done

23:18:42.785 [pool-3-thread-2] DEBUG net.thucydides.core.reports.ReportService - Processing test outcome Login:POST - As admin I want to login with valid idpegawai and password

23:18:42.785 [pool-3-thread-2] INFO net.thucydides.core.reports.ReportService - net.thucydides.core.reports.html.HtmlAcceptanceTestReporter@1bea99b2: Generating report for test outcome: Login:POST - As admin I want to login with valid idpegawai and password

23:18:42.792 [pool-3-thread-2] DEBUG net.thucydides.core.requirements.BaseRequirementsService - Requirement found for test outcome POST - As admin I want to login with valid idpegawai and password-[]: Optional[Requirement{name='Login', type='feature' parent = 'Admin', cardNumber='null'}]

23:18:42.795 [pool-3-thread-2] DEBUG net.thucydides.core.requirements.BaseRequirementsService - Requirement found for test outcome POST - As admin I want to login with valid idpegawai and password-[]: Optional[Requirement{name='Login', type='feature' parent = 'Admin', cardNumber='null'}]

23:18:42.817 [pool-3-thread-2] DEBUG serenity.reporting - Generating report in 09103872fd0d475ab66f7ae176bea73b33e948f72819db451e583f8b8ec07a20.html

23:18:42.991 [pool-3-thread-2] DEBUG serenity.reporting - Generated report 09103872fd0d475ab66f7ae176bea73b33e948f72819db451e583f8b8ec07a20.html in 174 ms

23:18:42.992 [pool-3-thread-2] DEBUG net.thucydides.core.reports.ReportService - Processing test outcome Login:POST - As admin I want to login with valid idpegawai and password done

23:18:42.992 [pool-3-thread-2] DEBUG net.thucydides.core.reports.ReportService - Processing test outcome Login:As admin I want to login with valid idpegawai and invalid password

23:18:42.992 [pool-3-thread-2] INFO net.thucydides.core.reports.ReportService - net.thucydides.core.reports.html.HtmlAcceptanceTestReporter@1bea99b2: Generating report for test outcome: Login:As admin I want to login with valid idpegawai and invalid password

23:18:43.010 [pool-3-thread-2] DEBUG net.thucydides.core.requirements.BaseRequirementsService - Requirement found for test outcome As admin I want to login with valid idpegawai and invalid password-[]: Optional[Requirement{name='Login', type='feature' parent = 'Admin', cardNumber='null'}]

23:18:43.017 [pool-3-thread-2] DEBUG net.thucydides.core.requirements.BaseRequirementsService - Requirement found for test outcome As admin I want to login with valid idpegawai and invalid password-[]: Optional[Requirement{name='Login', type='feature' parent = 'Admin', cardNumber='null'}]

23:18:43.024 [pool-3-thread-2] DEBUG serenity.reporting - Generating report in 1022918335d02dcdd7f6d244f18e9c6fc72672302b632309e1b798d7e4b92e88.html

23:18:43.310 [pool-3-thread-2] DEBUG serenity.reporting - Generated report 1022918335d02dcdd7f6d244f18e9c6fc72672302b632309e1b798d7e4b92e88.html in 286 ms

23:18:43.311 [pool-3-thread-2] DEBUG net.thucydides.core.reports.ReportService - Processing test outcome Login:As admin I want to login with valid idpegawai and invalid password done

23:18:43.311 [pool-3-thread-2] DEBUG net.thucydides.core.reports.ReportService - Processing test outcome Login:As As admin I want to login with invalid idpegawai and valid password

23:18:43.311 [pool-3-thread-2] INFO net.thucydides.core.reports.ReportService - net.thucydides.core.reports.html.HtmlAcceptanceTestReporter@1bea99b2: Generating report for test outcome: Login:As As admin I want to login with invalid idpegawai and valid password

23:18:43.322 [pool-3-thread-2] DEBUG net.thucydides.core.requirements.BaseRequirementsService - Requirement found for test outcome As As admin I want to login with invalid idpegawai and valid password-[]: Optional[Requirement{name='Login', type='feature' parent = 'Admin', cardNumber='null'}]

23:18:43.327 [pool-3-thread-2] DEBUG net.thucydides.core.requirements.BaseRequirementsService - Requirement found for test outcome As As admin I want to login with invalid idpegawai and valid password-[]: Optional[Requirement{name='Login', type='feature' parent = 'Admin', cardNumber='null'}]

23:18:43.335 [pool-3-thread-2] DEBUG serenity.reporting - Generating report in f16419209fbd6fbad4de8afba14fe312dc1230f847a34f7b5a716118624a96e7.html

23:18:43.519 [pool-3-thread-2] DEBUG serenity.reporting - Generated report f16419209fbd6fbad4de8afba14fe312dc1230f847a34f7b5a716118624a96e7.html in 184 ms

23:18:43.519 [pool-3-thread-2] DEBUG net.thucydides.core.reports.ReportService - Processing test outcome Login:As As admin I want to login with invalid idpegawai and valid password done

23:18:43.519 [pool-3-thread-2] DEBUG net.thucydides.core.reports.ReportService - Processing test outcome Login:As admin I want to login with null idpegawai and password

23:18:43.519 [pool-3-thread-2] INFO net.thucydides.core.reports.ReportService - net.thucydides.core.reports.html.HtmlAcceptanceTestReporter@1bea99b2: Generating report for test outcome: Login:As admin I want to login with null idpegawai and password

23:18:43.525 [pool-3-thread-2] DEBUG net.thucydides.core.requirements.BaseRequirementsService - Requirement found for test outcome As admin I want to login with null idpegawai and password-[]: Optional[Requirement{name='Login', type='feature' parent = 'Admin', cardNumber='null'}]

23:18:43.528 [pool-3-thread-2] DEBUG net.thucydides.core.requirements.BaseRequirementsService - Requirement found for test outcome As admin I want to login with null idpegawai and password-[]: Optional[Requirement{name='Login', type='feature' parent = 'Admin', cardNumber='null'}]

23:18:43.537 [pool-3-thread-2] DEBUG serenity.reporting - Generating report in 45fb22cf7b7e6fd07dbdcea52e3d4603b1280d242443de0af02232b5df6f53c1.html

23:18:43.738 [pool-3-thread-2] DEBUG serenity.reporting - Generated report 45fb22cf7b7e6fd07dbdcea52e3d4603b1280d242443de0af02232b5df6f53c1.html in 201 ms

23:18:43.738 [pool-3-thread-2] DEBUG net.thucydides.core.reports.ReportService - Processing test outcome Login:As admin I want to login with null idpegawai and password done

23:18:43.739 [pool-3-thread-2] DEBUG net.thucydides.core.reports.ReportService - Processing test outcome Login:As admin I want to login with unregistered data

23:18:43.739 [pool-3-thread-2] INFO net.thucydides.core.reports.ReportService - net.thucydides.core.reports.html.HtmlAcceptanceTestReporter@1bea99b2: Generating report for test outcome: Login:As admin I want to login with unregistered data

23:18:43.754 [pool-3-thread-2] DEBUG net.thucydides.core.requirements.BaseRequirementsService - Requirement found for test outcome As admin I want to login with unregistered data-[]: Optional[Requirement{name='Login', type='feature' parent = 'Admin', cardNumber='null'}]

23:18:43.768 [pool-3-thread-2] DEBUG net.thucydides.core.requirements.BaseRequirementsService - Requirement found for test outcome As admin I want to login with unregistered data-[]: Optional[Requirement{name='Login', type='feature' parent = 'Admin', cardNumber='null'}]

23:18:43.777 [pool-3-thread-2] DEBUG serenity.reporting - Generating report in 82a0daa5737e4697fcc19869313d4492ac81e68947888b641eb74c71ac467c15.html

23:18:43.922 [pool-3-thread-2] DEBUG serenity.reporting - Generated report 82a0daa5737e4697fcc19869313d4492ac81e68947888b641eb74c71ac467c15.html in 145 ms

23:18:43.923 [pool-3-thread-2] DEBUG net.thucydides.core.reports.ReportService - Processing test outcome Login:As admin I want to login with unregistered data done

23:18:43.923 [pool-3-thread-2] DEBUG net.thucydides.core.reports.ReportService - Processing test outcome Register:As Admin I have be able to create new user with valid data

23:18:43.923 [pool-3-thread-2] INFO net.thucydides.core.reports.ReportService - net.thucydides.core.reports.html.HtmlAcceptanceTestReporter@1bea99b2: Generating report for test outcome: Register:As Admin I have be able to create new user with valid data

23:18:43.934 [pool-3-thread-2] DEBUG net.thucydides.core.requirements.BaseRequirementsService - Requirement found for test outcome As Admin I have be able to create new user with valid data-[]: Optional[Requirement{name='Register', type='feature' parent = 'Admin', cardNumber='null'}]

23:18:43.938 [pool-3-thread-2] DEBUG net.thucydides.core.requirements.BaseRequirementsService - Requirement found for test outcome As Admin I have be able to create new user with valid data-[]: Optional[Requirement{name='Register', type='feature' parent = 'Admin', cardNumber='null'}]

23:18:43.945 [pool-3-thread-2] DEBUG serenity.reporting - Generating report in e1435c1e98494d7ef7efea9b3ac077cec6e0952bf6fb280822c3ace2dba78966.html

23:18:44.107 [pool-3-thread-2] DEBUG serenity.reporting - Generated report e1435c1e98494d7ef7efea9b3ac077cec6e0952bf6fb280822c3ace2dba78966.html in 162 ms

23:18:44.118 [pool-3-thread-2] DEBUG net.thucydides.core.reports.ReportService - Processing test outcome Register:As Admin I have be able to create new user with valid data done

23:18:44.118 [pool-3-thread-2] DEBUG net.thucydides.core.reports.ReportService - Processing test outcome Register:As Admin I to create new user with registered data

23:18:44.118 [pool-3-thread-2] INFO net.thucydides.core.reports.ReportService - net.thucydides.core.reports.html.HtmlAcceptanceTestReporter@1bea99b2: Generating report for test outcome: Register:As Admin I to create new user with registered data

23:18:44.133 [pool-3-thread-2] DEBUG net.thucydides.core.requirements.BaseRequirementsService - Requirement found for test outcome As Admin I to create new user with registered data-[]: Optional[Requirement{name='Register', type='feature' parent = 'Admin', cardNumber='null'}]

23:18:44.136 [pool-3-thread-2] DEBUG net.thucydides.core.requirements.BaseRequirementsService - Requirement found for test outcome As Admin I to create new user with registered data-[]: Optional[Requirement{name='Register', type='feature' parent = 'Admin', cardNumber='null'}]

23:18:44.142 [pool-3-thread-2] DEBUG serenity.reporting - Generating report in 5c2398322f04b2f5c8b9113624cf1c213b868d3d70f1e9e0d08b9e08b1c7ab18.html

23:18:45.894 [pool-3-thread-2] DEBUG serenity.reporting - Generated report 5c2398322f04b2f5c8b9113624cf1c213b868d3d70f1e9e0d08b9e08b1c7ab18.html in 1753 ms

23:18:45.894 [pool-3-thread-2] DEBUG net.thucydides.core.reports.ReportService - Processing test outcome Register:As Admin I to create new user with registered data done

23:18:45.894 [pool-3-thread-2] DEBUG net.thucydides.core.reports.ReportService - Processing test outcome Register:As Admin I have to create new user with null data

23:18:45.894 [pool-3-thread-2] INFO net.thucydides.core.reports.ReportService - net.thucydides.core.reports.html.HtmlAcceptanceTestReporter@1bea99b2: Generating report for test outcome: Register:As Admin I have to create new user with null data

23:18:45.913 [pool-3-thread-2] DEBUG net.thucydides.core.requirements.BaseRequirementsService - Requirement found for test outcome As Admin I have to create new user with null data-[]: Optional[Requirement{name='Register', type='feature' parent = 'Admin', cardNumber='null'}]

23:18:45.926 [pool-3-thread-2] DEBUG net.thucydides.core.requirements.BaseRequirementsService - Requirement found for test outcome As Admin I have to create new user with null data-[]: Optional[Requirement{name='Register', type='feature' parent = 'Admin', cardNumber='null'}]

23:18:45.979 [pool-3-thread-2] DEBUG serenity.reporting - Generating report in 7693e62e8e5e64f66dfee6698387d3d026a2cb55114c7dc9585fd0a39cced611.html

23:18:46.152 [pool-3-thread-2] DEBUG serenity.reporting - Generated report 7693e62e8e5e64f66dfee6698387d3d026a2cb55114c7dc9585fd0a39cced611.html in 173 ms

23:18:46.152 [pool-3-thread-2] DEBUG net.thucydides.core.reports.ReportService - Processing test outcome Register:As Admin I have to create new user with null data done

23:18:46.152 [pool-3-thread-2] DEBUG net.thucydides.core.reports.ReportService - Processing test outcome Send Email Customer:As admin I want to send Email to Customer

23:18:46.153 [pool-3-thread-2] INFO net.thucydides.core.reports.ReportService - net.thucydides.core.reports.html.HtmlAcceptanceTestReporter@1bea99b2: Generating report for test outcome: Send Email Customer:As admin I want to send Email to Customer

23:18:46.171 [pool-3-thread-2] DEBUG net.thucydides.core.requirements.BaseRequirementsService - Requirement found for test outcome As admin I want to send Email to Customer-[]: Optional[Requirement{name='Send Email Customer', type='feature' parent = 'Admin', cardNumber='null'}]

23:18:46.184 [pool-3-thread-2] DEBUG net.thucydides.core.requirements.BaseRequirementsService - Requirement found for test outcome As admin I want to send Email to Customer-[]: Optional[Requirement{name='Send Email Customer', type='feature' parent = 'Admin', cardNumber='null'}]

23:18:46.190 [pool-3-thread-2] DEBUG serenity.reporting - Generating report in 7ba310faa42ca3522e0442bc4227c841f2a03e995062ae153d4617e669993f1b.html

23:18:46.455 [pool-3-thread-2] DEBUG serenity.reporting - Generated report 7ba310faa42ca3522e0442bc4227c841f2a03e995062ae153d4617e669993f1b.html in 265 ms

23:18:46.455 [pool-3-thread-2] DEBUG net.thucydides.core.reports.ReportService - Processing test outcome Send Email Customer:As admin I want to send Email to Customer done

23:18:50.806 [pool-3-thread-1] DEBUG serenity.reporting - Generating report in e381dc2ff72e2f5521a2f8e78f055f0b9dcbab9452aa84324013262e0e23a3fe.html

23:18:51.020 [pool-3-thread-1] DEBUG serenity.reporting - Generated report e381dc2ff72e2f5521a2f8e78f055f0b9dcbab9452aa84324013262e0e23a3fe.html in 214 ms

23:18:51.020 [pool-3-thread-1] DEBUG net.thucydides.core.reports.ReportService - Processing test outcome Get User:As admin I want to Get User By Id done

23:18:51.021 [pool-2-thread-1] DEBUG net.thucydides.core.reports.ReportService - Shutting down executor service

23:18:51.021 [pool-2-thread-1] DEBUG net.thucydides.core.reports.ReportService - Reports generated in: 16955 ms

23:18:52.804 [pool-2-thread-1] INFO io.cucumber.core.plugin.SerenityReporter - Cleanup test resources for URI file:///C:/Users/Ani/IdeaProjects/automationApi-Capstone/src/test/resources/features/admin/GetUserById.feature

23:18:52.819 [pool-2-thread-1] INFO io.cucumber.core.plugin.SerenityReporter - Cleanup test resources for URI file:///C:/Users/Ani/IdeaProjects/automationApi-Capstone/src/test/resources/features/admin/Invoice.feature

23:18:52.830 [pool-2-thread-1] INFO io.cucumber.core.plugin.SerenityReporter - Cleanup test resources for URI file:///C:/Users/Ani/IdeaProjects/automationApi-Capstone/src/test/resources/features/admin/Login.feature

23:18:52.837 [pool-2-thread-1] INFO io.cucumber.core.plugin.SerenityReporter - Cleanup test resources for URI file:///C:/Users/Ani/IdeaProjects/automationApi-Capstone/src/test/resources/features/admin/Register.feature

23:18:52.849 [pool-2-thread-1] INFO io.cucumber.core.plugin.SerenityReporter - Cleanup test resources for URI file:///C:/Users/Ani/IdeaProjects/automationApi-Capstone/src/test/resources/features/admin/SendCustomer.feature


@UploadCsv
Scenario: As Admin I want to upload file csv for Invoice      &amp#27;[90m# src/test/resources/features/admin/Invoice.feature:9&amp#27;[0m
23:18:01.197 [pool-2-thread-1] INFO io.cucumber.core.plugin.SerenityReporter - Running feature from file:///C:/Users/Ani/IdeaProjects/automationApi-Capstone/src/test/resources/features/admin/Invoice.feature
23:18:01.237 [pool-2-thread-1] INFO  - 
  _____   ___   ___   _____     ___   _____     _     ___   _____   ___   ___  
 |_   _| | __| / __| |_   _|   / __| |_   _|   /_\   | _ \ |_   _| | __| |   \ 
   | |   | _|  \__ \   | |     \__ \   | |    / _ \  |   /   | |   | _|  | |) |
   |_|   |___| |___/   |_|     |___/   |_|   /_/ \_\ |_|_\   |_|   |___| |___/ 

As Admin I want to upload file csv for Invoice(invoice;as-admin-i-want-to-upload-file-csv-for-invoice)
--------------------------------------------------------------------------------
23:18:01.687 [pool-2-thread-1] DEBUG net.thucydides.core.steps.StepInterceptor - STARTING STEP: InvoiceSteps.adminSuccessAuthUsingNewUserForInvoice - Admin success auth using new user for Invoice
23:18:02.475 [pool-2-thread-1] DEBUG net.thucydides.core.steps.StepInterceptor - STEP DONE: Admin success auth using new user for Invoice
  &amp#27;[32mGiven &amp#27;[0m&amp#27;[32mAdmin success auth using new user for Invoice&amp#27;[0m         &amp#27;[90m# starter.stepdefinitions.admin.InvoiceSteps.adminSuccessAuthUsingNewUserForInvoice()&amp#27;[0m
23:18:02.513 [pool-2-thread-1] DEBUG net.thucydides.core.steps.StepInterceptor - STARTING STEP: InvoiceSteps.adminSetPOSTApiEndpointForInvoice - Admin set POST api endpoint for Invoice
23:18:02.514 [pool-2-thread-1] DEBUG net.thucydides.core.steps.StepInterceptor - STEP DONE: Admin set POST api endpoint for Invoice
  &amp#27;[32mWhen &amp#27;[0m&amp#27;[32mAdmin set POST api endpoint for Invoice&amp#27;[0m                &amp#27;[90m# starter.stepdefinitions.admin.InvoiceSteps.adminSetPOSTApiEndpointForInvoice()&amp#27;[0m
23:18:02.548 [pool-2-thread-1] DEBUG net.thucydides.core.steps.StepInterceptor - STARTING STEP: InvoiceSteps.adminSendPOSTHTTPRequestForInvoice - Admin send POST HTTP request for Invoice
23:18:02.646 [pool-2-thread-1] DEBUG net.thucydides.core.steps.StepInterceptor - STARTING STEP: Post.adminSendPostHttpForInvoice - Admin set POST api endpoint for Invoice
23:18:02.647 [pool-2-thread-1] DEBUG net.thucydides.core.steps.StepInterceptor - STEP DONE: Admin set POST api endpoint for Invoice
23:18:03.696 [pool-2-thread-1] DEBUG net.thucydides.core.steps.StepInterceptor - STEP DONE: Admin send POST HTTP request for Invoice
  &amp#27;[32mAnd &amp#27;[0m&amp#27;[32mAdmin send POST HTTP request for Invoice&amp#27;[0m                &amp#27;[90m# starter.stepdefinitions.admin.InvoiceSteps.adminSendPOSTHTTPRequestForInvoice()&amp#27;[0m
23:18:03.958 [pool-2-thread-1] DEBUG net.thucydides.core.steps.StepInterceptor - STARTING STEP: InvoiceSteps.adminReceiveValidHTTPResponseCodeForInvoice - Admin receive valid HTTP response code 201 for Invoice
23:18:03.966 [pool-2-thread-1] DEBUG net.thucydides.core.steps.StepInterceptor - STEP DONE: Admin receive valid HTTP response code 201 for Invoice
  &amp#27;[32mThen &amp#27;[0m&amp#27;[32mAdmin receive valid HTTP response code &amp#27;[0m&amp#27;[32m&amp#27;[1m201&amp#27;[0m&amp#27;[32m for Invoice&amp#27;[0m &amp#27;[90m# starter.stepdefinitions.admin.InvoiceSteps.adminReceiveValidHTTPResponseCodeForInvoice(int)&amp#27;[0m
23:18:03.992 [pool-2-thread-1] DEBUG net.thucydides.core.steps.StepInterceptor - STARTING STEP: InvoiceSteps.adminReceiveDetailInvoice - Admin receive detail Invoice
23:18:04.189 [pool-2-thread-1] DEBUG net.thucydides.core.steps.StepInterceptor - STEP DONE: Admin receive detail Invoice
  &amp#27;[32mAnd &amp#27;[0m&amp#27;[32mAdmin receive detail Invoice&amp#27;[0m                            &amp#27;[90m# starter.stepdefinitions.admin.InvoiceSteps.adminReceiveDetailInvoice()&amp#27;[0m
23:18:04.218 [pool-2-thread-1] INFO  - 
  _____   ___   ___   _____     ___     _     ___   ___   ___   ___  
 |_   _| | __| / __| |_   _|   | _ \   /_\   / __| / __| | __| |   \ 
   | |   | _|  \__ \   | |     |  _/  / _ \  \__ \ \__ \ | _|  | |) |
   |_|   |___| |___/   |_|     |_|   /_/ \_\ |___/ |___/ |___| |___/ 

As Admin I want to upload file csv for Invoice
----------------------------------------------------------------------
]]></system-out>
  </testcase>
  <testcase name="As admin I want to Get All Invoice" classname="Invoice" time="2.609">
    <system-out><![CDATA[
@GetAllInvoice
Scenario: As admin I want to Get All Invoice                          &amp#27;[90m# src/test/resources/features/admin/Invoice.feature:17&amp#27;[0m
23:18:04.323 [pool-2-thread-1] INFO io.cucumber.core.plugin.SerenityReporter - Running feature from file:///C:/Users/Ani/IdeaProjects/automationApi-Capstone/src/test/resources/features/admin/Invoice.feature
23:18:04.333 [pool-2-thread-1] INFO  - 
  _____   ___   ___   _____     ___   _____     _     ___   _____   ___   ___  
 |_   _| | __| / __| |_   _|   / __| |_   _|   /_\   | _ \ |_   _| | __| |   \ 
   | |   | _|  \__ \   | |     \__ \   | |    / _ \  |   /   | |   | _|  | |) |
   |_|   |___| |___/   |_|     |___/   |_|   /_/ \_\ |_|_\   |_|   |___| |___/ 

As admin I want to Get All Invoice(invoice;as-admin-i-want-to-get-all-invoice)
--------------------------------------------------------------------------------
23:18:04.426 [pool-2-thread-1] DEBUG net.thucydides.core.steps.StepInterceptor - STARTING STEP: InvoiceSteps.adminSuccessAuthUsingNewUserForGetAllInvoice - Admin success auth using new user for Get All Invoice
23:18:05.451 [pool-2-thread-1] DEBUG net.thucydides.core.steps.StepInterceptor - STEP DONE: Admin success auth using new user for Get All Invoice
  &amp#27;[32mGiven &amp#27;[0m&amp#27;[32mAdmin success auth using new user for Get All Invoice&amp#27;[0m         &amp#27;[90m# starter.stepdefinitions.admin.InvoiceSteps.adminSuccessAuthUsingNewUserForGetAllInvoice()&amp#27;[0m
23:18:05.870 [pool-2-thread-1] DEBUG net.thucydides.core.steps.StepInterceptor - STARTING STEP: InvoiceSteps.adminSetGETApiEndpointForGetAllInvoice - Admin set GET api endpoint for Get All Invoice
23:18:05.872 [pool-2-thread-1] DEBUG net.thucydides.core.steps.StepInterceptor - STEP DONE: Admin set GET api endpoint for Get All Invoice
  &amp#27;[32mWhen &amp#27;[0m&amp#27;[32mAdmin set GET api endpoint for Get All Invoice&amp#27;[0m                 &amp#27;[90m# starter.stepdefinitions.admin.InvoiceSteps.adminSetGETApiEndpointForGetAllInvoice()&amp#27;[0m
23:18:05.891 [pool-2-thread-1] DEBUG net.thucydides.core.steps.StepInterceptor - STARTING STEP: InvoiceSteps.adminSendGETHTTPRequestForGetAllInvoice - Admin send GET HTTP request for Get All Invoice
23:18:05.914 [pool-2-thread-1] DEBUG net.thucydides.core.steps.StepInterceptor - STARTING STEP: GetAll.adminSendHttpRequestForGetAllInvoice - Admin set GET api endpoint for Get All Invoice
23:18:05.915 [pool-2-thread-1] DEBUG net.thucydides.core.steps.StepInterceptor - STEP DONE: Admin set GET api endpoint for Get All Invoice
23:18:06.482 [pool-2-thread-1] DEBUG net.thucydides.core.steps.StepInterceptor - STEP DONE: Admin send GET HTTP request for Get All Invoice
  &amp#27;[32mAnd &amp#27;[0m&amp#27;[32mAdmin send GET HTTP request for Get All Invoice&amp#27;[0m                 &amp#27;[90m# starter.stepdefinitions.admin.InvoiceSteps.adminSendGETHTTPRequestForGetAllInvoice()&amp#27;[0m
23:18:06.506 [pool-2-thread-1] DEBUG net.thucydides.core.steps.StepInterceptor - STARTING STEP: InvoiceSteps.adminReceiveValidHTTPResponseCodeForGetAllInvoice - Admin receive valid HTTP response code 200 for Get All Invoice
23:18:06.510 [pool-2-thread-1] DEBUG net.thucydides.core.steps.StepInterceptor - STEP DONE: Admin receive valid HTTP response code 200 for Get All Invoice
  &amp#27;[32mThen &amp#27;[0m&amp#27;[32mAdmin receive valid HTTP response code &amp#27;[0m&amp#27;[32m&amp#27;[1m200&amp#27;[0m&amp#27;[32m for Get All Invoice&amp#27;[0m &amp#27;[90m# starter.stepdefinitions.admin.InvoiceSteps.adminReceiveValidHTTPResponseCodeForGetAllInvoice(int)&amp#27;[0m
23:18:06.531 [pool-2-thread-1] DEBUG net.thucydides.core.steps.StepInterceptor - STARTING STEP: InvoiceSteps.adminReceiveDetailAllInvoice - Admin receive detail All Invoice
23:18:06.829 [pool-2-thread-1] DEBUG net.thucydides.core.steps.StepInterceptor - STEP DONE: Admin receive detail All Invoice
  &amp#27;[32mAnd &amp#27;[0m&amp#27;[32mAdmin receive detail All Invoice&amp#27;[0m                                &amp#27;[90m# starter.stepdefinitions.admin.InvoiceSteps.adminReceiveDetailAllInvoice()&amp#27;[0m
23:18:06.845 [pool-2-thread-1] INFO  - 
  _____   ___   ___   _____     ___     _     ___   ___   ___   ___  
 |_   _| | __| / __| |_   _|   | _ \   /_\   / __| / __| | __| |   \ 
   | |   | _|  \__ \   | |     |  _/  / _ \  \__ \ \__ \ | _|  | |) |
   |_|   |___| |___/   |_|     |_|   /_/ \_\ |___/ |___/ |___| |___/ 

As admin I want to Get All Invoice
----------------------------------------------------------------------
]]></system-out>
  </testcase>
  <testcase name="As admin I want to Get Invoice by Id" classname="Invoice" time="1.807">
    <system-out><![CDATA[
@GetInvoiceById
Scenario: As admin I want to Get Invoice by Id                          &amp#27;[90m# src/test/resources/features/admin/Invoice.feature:26&amp#27;[0m
23:18:06.947 [pool-2-thread-1] INFO io.cucumber.core.plugin.SerenityReporter - Running feature from file:///C:/Users/Ani/IdeaProjects/automationApi-Capstone/src/test/resources/features/admin/Invoice.feature
23:18:06.966 [pool-2-thread-1] INFO  - 
  _____   ___   ___   _____     ___   _____     _     ___   _____   ___   ___  
 |_   _| | __| / __| |_   _|   / __| |_   _|   /_\   | _ \ |_   _| | __| |   \ 
   | |   | _|  \__ \   | |     \__ \   | |    / _ \  |   /   | |   | _|  | |) |
   |_|   |___| |___/   |_|     |___/   |_|   /_/ \_\ |_|_\   |_|   |___| |___/ 

As admin I want to Get Invoice by Id(invoice;as-admin-i-want-to-get-invoice-by-id)
--------------------------------------------------------------------------------
23:18:07.065 [pool-2-thread-1] DEBUG net.thucydides.core.steps.StepInterceptor - STARTING STEP: InvoiceSteps.adminSuccessAuthUsingNewUserForGetInvoiceById - Admin success auth using new user for Get Invoice by Id
23:18:08.051 [pool-2-thread-1] DEBUG net.thucydides.core.steps.StepInterceptor - STEP DONE: Admin success auth using new user for Get Invoice by Id
  &amp#27;[32mGiven &amp#27;[0m&amp#27;[32mAdmin success auth using new user for Get Invoice by Id&amp#27;[0m         &amp#27;[90m# starter.stepdefinitions.admin.InvoiceSteps.adminSuccessAuthUsingNewUserForGetInvoiceById()&amp#27;[0m
23:18:08.075 [pool-2-thread-1] DEBUG net.thucydides.core.steps.StepInterceptor - STARTING STEP: InvoiceSteps.adminSetGETApiEndpointForGetInvoiceById - Admin set GET api endpoint for Get Invoice by Id
23:18:08.076 [pool-2-thread-1] DEBUG net.thucydides.core.steps.StepInterceptor - STEP DONE: Admin set GET api endpoint for Get Invoice by Id
  &amp#27;[32mWhen &amp#27;[0m&amp#27;[32mAdmin set GET api endpoint for Get Invoice by Id&amp#27;[0m                 &amp#27;[90m# starter.stepdefinitions.admin.InvoiceSteps.adminSetGETApiEndpointForGetInvoiceById()&amp#27;[0m
23:18:08.097 [pool-2-thread-1] DEBUG net.thucydides.core.steps.StepInterceptor - STARTING STEP: InvoiceSteps.adminSendGETHTTPRequestForGetInvoiceById - Admin send GET HTTP request for Get Invoice by Id
23:18:08.115 [pool-2-thread-1] DEBUG net.thucydides.core.steps.StepInterceptor - STARTING STEP: GetById.adminSendHttpRequestForGetInvoiceById - Admin set GET api endpoint for Get Invoice by Id
23:18:08.117 [pool-2-thread-1] DEBUG net.thucydides.core.steps.StepInterceptor - STEP DONE: Admin set GET api endpoint for Get Invoice by Id
23:18:08.468 [pool-2-thread-1] DEBUG net.thucydides.core.steps.StepInterceptor - STEP DONE: Admin send GET HTTP request for Get Invoice by Id
  &amp#27;[32mAnd &amp#27;[0m&amp#27;[32mAdmin send GET HTTP request for Get Invoice by Id&amp#27;[0m                 &amp#27;[90m# starter.stepdefinitions.admin.InvoiceSteps.adminSendGETHTTPRequestForGetInvoiceById()&amp#27;[0m
23:18:08.487 [pool-2-thread-1] DEBUG net.thucydides.core.steps.StepInterceptor - STARTING STEP: InvoiceSteps.adminReceiveValidHTTPResponseCodeForGetInvoiceById - Admin receive valid HTTP response code 200 for Get Invoice by Id
23:18:08.492 [pool-2-thread-1] DEBUG net.thucydides.core.steps.StepInterceptor - STEP DONE: Admin receive valid HTTP response code 200 for Get Invoice by Id
  &amp#27;[32mThen &amp#27;[0m&amp#27;[32mAdmin receive valid HTTP response code &amp#27;[0m&amp#27;[32m&amp#27;[1m200&amp#27;[0m&amp#27;[32m for Get Invoice by Id&amp#27;[0m &amp#27;[90m# starter.stepdefinitions.admin.InvoiceSteps.adminReceiveValidHTTPResponseCodeForGetInvoiceById(int)&amp#27;[0m
23:18:08.511 [pool-2-thread-1] DEBUG net.thucydides.core.steps.StepInterceptor - STARTING STEP: InvoiceSteps.adminReceiveDetailInvoiceById - Admin receive detail Invoice by Id
23:18:08.612 [pool-2-thread-1] DEBUG net.thucydides.core.steps.StepInterceptor - STEP DONE: Admin receive detail Invoice by Id
  &amp#27;[32mAnd &amp#27;[0m&amp#27;[32mAdmin receive detail Invoice by Id&amp#27;[0m                                &amp#27;[90m# starter.stepdefinitions.admin.InvoiceSteps.adminReceiveDetailInvoiceById()&amp#27;[0m
23:18:08.654 [pool-2-thread-1] INFO  - 
  _____   ___   ___   _____     ___     _     ___   ___   ___   ___  
 |_   _| | __| / __| |_   _|   | _ \   /_\   / __| / __| | __| |   \ 
   | |   | _|  \__ \   | |     |  _/  / _ \  \__ \ \__ \ | _|  | |) |
   |_|   |___| |___/   |_|     |_|   /_/ \_\ |___/ |___/ |___| |___/ 

As admin I want to Get Invoice by Id
----------------------------------------------------------------------
]]></system-out>
  </testcase>
  <testcase name="As Admin I want to get All Invoice without login" classname="Invoice" time="0.722">
    <system-out><![CDATA[
Scenario: As Admin I want to get All Invoice without login           &amp#27;[90m# src/test/resources/features/admin/Invoice.feature:34&amp#27;[0m
23:18:08.718 [pool-2-thread-1] INFO io.cucumber.core.plugin.SerenityReporter - Running feature from file:///C:/Users/Ani/IdeaProjects/automationApi-Capstone/src/test/resources/features/admin/Invoice.feature
23:18:08.741 [pool-2-thread-1] INFO  - 
  _____   ___   ___   _____     ___   _____     _     ___   _____   ___   ___  
 |_   _| | __| / __| |_   _|   / __| |_   _|   /_\   | _ \ |_   _| | __| |   \ 
   | |   | _|  \__ \   | |     \__ \   | |    / _ \  |   /   | |   | _|  | |) |
   |_|   |___| |___/   |_|     |___/   |_|   /_/ \_\ |_|_\   |_|   |___| |___/ 

As Admin I want to get All Invoice without login(invoice;as-admin-i-want-to-get-all-invoice-without-login)
--------------------------------------------------------------------------------
23:18:08.822 [pool-2-thread-1] DEBUG net.thucydides.core.steps.StepInterceptor - STARTING STEP: InvoiceSteps.adminSetGETApiEndpointForGetAllInvoice - Admin set GET api endpoint for Get All Invoice
23:18:08.823 [pool-2-thread-1] DEBUG net.thucydides.core.steps.StepInterceptor - STEP DONE: Admin set GET api endpoint for Get All Invoice
  &amp#27;[32mGiven &amp#27;[0m&amp#27;[32mAdmin set GET api endpoint for Get All Invoice&amp#27;[0m               &amp#27;[90m# starter.stepdefinitions.admin.InvoiceSteps.adminSetGETApiEndpointForGetAllInvoice()&amp#27;[0m
23:18:08.845 [pool-2-thread-1] DEBUG net.thucydides.core.steps.StepInterceptor - STARTING STEP: InvoiceSteps.adminGetAllInvoiceWithoutLogin - Admin send GET HTTP request for Get All Invoice without login
23:18:08.857 [pool-2-thread-1] DEBUG net.thucydides.core.steps.StepInterceptor - STARTING STEP: GetAll.sendGetAllInvoiceWithoutLogin - Admin set GET api endpoint for Get All Invoice
23:18:08.859 [pool-2-thread-1] DEBUG net.thucydides.core.steps.StepInterceptor - STEP DONE: Admin set GET api endpoint for Get All Invoice
23:18:09.227 [pool-2-thread-1] DEBUG net.thucydides.core.steps.StepInterceptor - STEP DONE: Admin send GET HTTP request for Get All Invoice without login
  &amp#27;[32mWhen &amp#27;[0m&amp#27;[32mAdmin send GET HTTP request for Get All Invoice without login&amp#27;[0m &amp#27;[90m# starter.stepdefinitions.admin.InvoiceSteps.adminGetAllInvoiceWithoutLogin()&amp#27;[0m
23:18:09.243 [pool-2-thread-1] DEBUG net.thucydides.core.steps.StepInterceptor - STARTING STEP: InvoiceSteps.adminReceiveValidHTTPResponseCode - Admin receive invalid HTTP response code 400 for Invoice
23:18:09.262 [pool-2-thread-1] DEBUG net.thucydides.core.steps.StepInterceptor - STEP DONE: Admin receive invalid HTTP response code 400 for Invoice
  &amp#27;[32mThen &amp#27;[0m&amp#27;[32mAdmin receive invalid HTTP response code 400 for Invoice&amp#27;[0m      &amp#27;[90m# starter.stepdefinitions.admin.InvoiceSteps.adminReceiveValidHTTPResponseCode()&amp#27;[0m
23:18:09.290 [pool-2-thread-1] DEBUG net.thucydides.core.steps.StepInterceptor - STARTING STEP: InvoiceSteps.adminReceiveMessageInvalidOrExpiredJwt - Admin receive message invalid or expired jwt
23:18:09.368 [pool-2-thread-1] DEBUG net.thucydides.core.steps.StepInterceptor - STEP DONE: Admin receive message invalid or expired jwt
  &amp#27;[32mAnd &amp#27;[0m&amp#27;[32mAdmin receive message invalid or expired jwt&amp#27;[0m                   &amp#27;[90m# starter.stepdefinitions.admin.InvoiceSteps.adminReceiveMessageInvalidOrExpiredJwt()&amp#27;[0m
23:18:09.379 [pool-2-thread-1] INFO  - 
  _____   ___   ___   _____     ___     _     ___   ___   ___   ___  
 |_   _| | __| / __| |_   _|   | _ \   /_\   / __| / __| | __| |   \ 
   | |   | _|  \__ \   | |     |  _/  / _ \  \__ \ \__ \ | _|  | |) |
   |_|   |___| |___/   |_|     |_|   /_/ \_\ |___/ |___/ |___| |___/ 

As Admin I want to get All Invoice without login
----------------------------------------------------------------------
]]></system-out>
  </testcase>
  <testcase name="As Admin I want to get Invoice By Id without login" classname="Invoice" time="1">
    <system-out><![CDATA[
Scenario: As Admin I want to get Invoice By Id without login           &amp#27;[90m# src/test/resources/features/admin/Invoice.feature:40&amp#27;[0m
23:18:09.461 [pool-2-thread-1] INFO io.cucumber.core.plugin.SerenityReporter - Running feature from file:///C:/Users/Ani/IdeaProjects/automationApi-Capstone/src/test/resources/features/admin/Invoice.feature
23:18:09.480 [pool-2-thread-1] INFO  - 
  _____   ___   ___   _____     ___   _____     _     ___   _____   ___   ___  
 |_   _| | __| / __| |_   _|   / __| |_   _|   /_\   | _ \ |_   _| | __| |   \ 
   | |   | _|  \__ \   | |     \__ \   | |    / _ \  |   /   | |   | _|  | |) |
   |_|   |___| |___/   |_|     |___/   |_|   /_/ \_\ |_|_\   |_|   |___| |___/ 

As Admin I want to get Invoice By Id without login(invoice;as-admin-i-want-to-get-invoice-by-id-without-login)
--------------------------------------------------------------------------------
23:18:09.566 [pool-2-thread-1] DEBUG net.thucydides.core.steps.StepInterceptor - STARTING STEP: InvoiceSteps.adminSetGETApiEndpointForGetInvoiceById - Admin set GET api endpoint for Get Invoice by Id
23:18:09.567 [pool-2-thread-1] DEBUG net.thucydides.core.steps.StepInterceptor - STEP DONE: Admin set GET api endpoint for Get Invoice by Id
  &amp#27;[32mGiven &amp#27;[0m&amp#27;[32mAdmin set GET api endpoint for Get Invoice by Id&amp#27;[0m               &amp#27;[90m# starter.stepdefinitions.admin.InvoiceSteps.adminSetGETApiEndpointForGetInvoiceById()&amp#27;[0m
23:18:09.597 [pool-2-thread-1] DEBUG net.thucydides.core.steps.StepInterceptor - STARTING STEP: InvoiceSteps.sendHttpInvoiceByIdWithoutLogin - Admin send GET HTTP request for Get Invoice by Id without login
23:18:09.610 [pool-2-thread-1] DEBUG net.thucydides.core.steps.StepInterceptor - STARTING STEP: GetById.sendHttpInvoiceByIdWithoutLogin - Admin set GET api endpoint for Get Invoice by Id
23:18:09.617 [pool-2-thread-1] DEBUG net.thucydides.core.steps.StepInterceptor - STEP DONE: Admin set GET api endpoint for Get Invoice by Id
23:18:10.209 [pool-2-thread-1] DEBUG net.thucydides.core.steps.StepInterceptor - STEP DONE: Admin send GET HTTP request for Get Invoice by Id without login
  &amp#27;[32mWhen &amp#27;[0m&amp#27;[32mAdmin send GET HTTP request for Get Invoice by Id without login&amp#27;[0m &amp#27;[90m# starter.stepdefinitions.admin.InvoiceSteps.sendHttpInvoiceByIdWithoutLogin()&amp#27;[0m
23:18:10.227 [pool-2-thread-1] DEBUG net.thucydides.core.steps.StepInterceptor - STARTING STEP: InvoiceSteps.adminReceiveValidHTTPResponseCode - Admin receive invalid HTTP response code 400 for Invoice
23:18:10.229 [pool-2-thread-1] DEBUG net.thucydides.core.steps.StepInterceptor - STEP DONE: Admin receive invalid HTTP response code 400 for Invoice
  &amp#27;[32mThen &amp#27;[0m&amp#27;[32mAdmin receive invalid HTTP response code 400 for Invoice&amp#27;[0m        &amp#27;[90m# starter.stepdefinitions.admin.InvoiceSteps.adminReceiveValidHTTPResponseCode()&amp#27;[0m
23:18:10.260 [pool-2-thread-1] DEBUG net.thucydides.core.steps.StepInterceptor - STARTING STEP: InvoiceSteps.adminReceiveMessageInvalidOrExpiredJwt - Admin receive message invalid or expired jwt
23:18:10.335 [pool-2-thread-1] DEBUG net.thucydides.core.steps.StepInterceptor - STEP DONE: Admin receive message invalid or expired jwt
  &amp#27;[32mAnd &amp#27;[0m&amp#27;[32mAdmin receive message invalid or expired jwt&amp#27;[0m                     &amp#27;[90m# starter.stepdefinitions.admin.InvoiceSteps.adminReceiveMessageInvalidOrExpiredJwt()&amp#27;[0m
23:18:10.360 [pool-2-thread-1] INFO  - 
  _____   ___   ___   _____     ___     _     ___   ___   ___   ___  
 |_   _| | __| / __| |_   _|   | _ \   /_\   / __| / __| | __| |   \ 
   | |   | _|  \__ \   | |     |  _/  / _ \  \__ \ \__ \ | _|  | |) |
   |_|   |___| |___/   |_|     |_|   /_/ \_\ |___/ |___/ |___| |___/ 

As Admin I want to get Invoice By Id without login
----------------------------------------------------------------------
]]></system-out>
  </testcase>
  <testcase name="As Admin I want to Upload CSV without login" classname="Invoice" time="0.918">
    <failure message="1 expectation failed.&#10;Expected status code &lt;400&gt; but was &lt;404&gt;.&#10;" type="java.lang.AssertionError"><![CDATA[java.lang.AssertionError: 
1 expectation failed.
Expected status code <400> but was <404>.

]]></failure>
    <system-out><![CDATA[
Scenario: As Admin I want to Upload CSV without login           &amp#27;[90m# src/test/resources/features/admin/Invoice.feature:46&amp#27;[0m
23:18:10.410 [pool-2-thread-1] INFO io.cucumber.core.plugin.SerenityReporter - Running feature from file:///C:/Users/Ani/IdeaProjects/automationApi-Capstone/src/test/resources/features/admin/Invoice.feature
23:18:10.429 [pool-2-thread-1] INFO  - 
  _____   ___   ___   _____     ___   _____     _     ___   _____   ___   ___  
 |_   _| | __| / __| |_   _|   / __| |_   _|   /_\   | _ \ |_   _| | __| |   \ 
   | |   | _|  \__ \   | |     \__ \   | |    / _ \  |   /   | |   | _|  | |) |
   |_|   |___| |___/   |_|     |___/   |_|   /_/ \_\ |_|_\   |_|   |___| |___/ 

As Admin I want to Upload CSV without login(invoice;as-admin-i-want-to-upload-csv-without-login)
--------------------------------------------------------------------------------
23:18:10.522 [pool-2-thread-1] DEBUG net.thucydides.core.steps.StepInterceptor - STARTING STEP: InvoiceSteps.adminSetPOSTApiEndpointForInvoice - Admin set POST api endpoint for Invoice
23:18:10.522 [pool-2-thread-1] DEBUG net.thucydides.core.steps.StepInterceptor - STEP DONE: Admin set POST api endpoint for Invoice
  &amp#27;[32mGiven &amp#27;[0m&amp#27;[32mAdmin set POST api endpoint for Invoice&amp#27;[0m                 &amp#27;[90m# starter.stepdefinitions.admin.InvoiceSteps.adminSetPOSTApiEndpointForInvoice()&amp#27;[0m
23:18:10.549 [pool-2-thread-1] DEBUG net.thucydides.core.steps.StepInterceptor - STARTING STEP: InvoiceSteps.sendPostForInvoiceWithoutLogin - Admin send POST HTTP request for Invoice without login
23:18:10.558 [pool-2-thread-1] DEBUG net.thucydides.core.steps.StepInterceptor - STARTING STEP: Post.sendPostForInvoiceWithoutLogin - Admin set POST api endpoint for Invoice
23:18:10.559 [pool-2-thread-1] DEBUG net.thucydides.core.steps.StepInterceptor - STEP DONE: Admin set POST api endpoint for Invoice
23:18:10.967 [pool-2-thread-1] DEBUG net.thucydides.core.steps.StepInterceptor - STEP DONE: Admin send POST HTTP request for Invoice without login
  &amp#27;[32mWhen &amp#27;[0m&amp#27;[32mAdmin send POST HTTP request for Invoice without login&amp#27;[0m   &amp#27;[90m# starter.stepdefinitions.admin.InvoiceSteps.sendPostForInvoiceWithoutLogin()&amp#27;[0m
23:18:10.990 [pool-2-thread-1] DEBUG net.thucydides.core.steps.StepInterceptor - STARTING STEP: InvoiceSteps.adminReceiveValidHTTPResponseCode - Admin receive invalid HTTP response code 400 for Invoice
  &amp#27;[31mThen &amp#27;[0m&amp#27;[31mAdmin receive invalid HTTP response code 400 for Invoice&amp#27;[0m &amp#27;[90m# starter.stepdefinitions.admin.InvoiceSteps.adminReceiveValidHTTPResponseCode()&amp#27;[0m
      &amp#27;[31mjava.lang.AssertionError: 1 expectation failed.
Expected status code <400> but was <404>.

	at java.base/jdk.internal.reflect.NativeConstructorAccessorImpl.newInstance0(Native Method)
	at java.base/jdk.internal.reflect.NativeConstructorAccessorImpl.newInstance(NativeConstructorAccessorImpl.java:77)
	at java.base/jdk.internal.reflect.DelegatingConstructorAccessorImpl.newInstance(DelegatingConstructorAccessorImpl.java:45)
	at java.base/java.lang.reflect.Constructor.newInstanceWithCaller(Constructor.java:499)
	at java.base/java.lang.reflect.Constructor.newInstance(Constructor.java:480)
	at org.codehaus.groovy.reflection.CachedConstructor.invoke(CachedConstructor.java:72)
	at org.codehaus.groovy.runtime.callsite.ConstructorSite$ConstructorSiteNoUnwrapNoCoerce.callConstructor(ConstructorSite.java:105)
	at org.codehaus.groovy.runtime.callsite.CallSiteArray.defaultCallConstructor(CallSiteArray.java:59)
	at org.codehaus.groovy.runtime.callsite.AbstractCallSite.callConstructor(AbstractCallSite.java:263)
	at org.codehaus.groovy.runtime.callsite.AbstractCallSite.callConstructor(AbstractCallSite.java:277)
	at io.restassured.internal.ResponseSpecificationImpl$HamcrestAssertionClosure.validate(ResponseSpecificationImpl.groovy:493)
	at io.restassured.internal.ResponseSpecificationImpl$HamcrestAssertionClosure$validate$1.call(Unknown Source)
	at io.restassured.internal.ResponseSpecificationImpl.validateResponseIfRequired(ResponseSpecificationImpl.groovy:674)
	at java.base/jdk.internal.reflect.NativeMethodAccessorImpl.invoke0(Native Method)
	at java.base/jdk.internal.reflect.NativeMethodAccessorImpl.invoke(NativeMethodAccessorImpl.java:77)
	at java.base/jdk.internal.reflect.DelegatingMethodAccessorImpl.invoke(DelegatingMethodAccessorImpl.java:43)
	at java.base/java.lang.reflect.Method.invoke(Method.java:568)
	at org.codehaus.groovy.runtime.callsite.PlainObjectMetaMethodSite.doInvoke(PlainObjectMetaMethodSite.java:43)
	at org.codehaus.groovy.runtime.callsite.PogoMetaMethodSite$PogoCachedMethodSiteNoUnwrapNoCoerce.invoke(PogoMetaMethodSite.java:193)
	at org.codehaus.groovy.runtime.callsite.PogoMetaMethodSite.callCurrent(PogoMetaMethodSite.java:61)
	at org.codehaus.groovy.runtime.callsite.AbstractCallSite.callCurrent(AbstractCallSite.java:185)
	at io.restassured.internal.ResponseSpecificationImpl.statusCode(ResponseSpecificationImpl.groovy:126)
	at io.restassured.specification.ResponseSpecification$statusCode$0.callCurrent(Unknown Source)
	at io.restassured.internal.ResponseSpecificationImpl.statusCode(ResponseSpecificationImpl.groovy:134)
	at io.restassured.internal.ValidatableResponseOptionsImpl.statusCode(ValidatableResponseOptionsImpl.java:89)
	at io.restassured.internal.ValidatableResponseImpl.super$2$statusCode(ValidatableResponseImpl.groovy)
	at java.base/jdk.internal.reflect.NativeMethodAccessorImpl.invoke0(Native Method)
	at java.base/jdk.internal.reflect.NativeMethodAccessorImpl.invoke(NativeMethodAccessorImpl.java:77)
	at java.base/jdk.internal.reflect.DelegatingMethodAccessorImpl.invoke(DelegatingMethodAccessorImpl.java:43)
	at java.base/java.lang.reflect.Method.invoke(Method.java:568)
	at org.codehaus.groovy.reflection.CachedMethod.invoke(CachedMethod.java:107)
	at groovy.lang.MetaMethod.doMethodInvoke(MetaMethod.java:323)
	at groovy.lang.MetaClassImpl.invokeMethod(MetaClassImpl.java:1267)
	at org.codehaus.groovy.runtime.ScriptBytecodeAdapter.invokeMethodOnSuperN(ScriptBytecodeAdapter.java:144)
	at io.restassured.internal.ValidatableResponseImpl.statusCode(ValidatableResponseImpl.groovy:142)
	at io.restassured.internal.ValidatableResponseImpl.statusCode(ValidatableResponseImpl.groovy)
	at automationApi.Capstone@1.0-SNAPSHOT/starter.invoice.GetAll.lambda$receiveStatusCode400$1(GetAll.java:69)
	at net.serenitybdd.rest.SerenityRest.restAssuredThat(SerenityRest.java:626)
	at automationApi.Capstone@1.0-SNAPSHOT/starter.invoice.GetAll.receiveStatusCode400(GetAll.java:69)
	at automationApi.Capstone@1.0-SNAPSHOT/starter.invoice.GetAll$ByteBuddy$ZHLVmvRy.receiveStatusCode400$accessor$3WqOviWC(Unknown Source)
	at java.base/jdk.internal.reflect.NativeMethodAccessorImpl.invoke0(Native Method)
	at java.base/jdk.internal.reflect.NativeMethodAccessorImpl.invoke(NativeMethodAccessorImpl.java:77)
	at java.base/jdk.internal.reflect.DelegatingMethodAccessorImpl.invoke(DelegatingMethodAccessorImpl.java:43)
	at java.base/java.lang.reflect.Method.invoke(Method.java:568)
	at net.thucydides.core.steps.StepInterceptor.invokeMethod(StepInterceptor.java:492)
	at net.thucydides.core.steps.StepInterceptor.executeTestStepMethod(StepInterceptor.java:472)
	at net.thucydides.core.steps.StepInterceptor.runTestStep(StepInterceptor.java:445)
	at net.thucydides.core.steps.StepInterceptor.runOrSkipMethod(StepInterceptor.java:201)
	at net.thucydides.core.steps.StepInterceptor.testStepResult(StepInterceptor.java:188)
	at net.thucydides.core.steps.StepInterceptor.intercept(StepInterceptor.java:76)
	at net.thucydides.core.steps.ProxyConfiguration$InterceptorDispatcher.intercept(ProxyConfiguration.java:51)
	at automationApi.Capstone@1.0-SNAPSHOT/starter.invoice.GetAll$ByteBuddy$ZHLVmvRy.receiveStatusCode400(Unknown Source)
	at automationApi.Capstone@1.0-SNAPSHOT/starter.stepdefinitions.admin.InvoiceSteps.adminReceiveValidHTTPResponseCode(InvoiceSteps.java:102)
	at .Admin receive invalid HTTP response code 400 for Invoice(file:///C:/Users/Ani/IdeaProjects/automationApi-Capstone/src/test/resources/features/admin/Invoice.feature:49)
&amp#27;[0m
  &amp#27;[36mAnd &amp#27;[0m&amp#27;[36mAdmin receive message invalid or expired jwt&amp#27;[0m              &amp#27;[90m# starter.stepdefinitions.admin.InvoiceSteps.adminReceiveMessageInvalidOrExpiredJwt()&amp#27;[0m
]]></system-out>
  </testcase>
  <testcase name="As Admin I want to Upload CSV without send file csv" classname="Invoice" time="1.749">
    <error message="Some exception during recording fields" type="java.lang.RuntimeException"><![CDATA[java.lang.RuntimeException: Some exception during recording fields
Caused by: java.io.FileNotFoundException: 
]]></error>
    <system-out><![CDATA[
Scenario: As Admin I want to Upload CSV without send file csv                &amp#27;[90m# src/test/resources/features/admin/Invoice.feature:52&amp#27;[0m
23:18:11.794 [pool-2-thread-1] INFO io.cucumber.core.plugin.SerenityReporter - Running feature from file:///C:/Users/Ani/IdeaProjects/automationApi-Capstone/src/test/resources/features/admin/Invoice.feature
23:18:11.806 [pool-2-thread-1] INFO  - 
  _____   ___   ___   _____     ___   _____     _     ___   _____   ___   ___  
 |_   _| | __| / __| |_   _|   / __| |_   _|   /_\   | _ \ |_   _| | __| |   \ 
   | |   | _|  \__ \   | |     \__ \   | |    / _ \  |   /   | |   | _|  | |) |
   |_|   |___| |___/   |_|     |___/   |_|   /_/ \_\ |_|_\   |_|   |___| |___/ 

As Admin I want to Upload CSV without send file csv(invoice;as-admin-i-want-to-upload-csv-without-send-file-csv)
--------------------------------------------------------------------------------
23:18:11.891 [pool-2-thread-1] DEBUG net.thucydides.core.steps.StepInterceptor - STARTING STEP: InvoiceSteps.adminSetGETApiEndpointForGetAllInvoice - Admin set GET api endpoint for Get All Invoice
23:18:11.892 [pool-2-thread-1] DEBUG net.thucydides.core.steps.StepInterceptor - STEP DONE: Admin set GET api endpoint for Get All Invoice
  &amp#27;[32mGiven &amp#27;[0m&amp#27;[32mAdmin set GET api endpoint for Get All Invoice&amp#27;[0m                       &amp#27;[90m# starter.stepdefinitions.admin.InvoiceSteps.adminSetGETApiEndpointForGetAllInvoice()&amp#27;[0m
23:18:11.915 [pool-2-thread-1] DEBUG net.thucydides.core.steps.StepInterceptor - STARTING STEP: InvoiceSteps.adminSendGETHTTPRequestForGetAllInvoiceWithoutSendFileCsv - Admin send GET HTTP request for Get All Invoice without send file csv
23:18:11.925 [pool-2-thread-1] DEBUG net.thucydides.core.steps.StepInterceptor - STARTING STEP: Post.sendWithoutSendFileCsv - Admin set POST api endpoint for Invoice
23:18:11.927 [pool-2-thread-1] DEBUG net.thucydides.core.steps.StepInterceptor - STEP DONE: Admin set POST api endpoint for Invoice
  &amp#27;[31mWhen &amp#27;[0m&amp#27;[31mAdmin send GET HTTP request for Get All Invoice without send file csv&amp#27;[0m &amp#27;[90m# starter.stepdefinitions.admin.InvoiceSteps.adminSendGETHTTPRequestForGetAllInvoiceWithoutSendFileCsv()&amp#27;[0m
      &amp#27;[31mjava.lang.RuntimeException: Some exception during recording fields
	at net.serenitybdd.rest.filters.FieldsRecordingFilter.filter(FieldsRecordingFilter.java:52)
	at io.restassured.filter.Filter$filter.call(Unknown Source)
	at io.restassured.internal.filter.FilterContextImpl.next(FilterContextImpl.groovy:72)
	at io.restassured.filter.log.RequestLoggingFilter.filter(RequestLoggingFilter.java:140)
	at net.serenitybdd.rest.filters.FieldsRecordingFilter.filter(FieldsRecordingFilter.java:40)
	at io.restassured.filter.Filter$filter.call(Unknown Source)
	at io.restassured.internal.filter.FilterContextImpl.next(FilterContextImpl.groovy:72)
	at io.restassured.filter.log.RequestLoggingFilter.filter(RequestLoggingFilter.java:140)
	at net.serenitybdd.rest.filters.FieldsRecordingFilter.filter(FieldsRecordingFilter.java:40)
	at io.restassured.filter.Filter$filter.call(Unknown Source)
	at io.restassured.internal.filter.FilterContextImpl.next(FilterContextImpl.groovy:72)
	at io.restassured.filter.log.RequestLoggingFilter.filter(RequestLoggingFilter.java:140)
	at net.serenitybdd.rest.filters.FieldsRecordingFilter.filter(FieldsRecordingFilter.java:40)
	at io.restassured.filter.Filter$filter.call(Unknown Source)
	at io.restassured.internal.filter.FilterContextImpl.next(FilterContextImpl.groovy:72)
	at io.restassured.filter.log.RequestLoggingFilter.filter(RequestLoggingFilter.java:140)
	at net.serenitybdd.rest.filters.FieldsRecordingFilter.filter(FieldsRecordingFilter.java:40)
	at io.restassured.filter.Filter$filter.call(Unknown Source)
	at io.restassured.internal.filter.FilterContextImpl.next(FilterContextImpl.groovy:72)
	at io.restassured.filter.log.RequestLoggingFilter.filter(RequestLoggingFilter.java:140)
	at net.serenitybdd.rest.filters.FieldsRecordingFilter.filter(FieldsRecordingFilter.java:40)
	at io.restassured.filter.Filter$filter.call(Unknown Source)
	at org.codehaus.groovy.runtime.callsite.CallSiteArray.defaultCall(CallSiteArray.java:47)
	at io.restassured.filter.Filter$filter$0.call(Unknown Source)
	at io.restassured.internal.filter.FilterContextImpl.next(FilterContextImpl.groovy:72)
	at io.restassured.filter.FilterContext$next.call(Unknown Source)
	at io.restassured.internal.RequestSpecificationImpl.applyPathParamsAndSendRequest(RequestSpecificationImpl.groovy:1655)
	at java.base/jdk.internal.reflect.NativeMethodAccessorImpl.invoke0(Native Method)
	at java.base/jdk.internal.reflect.NativeMethodAccessorImpl.invoke(NativeMethodAccessorImpl.java:77)
	at java.base/jdk.internal.reflect.DelegatingMethodAccessorImpl.invoke(DelegatingMethodAccessorImpl.java:43)
	at java.base/java.lang.reflect.Method.invoke(Method.java:568)
	at org.codehaus.groovy.reflection.CachedMethod.invoke(CachedMethod.java:107)
	at groovy.lang.MetaMethod.doMethodInvoke(MetaMethod.java:323)
	at groovy.lang.MetaClassImpl.invokeMethod(MetaClassImpl.java:1267)
	at groovy.lang.MetaClassImpl.invokeMethod(MetaClassImpl.java:1034)
	at groovy.lang.MetaClassImpl.invokeMethod(MetaClassImpl.java:818)
	at groovy.lang.GroovyObject.invokeMethod(GroovyObject.java:39)
	at org.codehaus.groovy.runtime.callsite.PogoInterceptableSite.call(PogoInterceptableSite.java:45)
	at org.codehaus.groovy.runtime.callsite.PogoInterceptableSite.callCurrent(PogoInterceptableSite.java:55)
	at org.codehaus.groovy.runtime.callsite.AbstractCallSite.callCurrent(AbstractCallSite.java:203)
	at io.restassured.internal.RequestSpecificationImpl.applyPathParamsAndSendRequest(RequestSpecificationImpl.groovy:1661)
	at java.base/jdk.internal.reflect.NativeMethodAccessorImpl.invoke0(Native Method)
	at java.base/jdk.internal.reflect.NativeMethodAccessorImpl.invoke(NativeMethodAccessorImpl.java:77)
	at java.base/jdk.internal.reflect.DelegatingMethodAccessorImpl.invoke(DelegatingMethodAccessorImpl.java:43)
	at java.base/java.lang.reflect.Method.invoke(Method.java:568)
	at org.codehaus.groovy.reflection.CachedMethod.invoke(CachedMethod.java:107)
	at groovy.lang.MetaMethod.doMethodInvoke(MetaMethod.java:323)
	at groovy.lang.MetaClassImpl.invokeMethod(MetaClassImpl.java:1267)
	at groovy.lang.MetaClassImpl.invokeMethod(MetaClassImpl.java:1034)
	at groovy.lang.MetaClassImpl.invokeMethod(MetaClassImpl.java:818)
	at groovy.lang.GroovyObject.invokeMethod(GroovyObject.java:39)
	at org.codehaus.groovy.runtime.callsite.PogoInterceptableSite.call(PogoInterceptableSite.java:45)
	at org.codehaus.groovy.runtime.callsite.PogoInterceptableSite.callCurrent(PogoInterceptableSite.java:55)
	at org.codehaus.groovy.runtime.callsite.AbstractCallSite.callCurrent(AbstractCallSite.java:203)
	at io.restassured.internal.RequestSpecificationImpl.post(RequestSpecificationImpl.groovy:175)
	at net.serenitybdd.rest.decorators.request.RequestSpecificationDecorated.executeCall(RequestSpecificationDecorated.java:309)
	at net.serenitybdd.rest.decorators.request.RequestSpecificationDecorated.execute(RequestSpecificationDecorated.java:268)
	at net.serenitybdd.rest.decorators.request.RequestSpecificationDecorated.post(RequestSpecificationDecorated.java:120)
	at net.serenitybdd.rest.decorators.request.RequestSpecificationDecorated.post(RequestSpecificationDecorated.java:38)
	at automationApi.Capstone@1.0-SNAPSHOT/starter.invoice.Post.sendWithoutSendFileCsv(Post.java:120)
	at automationApi.Capstone@1.0-SNAPSHOT/starter.invoice.Post$ByteBuddy$IVJw1JeY.sendWithoutSendFileCsv$accessor$FRAF0LSk(Unknown Source)
	at java.base/jdk.internal.reflect.NativeMethodAccessorImpl.invoke0(Native Method)
	at java.base/jdk.internal.reflect.NativeMethodAccessorImpl.invoke(NativeMethodAccessorImpl.java:77)
	at java.base/jdk.internal.reflect.DelegatingMethodAccessorImpl.invoke(DelegatingMethodAccessorImpl.java:43)
	at java.base/java.lang.reflect.Method.invoke(Method.java:568)
	at net.thucydides.core.steps.StepInterceptor.invokeMethod(StepInterceptor.java:492)
	at net.thucydides.core.steps.StepInterceptor.executeTestStepMethod(StepInterceptor.java:472)
	at net.thucydides.core.steps.StepInterceptor.runTestStep(StepInterceptor.java:445)
	at net.thucydides.core.steps.StepInterceptor.runOrSkipMethod(StepInterceptor.java:201)
	at net.thucydides.core.steps.StepInterceptor.testStepResult(StepInterceptor.java:188)
	at net.thucydides.core.steps.StepInterceptor.intercept(StepInterceptor.java:76)
	at net.thucydides.core.steps.ProxyConfiguration$InterceptorDispatcher.intercept(ProxyConfiguration.java:51)
	at automationApi.Capstone@1.0-SNAPSHOT/starter.invoice.Post$ByteBuddy$IVJw1JeY.sendWithoutSendFileCsv(Unknown Source)
	at automationApi.Capstone@1.0-SNAPSHOT/starter.stepdefinitions.admin.InvoiceSteps.adminSendGETHTTPRequestForGetAllInvoiceWithoutSendFileCsv(InvoiceSteps.java:138)
	at .Admin send GET HTTP request for Get All Invoice without send file csv(file:///C:/Users/Ani/IdeaProjects/automationApi-Capstone/src/test/resources/features/admin/Invoice.feature:54)
Caused by: java.io.FileNotFoundException: 
	at java.base/java.io.FileInputStream.open0(Native Method)
	at java.base/java.io.FileInputStream.open(FileInputStream.java:216)
	at java.base/java.io.FileInputStream.<init>(FileInputStream.java:157)
	at org.apache.http.entity.mime.content.FileBody.writeTo(FileBody.java:116)
	at org.apache.http.entity.mime.AbstractMultipartForm.doWriteTo(AbstractMultipartForm.java:134)
	at org.apache.http.entity.mime.AbstractMultipartForm.writeTo(AbstractMultipartForm.java:157)
	at org.apache.http.entity.mime.MultipartFormEntity.writeTo(MultipartFormEntity.java:113)
	at org.apache.http.HttpEntity$writeTo$4.call(Unknown Source)
	at io.restassured.internal.multipart.RestAssuredMultiPartEntity.writeTo(RestAssuredMultiPartEntity.groovy:110)
	at org.apache.http.entity.HttpEntityWrapper.writeTo(HttpEntityWrapper.java:94)
	at org.apache.http.impl.client.EntityEnclosingRequestWrapper$EntityWrapper.writeTo(EntityEnclosingRequestWrapper.java:110)
	at org.apache.http.impl.entity.EntitySerializer.serialize(EntitySerializer.java:118)
	at org.apache.http.impl.AbstractHttpClientConnection.sendRequestEntity(AbstractHttpClientConnection.java:263)
	at org.apache.http.impl.conn.ManagedClientConnectionImpl.sendRequestEntity(ManagedClientConnectionImpl.java:214)
	at org.apache.http.protocol.HttpRequestExecutor.doSendRequest(HttpRequestExecutor.java:238)
	at org.apache.http.protocol.HttpRequestExecutor.execute(HttpRequestExecutor.java:123)
	at org.apache.http.impl.client.DefaultRequestDirector.tryExecute(DefaultRequestDirector.java:684)
	at org.apache.http.impl.client.DefaultRequestDirector.execute(DefaultRequestDirector.java:486)
	at org.apache.http.impl.client.AbstractHttpClient.doExecute(AbstractHttpClient.java:835)
	at org.apache.http.impl.client.CloseableHttpClient.execute(CloseableHttpClient.java:83)
	at org.apache.http.impl.client.CloseableHttpClient.execute(CloseableHttpClient.java:56)
	at org.apache.http.client.HttpClient$execute$0.call(Unknown Source)
	at org.codehaus.groovy.runtime.callsite.CallSiteArray.defaultCall(CallSiteArray.java:47)
	at org.apache.http.client.HttpClient$execute$0.call(Unknown Source)
	at io.restassured.internal.RequestSpecificationImpl$RestAssuredHttpBuilder.doRequest(RequestSpecificationImpl.groovy:2055)
	at io.restassured.internal.http.HTTPBuilder.post(HTTPBuilder.java:350)
	at io.restassured.internal.http.HTTPBuilder$post$2.call(Unknown Source)
	at io.restassured.internal.RequestSpecificationImpl.sendRequest(RequestSpecificationImpl.groovy:1181)
	at java.base/jdk.internal.reflect.NativeMethodAccessorImpl.invoke0(Native Method)
	at java.base/jdk.internal.reflect.NativeMethodAccessorImpl.invoke(NativeMethodAccessorImpl.java:77)
	at java.base/jdk.internal.reflect.DelegatingMethodAccessorImpl.invoke(DelegatingMethodAccessorImpl.java:43)
	at java.base/java.lang.reflect.Method.invoke(Method.java:568)
	at org.codehaus.groovy.reflection.CachedMethod.invoke(CachedMethod.java:107)
	at groovy.lang.MetaMethod.doMethodInvoke(MetaMethod.java:323)
	at groovy.lang.MetaClassImpl.invokeMethod(MetaClassImpl.java:1267)
	at groovy.lang.MetaClassImpl.invokeMethod(MetaClassImpl.java:1034)
	at groovy.lang.MetaClassImpl.invokeMethod(MetaClassImpl.java:818)
	at groovy.lang.GroovyObject.invokeMethod(GroovyObject.java:39)
	at org.codehaus.groovy.runtime.callsite.PogoInterceptableSite.call(PogoInterceptableSite.java:45)
	at org.codehaus.groovy.runtime.callsite.AbstractCallSite.call(AbstractCallSite.java:166)
	at io.restassured.internal.filter.SendRequestFilter.filter(SendRequestFilter.groovy:30)
	at io.restassured.filter.Filter$filter$0.call(Unknown Source)
	at org.codehaus.groovy.runtime.callsite.CallSiteArray.defaultCall(CallSiteArray.java:47)
	at io.restassured.filter.Filter$filter.call(Unknown Source)
	at io.restassured.internal.filter.FilterContextImpl.next(FilterContextImpl.groovy:72)
	at io.restassured.filter.time.TimingFilter.filter(TimingFilter.java:56)
	at io.restassured.filter.Filter$filter.call(Unknown Source)
	at org.codehaus.groovy.runtime.callsite.CallSiteArray.defaultCall(CallSiteArray.java:47)
	at io.restassured.filter.Filter$filter.call(Unknown Source)
	at io.restassured.internal.filter.FilterContextImpl.next(FilterContextImpl.groovy:72)
	at io.restassured.filter.log.RequestLoggingFilter.filter(RequestLoggingFilter.java:140)
	at net.serenitybdd.rest.filters.FieldsRecordingFilter.filter(FieldsRecordingFilter.java:40)
	at io.restassured.filter.Filter$filter.call(Unknown Source)
	at io.restassured.internal.filter.FilterContextImpl.next(FilterContextImpl.groovy:72)
	at io.restassured.filter.log.RequestLoggingFilter.filter(RequestLoggingFilter.java:140)
	at net.serenitybdd.rest.filters.FieldsRecordingFilter.filter(FieldsRecordingFilter.java:40)
	at io.restassured.filter.Filter$filter.call(Unknown Source)
	at io.restassured.internal.filter.FilterContextImpl.next(FilterContextImpl.groovy:72)
	at io.restassured.filter.log.RequestLoggingFilter.filter(RequestLoggingFilter.java:140)
	at net.serenitybdd.rest.filters.FieldsRecordingFilter.filter(FieldsRecordingFilter.java:40)
	at io.restassured.filter.Filter$filter.call(Unknown Source)
	at io.restassured.internal.filter.FilterContextImpl.next(FilterContextImpl.groovy:72)
	at io.restassured.filter.log.RequestLoggingFilter.filter(RequestLoggingFilter.java:140)
	at net.serenitybdd.rest.filters.FieldsRecordingFilter.filter(FieldsRecordingFilter.java:40)
	at io.restassured.filter.Filter$filter.call(Unknown Source)
	at io.restassured.internal.filter.FilterContextImpl.next(FilterContextImpl.groovy:72)
	at io.restassured.filter.log.RequestLoggingFilter.filter(RequestLoggingFilter.java:140)
	at net.serenitybdd.rest.filters.FieldsRecordingFilter.filter(FieldsRecordingFilter.java:40)
	at io.restassured.filter.Filter$filter.call(Unknown Source)
	at io.restassured.internal.filter.FilterContextImpl.next(FilterContextImpl.groovy:72)
	at io.restassured.filter.log.RequestLoggingFilter.filter(RequestLoggingFilter.java:140)
	at net.serenitybdd.rest.filters.FieldsRecordingFilter.filter(FieldsRecordingFilter.java:40)
	at io.restassured.filter.Filter$filter.call(Unknown Source)
	at org.codehaus.groovy.runtime.callsite.CallSiteArray.defaultCall(CallSiteArray.java:47)
	at io.restassured.filter.Filter$filter$0.call(Unknown Source)
	at io.restassured.internal.filter.FilterContextImpl.next(FilterContextImpl.groovy:72)
	at io.restassured.filter.FilterContext$next.call(Unknown Source)
	at io.restassured.internal.RequestSpecificationImpl.applyPathParamsAndSendRequest(RequestSpecificationImpl.groovy:1655)
	at java.base/jdk.internal.reflect.NativeMethodAccessorImpl.invoke0(Native Method)
	at java.base/jdk.internal.reflect.NativeMethodAccessorImpl.invoke(NativeMethodAccessorImpl.java:77)
	at java.base/jdk.internal.reflect.DelegatingMethodAccessorImpl.invoke(DelegatingMethodAccessorImpl.java:43)
	at java.base/java.lang.reflect.Method.invoke(Method.java:568)
	at org.codehaus.groovy.reflection.CachedMethod.invoke(CachedMethod.java:107)
	at groovy.lang.MetaMethod.doMethodInvoke(MetaMethod.java:323)
	at groovy.lang.MetaClassImpl.invokeMethod(MetaClassImpl.java:1267)
	at groovy.lang.MetaClassImpl.invokeMethod(MetaClassImpl.java:1034)
	at groovy.lang.MetaClassImpl.invokeMethod(MetaClassImpl.java:818)
	at groovy.lang.GroovyObject.invokeMethod(GroovyObject.java:39)
	at org.codehaus.groovy.runtime.callsite.PogoInterceptableSite.call(PogoInterceptableSite.java:45)
	at org.codehaus.groovy.runtime.callsite.PogoInterceptableSite.callCurrent(PogoInterceptableSite.java:55)
	at org.codehaus.groovy.runtime.callsite.AbstractCallSite.callCurrent(AbstractCallSite.java:203)
	at io.restassured.internal.RequestSpecificationImpl.applyPathParamsAndSendRequest(RequestSpecificationImpl.groovy:1661)
	at java.base/jdk.internal.reflect.NativeMethodAccessorImpl.invoke0(Native Method)
	at java.base/jdk.internal.reflect.NativeMethodAccessorImpl.invoke(NativeMethodAccessorImpl.java:77)
	at java.base/jdk.internal.reflect.DelegatingMethodAccessorImpl.invoke(DelegatingMethodAccessorImpl.java:43)
	at java.base/java.lang.reflect.Method.invoke(Method.java:568)
	at org.codehaus.groovy.reflection.CachedMethod.invoke(CachedMethod.java:107)
	at groovy.lang.MetaMethod.doMethodInvoke(MetaMethod.java:323)
	at groovy.lang.MetaClassImpl.invokeMethod(MetaClassImpl.java:1267)
	at groovy.lang.MetaClassImpl.invokeMethod(MetaClassImpl.java:1034)
	at groovy.lang.MetaClassImpl.invokeMethod(MetaClassImpl.java:818)
	at groovy.lang.GroovyObject.invokeMethod(GroovyObject.java:39)
	at org.codehaus.groovy.runtime.callsite.PogoInterceptableSite.call(PogoInterceptableSite.java:45)
	at org.codehaus.groovy.runtime.callsite.PogoInterceptableSite.callCurrent(PogoInterceptableSite.java:55)
	at org.codehaus.groovy.runtime.callsite.AbstractCallSite.callCurrent(AbstractCallSite.java:203)
	at io.restassured.internal.RequestSpecificationImpl.post(RequestSpecificationImpl.groovy:175)
	at net.serenitybdd.rest.decorators.request.RequestSpecificationDecorated.executeCall(RequestSpecificationDecorated.java:309)
	at net.serenitybdd.rest.decorators.request.RequestSpecificationDecorated.execute(RequestSpecificationDecorated.java:268)
	at net.serenitybdd.rest.decorators.request.RequestSpecificationDecorated.post(RequestSpecificationDecorated.java:120)
	at net.serenitybdd.rest.decorators.request.RequestSpecificationDecorated.post(RequestSpecificationDecorated.java:38)
	at automationApi.Capstone@1.0-SNAPSHOT/starter.invoice.Post.sendWithoutSendFileCsv(Post.java:120)
	at automationApi.Capstone@1.0-SNAPSHOT/starter.invoice.Post$ByteBuddy$IVJw1JeY.sendWithoutSendFileCsv$accessor$FRAF0LSk(Unknown Source)
	at java.base/jdk.internal.reflect.NativeMethodAccessorImpl.invoke0(Native Method)
	at java.base/jdk.internal.reflect.NativeMethodAccessorImpl.invoke(NativeMethodAccessorImpl.java:77)
	at java.base/jdk.internal.reflect.DelegatingMethodAccessorImpl.invoke(DelegatingMethodAccessorImpl.java:43)
	at java.base/java.lang.reflect.Method.invoke(Method.java:568)
	at net.thucydides.core.steps.StepInterceptor.invokeMethod(StepInterceptor.java:492)
	at net.thucydides.core.steps.StepInterceptor.executeTestStepMethod(StepInterceptor.java:472)
	at net.thucydides.core.steps.StepInterceptor.runTestStep(StepInterceptor.java:445)
	at net.thucydides.core.steps.StepInterceptor.runOrSkipMethod(StepInterceptor.java:201)
	at net.thucydides.core.steps.StepInterceptor.testStepResult(StepInterceptor.java:188)
	at net.thucydides.core.steps.StepInterceptor.intercept(StepInterceptor.java:76)
	at net.thucydides.core.steps.ProxyConfiguration$InterceptorDispatcher.intercept(ProxyConfiguration.java:51)
	at automationApi.Capstone@1.0-SNAPSHOT/starter.invoice.Post$ByteBuddy$IVJw1JeY.sendWithoutSendFileCsv(Unknown Source)
	at automationApi.Capstone@1.0-SNAPSHOT/starter.stepdefinitions.admin.InvoiceSteps.adminSendGETHTTPRequestForGetAllInvoiceWithoutSendFileCsv(InvoiceSteps.java:138)
	at java.base/jdk.internal.reflect.NativeMethodAccessorImpl.invoke0(Native Method)
	at java.base/jdk.internal.reflect.NativeMethodAccessorImpl.invoke(NativeMethodAccessorImpl.java:77)
	at java.base/jdk.internal.reflect.DelegatingMethodAccessorImpl.invoke(DelegatingMethodAccessorImpl.java:43)
	at java.base/java.lang.reflect.Method.invoke(Method.java:568)
	at io.cucumber.java.Invoker.doInvoke(Invoker.java:66)
	at io.cucumber.java.Invoker.invoke(Invoker.java:24)
	at io.cucumber.java.AbstractGlueDefinition.invokeMethod(AbstractGlueDefinition.java:47)
	at io.cucumber.java.JavaStepDefinition.execute(JavaStepDefinition.java:29)
	at io.cucumber.core.runner.CoreStepDefinition.execute(CoreStepDefinition.java:66)
	at io.cucumber.core.runner.PickleStepDefinitionMatch.runStep(PickleStepDefinitionMatch.java:63)
	at io.cucumber.core.runner.ExecutionMode$1.execute(ExecutionMode.java:10)
	at io.cucumber.core.runner.TestStep.executeStep(TestStep.java:92)
	at io.cucumber.core.runner.TestStep.run(TestStep.java:64)
	at io.cucumber.core.runner.PickleStepTestStep.run(PickleStepTestStep.java:51)
	at io.cucumber.core.runner.TestCase.run(TestCase.java:104)
	at io.cucumber.core.runner.Runner.runPickle(Runner.java:73)
	at io.cucumber.junit.PickleRunners$NoStepDescriptions.run(PickleRunners.java:151)
	at io.cucumber.junit.FeatureRunner.runChild(FeatureRunner.java:135)
	at io.cucumber.junit.FeatureRunner.runChild(FeatureRunner.java:27)
	at org.junit.runners.ParentRunner$4.run(ParentRunner.java:331)
	at org.junit.runners.ParentRunner$1.schedule(ParentRunner.java:79)
	at org.junit.runners.ParentRunner.runChildren(ParentRunner.java:329)
	at org.junit.runners.ParentRunner.access$100(ParentRunner.java:66)
	at org.junit.runners.ParentRunner$2.evaluate(ParentRunner.java:293)
	at org.junit.runners.ParentRunner$3.evaluate(ParentRunner.java:306)
	at org.junit.runners.ParentRunner.run(ParentRunner.java:413)
	at io.cucumber.junit.CucumberSerenityRunner.runChild(CucumberSerenityRunner.java:258)
	at io.cucumber.junit.CucumberSerenityRunner.runChild(CucumberSerenityRunner.java:57)
	at org.junit.runners.ParentRunner$4.run(ParentRunner.java:331)
	at org.apache.maven.surefire.junitcore.pc.Scheduler$1.run(Scheduler.java:405)
	at org.apache.maven.surefire.junitcore.pc.InvokerStrategy.schedule(InvokerStrategy.java:54)
	at org.apache.maven.surefire.junitcore.pc.Scheduler.schedule(Scheduler.java:362)
	at org.junit.runners.ParentRunner.runChildren(ParentRunner.java:329)
	at org.junit.runners.ParentRunner.access$100(ParentRunner.java:66)
	at org.junit.runners.ParentRunner$2.evaluate(ParentRunner.java:293)
	at io.cucumber.junit.CucumberSerenityRunner$RunCucumber.evaluate(CucumberSerenityRunner.java:286)
	at org.junit.runners.ParentRunner$3.evaluate(ParentRunner.java:306)
	at org.junit.runners.ParentRunner.run(ParentRunner.java:413)
	at org.junit.runners.Suite.runChild(Suite.java:128)
	at org.junit.runners.Suite.runChild(Suite.java:27)
	at org.junit.runners.ParentRunner$4.run(ParentRunner.java:331)
	at org.apache.maven.surefire.junitcore.pc.Scheduler$1.run(Scheduler.java:405)
	at java.base/java.util.concurrent.Executors$RunnableAdapter.call(Executors.java:539)
	at java.base/java.util.concurrent.FutureTask.run(FutureTask.java:264)
	at java.base/java.util.concurrent.ThreadPoolExecutor.runWorker(ThreadPoolExecutor.java:1136)
	at java.base/java.util.concurrent.ThreadPoolExecutor$Worker.run(ThreadPoolExecutor.java:635)
	at java.base/java.lang.Thread.run(Thread.java:833)
&amp#27;[0m
  &amp#27;[36mThen &amp#27;[0m&amp#27;[36mAdmin receive invalid HTTP response code 500 for Invoice&amp#27;[0m              &amp#27;[90m# starter.stepdefinitions.admin.InvoiceSteps.adminReceiveInvalidHTTPResponseCodeForInvoice()&amp#27;[0m
  &amp#27;[36mAnd &amp#27;[0m&amp#27;[36mAdmin receive message Internal Server Error&amp#27;[0m                            &amp#27;[90m# starter.stepdefinitions.admin.InvoiceSteps.adminReceiveMessageInternalServerError()&amp#27;[0m
]]></system-out>
    <system-err><![CDATA[Jul 21, 2022 11:18:12 PM org.apache.http.impl.client.DefaultHttpClient tryExecute
INFO: I/O exception (java.io.FileNotFoundException) caught when processing request to {s}->https://invoinesia.xyz:443: 
Jul 21, 2022 11:18:12 PM org.apache.http.impl.client.DefaultHttpClient tryExecute
INFO: Retrying request to {s}->https://invoinesia.xyz:443
Jul 21, 2022 11:18:12 PM org.apache.http.impl.client.DefaultHttpClient tryExecute
INFO: I/O exception (java.io.FileNotFoundException) caught when processing request to {s}->https://invoinesia.xyz:443: 
Jul 21, 2022 11:18:12 PM org.apache.http.impl.client.DefaultHttpClient tryExecute
INFO: Retrying request to {s}->https://invoinesia.xyz:443
Jul 21, 2022 11:18:13 PM org.apache.http.impl.client.DefaultHttpClient tryExecute
INFO: I/O exception (java.io.FileNotFoundException) caught when processing request to {s}->https://invoinesia.xyz:443: 
Jul 21, 2022 11:18:13 PM org.apache.http.impl.client.DefaultHttpClient tryExecute
INFO: Retrying request to {s}->https://invoinesia.xyz:443
]]></system-err>
  </testcase>
  <testcase name="As Admin I want to Upload CSV with different extensions" classname="Invoice" time="2.197">
    <system-out><![CDATA[
Scenario: As Admin I want to Upload CSV with different extensions                       &amp#27;[90m# src/test/resources/features/admin/Invoice.feature:58&amp#27;[0m
23:18:13.575 [pool-2-thread-1] INFO io.cucumber.core.plugin.SerenityReporter - Running feature from file:///C:/Users/Ani/IdeaProjects/automationApi-Capstone/src/test/resources/features/admin/Invoice.feature
23:18:13.593 [pool-2-thread-1] INFO  - 
  _____   ___   ___   _____     ___   _____     _     ___   _____   ___   ___  
 |_   _| | __| / __| |_   _|   / __| |_   _|   /_\   | _ \ |_   _| | __| |   \ 
   | |   | _|  \__ \   | |     \__ \   | |    / _ \  |   /   | |   | _|  | |) |
   |_|   |___| |___/   |_|     |___/   |_|   /_/ \_\ |_|_\   |_|   |___| |___/ 

As Admin I want to Upload CSV with different extensions(invoice;as-admin-i-want-to-upload-csv-with-different-extensions)
--------------------------------------------------------------------------------
23:18:13.665 [pool-2-thread-1] DEBUG net.thucydides.core.steps.StepInterceptor - STARTING STEP: InvoiceSteps.adminSuccessAuthUsingNewUserForInvoice - Admin success auth using new user for Invoice
23:18:14.549 [pool-2-thread-1] DEBUG net.thucydides.core.steps.StepInterceptor - STEP DONE: Admin success auth using new user for Invoice
  &amp#27;[32mGiven &amp#27;[0m&amp#27;[32mAdmin success auth using new user for Invoice&amp#27;[0m                                   &amp#27;[90m# starter.stepdefinitions.admin.InvoiceSteps.adminSuccessAuthUsingNewUserForInvoice()&amp#27;[0m
23:18:14.574 [pool-2-thread-1] DEBUG net.thucydides.core.steps.StepInterceptor - STARTING STEP: InvoiceSteps.adminSetPOSTApiEndpointForInvoice - Admin set POST api endpoint for Invoice
23:18:14.575 [pool-2-thread-1] DEBUG net.thucydides.core.steps.StepInterceptor - STEP DONE: Admin set POST api endpoint for Invoice
  &amp#27;[32mWhen &amp#27;[0m&amp#27;[32mAdmin set POST api endpoint for Invoice&amp#27;[0m                                          &amp#27;[90m# starter.stepdefinitions.admin.InvoiceSteps.adminSetPOSTApiEndpointForInvoice()&amp#27;[0m
23:18:14.595 [pool-2-thread-1] DEBUG net.thucydides.core.steps.StepInterceptor - STARTING STEP: InvoiceSteps.adminSendPOSTHTTPRequestForInvoiceWithDifferentExtensions - Admin send POST HTTP request for Invoice with different extensions
23:18:14.606 [pool-2-thread-1] DEBUG net.thucydides.core.steps.StepInterceptor - STARTING STEP: Post.sendHttpForDifferent - Admin set POST api endpoint for Invoice
23:18:14.607 [pool-2-thread-1] DEBUG net.thucydides.core.steps.StepInterceptor - STEP DONE: Admin set POST api endpoint for Invoice
23:18:15.588 [pool-2-thread-1] DEBUG net.thucydides.core.steps.StepInterceptor - STEP DONE: Admin send POST HTTP request for Invoice with different extensions
  &amp#27;[32mAnd &amp#27;[0m&amp#27;[32mAdmin send POST HTTP request for Invoice with different extensions&amp#27;[0m                &amp#27;[90m# starter.stepdefinitions.admin.InvoiceSteps.adminSendPOSTHTTPRequestForInvoiceWithDifferentExtensions()&amp#27;[0m
23:18:15.604 [pool-2-thread-1] DEBUG net.thucydides.core.steps.StepInterceptor - STARTING STEP: InvoiceSteps.adminReceiveValidHTTPResponseCodeForInvoiceWithDifferentExtensions - Admin receive valid HTTP response code 400 for Invoice with different extensions
23:18:15.607 [pool-2-thread-1] DEBUG net.thucydides.core.steps.StepInterceptor - STEP DONE: Admin receive valid HTTP response code 400 for Invoice with different extensions
  &amp#27;[32mThen &amp#27;[0m&amp#27;[32mAdmin receive valid HTTP response code 400 for Invoice with different extensions&amp#27;[0m &amp#27;[90m# starter.stepdefinitions.admin.InvoiceSteps.adminReceiveValidHTTPResponseCodeForInvoiceWithDifferentExtensions()&amp#27;[0m
23:18:15.642 [pool-2-thread-1] DEBUG net.thucydides.core.steps.StepInterceptor - STARTING STEP: InvoiceSteps.adminReceiveMessageInvalidExtensionFile - Admin receive message invalid extension file
23:18:15.717 [pool-2-thread-1] DEBUG net.thucydides.core.steps.StepInterceptor - STEP DONE: Admin receive message invalid extension file
  &amp#27;[32mAnd &amp#27;[0m&amp#27;[32mAdmin receive message invalid extension file&amp#27;[0m                                      &amp#27;[90m# starter.stepdefinitions.admin.InvoiceSteps.adminReceiveMessageInvalidExtensionFile()&amp#27;[0m
23:18:15.741 [pool-2-thread-1] INFO  - 
  _____   ___   ___   _____     ___     _     ___   ___   ___   ___  
 |_   _| | __| / __| |_   _|   | _ \   /_\   / __| / __| | __| |   \ 
   | |   | _|  \__ \   | |     |  _/  / _ \  \__ \ \__ \ | _|  | |) |
   |_|   |___| |___/   |_|     |_|   /_/ \_\ |___/ |___/ |___| |___/ 

As Admin I want to Upload CSV with different extensions
----------------------------------------------------------------------
]]></system-out>
  </testcase>
</testsuite>