<?xml version="1.0" encoding="UTF-8"?><testsuite errors="0" failures="1" name="Login" skipped="0" tests="5" time="8.83" timestamp="2022-07-21 11:18:15"><testcase name="POST - As admin I want to login with valid idpegawai and password"/><testcase name="As admin I want to login with valid idpegawai and invalid password"/><testcase name="As As admin I want to login with invalid idpegawai and valid password"/><testcase name="As admin I want to login with null idpegawai and password"/><testcase name="As admin I want to login with unregistered data"><failure message="expected:&lt;null&gt; but was:&lt;bad request&gt;" type="java.lang.AssertionError">expected:&lt;null&gt; but was:&lt;bad request&gt;</failure><system-err>expected:&lt;null&gt; but was:&lt;bad request&gt;&#13;
automationApi.Capstone@1.0-SNAPSHOT/starter.login.Post.receiveMessageBadRequest(Post.java:99)&#13;
automationApi.Capstone@1.0-SNAPSHOT/starter.stepdefinitions.admin.LoginSteps.adminReceiveMessageBadRequest(LoginSteps.java:70)&#13;
✽.Admin receive message bad request(file:///C:/Users/Ani/IdeaProjects/automationApi-Capstone/src/test/resources/features/admin/Login.feature:33)&#13;
</system-err></testcase></testsuite>