<?xml version="1.0" encoding="UTF-8"?><testsuite errors="0" failures="1" name="Register" skipped="0" tests="2" time="3.05" timestamp="2022-07-21 05:46:58"><testcase name="As Admin I have be able to create new user with valid data"/><testcase name="As Admin I have be able to create new user with registered data"><failure message="1 expectation failed.&#10;Expected status code &lt;406&gt; but was &lt;201&gt;.&#10;" type="java.lang.AssertionError">1 expectation failed.
Expected status code &lt;406&gt; but was &lt;201&gt;.
</failure><system-err>1 expectation failed.
Expected status code &lt;406&gt; but was &lt;201&gt;.
&#13;
io.restassured.internal.ResponseSpecificationImpl.validateResponseIfRequired(ResponseSpecificationImpl.groovy:674)&#13;
io.restassured.internal.ResponseSpecificationImpl.statusCode(ResponseSpecificationImpl.groovy:126)&#13;
io.restassured.internal.ResponseSpecificationImpl.statusCode(ResponseSpecificationImpl.groovy:134)&#13;
io.restassured.internal.ValidatableResponseOptionsImpl.statusCode(ValidatableResponseOptionsImpl.java:89)&#13;
io.restassured.internal.ValidatableResponseImpl.super$2$statusCode(ValidatableResponseImpl.groovy)&#13;
groovy.lang.MetaMethod.doMethodInvoke(MetaMethod.java:323)&#13;
groovy.lang.MetaClassImpl.invokeMethod(MetaClassImpl.java:1267)&#13;
io.restassured.internal.ValidatableResponseImpl.statusCode(ValidatableResponseImpl.groovy:142)&#13;
io.restassured.internal.ValidatableResponseImpl.statusCode(ValidatableResponseImpl.groovy)&#13;
automationApi.Capstone@1.0-SNAPSHOT/starter.register.Post.lambda$adminReceveiveCode406$1(Post.java:62)&#13;
net.serenitybdd.rest.SerenityRest.restAssuredThat(SerenityRest.java:626)&#13;
automationApi.Capstone@1.0-SNAPSHOT/starter.register.Post.adminReceveiveCode406(Post.java:62)&#13;
automationApi.Capstone@1.0-SNAPSHOT/starter.stepdefinitions.admin.RegisterSteps.adminReceiveValidHTTPResponseCode(RegisterSteps.java:40)&#13;
âœ½.Admin receive valid HTTP response code 406(file:///C:/Users/Ani/IdeaProjects/automationApi-Capstone/src/test/resources/features/admin/Register.feature:26)&#13;
</system-err></testcase></testsuite>